
*** Running vivado
    with args -log system_top.vdi -applog -m64 -product Vivado -messageDb vivado.pb -mode batch -source system_top.tcl -notrace



****** Vivado v2021.1 (64-bit)
  **** SW Build 3247384 on Thu Jun 10 19:36:33 MDT 2021
  **** IP Build 3246043 on Fri Jun 11 00:30:35 MDT 2021
    ** Copyright 1986-2021 Xilinx, Inc. All Rights Reserved.

source system_top.tcl -notrace
Command: open_checkpoint D:/projects/adi_hdl/projects/fmcomms2/kcu105/fmcomms2_kcu105.runs/impl_1/system_top.dcp

Time (s): cpu = 00:00:00 ; elapsed = 00:00:00.041 . Memory (MB): peak = 1142.266 ; gain = 6.293
INFO: [Device 21-403] Loading part xcku040-ffva1156-2-e
Netlist sorting complete. Time (s): cpu = 00:00:05 ; elapsed = 00:00:05 . Memory (MB): peak = 1491.105 ; gain = 26.305
INFO: [Netlist 29-17] Analyzing 3735 Unisim elements for replacement
INFO: [Netlist 29-28] Unisim Transformation completed in 2 CPU seconds
INFO: [Project 1-479] Netlist was created with Vivado 2021.1
INFO: [Project 1-570] Preparing netlist for logic optimization
INFO: [Timing 38-478] Restoring timing data from binary archive.
INFO: [Timing 38-479] Binary timing data restore complete.
INFO: [Project 1-856] Restoring constraints from binary archive.
INFO: [Project 1-853] Binary constraint restore complete.
Reading XDEF placement.
Reading placer database...
Reading XDEF routing.
Read XDEF File: Time (s): cpu = 00:00:00 ; elapsed = 00:00:00.170 . Memory (MB): peak = 2536.738 ; gain = 0.000
Restored from archive | CPU: 0.000000 secs | Memory: 0.000000 MB |
Finished XDEF File Restore: Time (s): cpu = 00:00:00 ; elapsed = 00:00:00.171 . Memory (MB): peak = 2536.738 ; gain = 0.000
INFO: [IP_Flow 19-234] Refreshing IP repositories
INFO: [IP_Flow 19-1704] No user IP repositories specified
INFO: [IP_Flow 19-2313] Loaded Vivado IP repository 'C:/Xilinx_/Vivado/2021.1/data/ip'.
Netlist sorting complete. Time (s): cpu = 00:00:01 ; elapsed = 00:00:00.084 . Memory (MB): peak = 2536.738 ; gain = 0.000
INFO: [Project 1-111] Unisim Transformation Summary:
  A total of 1276 instances were transformed.
  DSP48E => DSP48E2 (DSP_ALU, DSP_A_B_DATA, DSP_C_DATA, DSP_MULTIPLIER, DSP_M_DATA, DSP_OUTPUT, DSP_PREADD, DSP_PREADD_DATA): 24 instances
  DSP48E1 => DSP48E2 (DSP_ALU, DSP_A_B_DATA, DSP_C_DATA, DSP_MULTIPLIER, DSP_M_DATA, DSP_OUTPUT, DSP_PREADD, DSP_PREADD_DATA): 11 instances
  IBUF => IBUF (IBUFCTRL, INBUF): 11 instances
  IBUFDS => IBUFDS (DIFFINBUF, IBUFCTRL): 8 instances
  IBUFDS_DIFF_OUT => IBUFDS_DIFF_OUT (DIFFINBUF, IBUFCTRL(x2)): 1 instance 
  IBUFGDS => IBUFDS (DIFFINBUF, IBUFCTRL): 2 instances
  IOBUF => IOBUF (IBUFCTRL, INBUF, OBUFT): 20 instances
  IOBUFDS => IOBUFDS (DIFFINBUF, IBUFCTRL, INV, OBUFT(x2)): 8 instances
  IOBUFE3 => IOBUFE3 (IBUFCTRL, INBUF, OBUFT_DCIEN): 72 instances
  LUT6_2 => LUT6_2 (LUT5, LUT6): 111 instances
  OBUFDS => OBUFDS_DUAL_BUF (INV, OBUF(x2)): 2 instances
  RAM16X1D => RAM32X1D (RAMD32(x2)): 10 instances
  RAM32M => RAM32M (RAMD32(x6), RAMS32(x2)): 245 instances
  RAM32M16 => RAM32M16 (RAMD32(x14), RAMS32(x2)): 528 instances
  RAM32X1D => RAM32X1D (RAMD32(x2)): 48 instances
  RAM64M8 => RAM64M8 (RAMD64E(x8)): 15 instances
  RAM64X1D => RAM64X1D (RAMD64E(x2)): 160 instances

INFO: [Project 1-604] Checkpoint was created with Vivado v2021.1 (64-bit) build 3247384
open_checkpoint: Time (s): cpu = 00:00:49 ; elapsed = 00:00:49 . Memory (MB): peak = 2536.738 ; gain = 1406.301
INFO: [IP_Flow 19-234] Refreshing IP repositories
INFO: [IP_Flow 19-1700] Loaded user IP repository 'd:/projects/adi_hdl/library'.
WARNING: [IP_Flow 19-2248] Failed to load user IP repository 'd:/projects/ghdl/library'; Can't find the specified path.
If this directory should no longer be in your list of user repositories, go to the IP Settings dialog and remove it.
Command: opt_design
Attempting to get a license for feature 'Implementation' and/or device 'xcku040'
INFO: [Common 17-349] Got license for feature 'Implementation' and/or device 'xcku040'
Running DRC as a precondition to command opt_design

Starting DRC Task
INFO: [DRC 23-27] Running DRC with 2 threads
INFO: [Project 1-461] DRC finished with 0 Errors
INFO: [Project 1-462] Please refer to the DRC report (report_drc) for more information.

Time (s): cpu = 00:00:04 ; elapsed = 00:00:02 . Memory (MB): peak = 2536.738 ; gain = 0.000

Starting Cache Timing Information Task
Ending Cache Timing Information Task | Checksum: 16a0f9db3

Time (s): cpu = 00:00:01 ; elapsed = 00:00:00.916 . Memory (MB): peak = 2536.738 ; gain = 0.000

Starting Logic Optimization Task

Phase 1 Generate And Synthesize MIG Cores
INFO: [IP_Flow 19-5647] Added synthesis output to IP cache for IP system_axi_ddr_cntrl_0_phy, cache-ID = a06f3fc9852c8be5
get_clocks: Time (s): cpu = 00:00:11 ; elapsed = 00:00:06 . Memory (MB): peak = 2760.094 ; gain = 0.000
read_xdc: Time (s): cpu = 00:00:22 ; elapsed = 00:00:15 . Memory (MB): peak = 2771.168 ; gain = 11.074
Netlist sorting complete. Time (s): cpu = 00:00:00 ; elapsed = 00:00:00.102 . Memory (MB): peak = 2771.168 ; gain = 0.000
Phase 1 Generate And Synthesize MIG Cores | Checksum: 20b65587e

Time (s): cpu = 00:00:46 ; elapsed = 00:01:34 . Memory (MB): peak = 2771.168 ; gain = 72.547

Phase 2 Generate And Synthesize Debug Cores
INFO: [Chipscope 16-329] Generating Script for core instance : dbg_hub 
INFO: [IP_Flow 19-3806] Processing IP xilinx.com:ip:xsdbm:3.0 for cell dbg_hub_CV.
get_clocks: Time (s): cpu = 00:00:14 ; elapsed = 00:00:08 . Memory (MB): peak = 2771.168 ; gain = 0.000
Netlist sorting complete. Time (s): cpu = 00:00:00 ; elapsed = 00:00:00.175 . Memory (MB): peak = 2771.168 ; gain = 0.000
Phase 2 Generate And Synthesize Debug Cores | Checksum: d813c53b

Time (s): cpu = 00:01:03 ; elapsed = 00:02:45 . Memory (MB): peak = 2771.168 ; gain = 72.547

Phase 3 Retarget
INFO: [Opt 31-138] Pushed 364 inverter(s) to 10198 load pin(s).
WARNING: [Shape Builder 18-132] Instance i_system_wrapper/system_i/axi_spi/U0/NO_DUAL_QUAD_MODE.QSPI_NORMAL/QSPI_LEGACY_MD_GEN.QSPI_CORE_INTERFACE_I/LOGIC_FOR_MD_0_GEN.SPI_MODULE_I/RATIO_NOT_EQUAL_4_GENERATE.SCK_O_NQ_4_NO_STARTUP_USED.SCK_O_NE_4_FDRE_INST has IOB = TRUE property, but it cannot be placed in an OLOGIC site. i_system_wrapper/system_i/axi_spi/U0/NO_DUAL_QUAD_MODE.QSPI_NORMAL/QSPI_LEGACY_MD_GEN.QSPI_CORE_INTERFACE_I/LOGIC_FOR_MD_0_GEN.SPI_MODULE_I/RATIO_NOT_EQUAL_4_GENERATE.SCK_O_NQ_4_NO_STARTUP_USED.SCK_O_NE_4_FDRE_INST 
	to bel OUT_FF. Instance i_system_wrapper/system_i/axi_spi/U0/NO_DUAL_QUAD_MODE.QSPI_NORMAL/QSPI_LEGACY_MD_GEN.QSPI_CORE_INTERFACE_I/LOGIC_FOR_MD_0_GEN.SPI_MODULE_I/RATIO_NOT_EQUAL_4_GENERATE.SCK_O_NQ_4_NO_STARTUP_USED.SCK_O_NE_4_FDRE_INST cannot be placed in site BITSLICE_RX_TX_X0Y0 because the output signal of the cell requires general routing to fabric and cells placed in OLOGIC can only be routed to delay or I/O site.
INFO: [Opt 31-49] Retargeted 0 cell(s).
Phase 3 Retarget | Checksum: 8cf55fbe

Time (s): cpu = 00:01:18 ; elapsed = 00:02:56 . Memory (MB): peak = 2784.406 ; gain = 85.785
INFO: [Opt 31-389] Phase Retarget created 711 cells and removed 3323 cells
INFO: [Opt 31-1021] In phase Retarget, 400 netlist objects are constrained preventing optimization. Please run opt_design with -debug_log to get more detail. 

Phase 4 Constant propagation
INFO: [Opt 31-138] Pushed 15 inverter(s) to 25 load pin(s).
Phase 4 Constant propagation | Checksum: f602561f

Time (s): cpu = 00:01:20 ; elapsed = 00:02:57 . Memory (MB): peak = 2784.406 ; gain = 85.785
INFO: [Opt 31-389] Phase Constant propagation created 1967 cells and removed 4704 cells
INFO: [Opt 31-1021] In phase Constant propagation, 458 netlist objects are constrained preventing optimization. Please run opt_design with -debug_log to get more detail. 

Phase 5 Sweep
Phase 5 Sweep | Checksum: d31046ea

Time (s): cpu = 00:01:27 ; elapsed = 00:03:05 . Memory (MB): peak = 2784.406 ; gain = 85.785
INFO: [Opt 31-389] Phase Sweep created 0 cells and removed 4875 cells
INFO: [Opt 31-1021] In phase Sweep, 2510 netlist objects are constrained preventing optimization. Please run opt_design with -debug_log to get more detail. 

Phase 6 BUFG optimization
INFO: [Opt 31-194] Inserted BUFG i_system_wrapper/system_i/sys_mb_debug/U0/Use_E2.BSCAN_I/Dbg_Update_0_BUFG_inst to drive 42 load(s) on clock net i_system_wrapper/system_i/sys_mb_debug/U0/Use_E2.BSCAN_I/Dbg_Update_0_BUFGCE
INFO: [Opt 31-193] Inserted 1 BUFG(s) on clock nets
INFO: [Opt 31-1077] Phase BUFG optimization inserted 0 global clock buffer(s) for CLOCK_LOW_FANOUT.
Phase 6 BUFG optimization | Checksum: baae6ce8

Time (s): cpu = 00:01:31 ; elapsed = 00:03:09 . Memory (MB): peak = 2784.406 ; gain = 85.785
INFO: [Opt 31-662] Phase BUFG optimization created 1 cells of which 1 are BUFGs and removed 0 cells.
INFO: [Opt 31-1021] In phase BUFG optimization, 1 netlist objects are constrained preventing optimization. Please run opt_design with -debug_log to get more detail. 

Phase 7 Shift Register Optimization
INFO: [Opt 31-1064] SRL Remap converted 0 SRLs to 0 registers and converted 0 registers of register chains to 0 SRLs
Phase 7 Shift Register Optimization | Checksum: baae6ce8

Time (s): cpu = 00:01:31 ; elapsed = 00:03:09 . Memory (MB): peak = 2784.406 ; gain = 85.785
INFO: [Opt 31-389] Phase Shift Register Optimization created 0 cells and removed 0 cells

Phase 8 Post Processing Netlist
Phase 8 Post Processing Netlist | Checksum: 11435df6b

Time (s): cpu = 00:01:32 ; elapsed = 00:03:10 . Memory (MB): peak = 2784.406 ; gain = 85.785
INFO: [Opt 31-389] Phase Post Processing Netlist created 0 cells and removed 4 cells
INFO: [Opt 31-1021] In phase Post Processing Netlist, 518 netlist objects are constrained preventing optimization. Please run opt_design with -debug_log to get more detail. 
Opt_design Change Summary
=========================


-------------------------------------------------------------------------------------------------------------------------
|  Phase                        |  #Cells created  |  #Cells Removed  |  #Constrained objects preventing optimizations  |
-------------------------------------------------------------------------------------------------------------------------
|  Retarget                     |             711  |            3323  |                                            400  |
|  Constant propagation         |            1967  |            4704  |                                            458  |
|  Sweep                        |               0  |            4875  |                                           2510  |
|  BUFG optimization            |               1  |               0  |                                              1  |
|  Shift Register Optimization  |               0  |               0  |                                              0  |
|  Post Processing Netlist      |               0  |               4  |                                            518  |
-------------------------------------------------------------------------------------------------------------------------



Starting Connectivity Check Task

Time (s): cpu = 00:00:01 ; elapsed = 00:00:00.254 . Memory (MB): peak = 2784.406 ; gain = 0.000
Ending Logic Optimization Task | Checksum: 15f20280c

Time (s): cpu = 00:01:36 ; elapsed = 00:03:13 . Memory (MB): peak = 2784.406 ; gain = 85.785

Starting Power Optimization Task
INFO: [Pwropt 34-132] Skipping clock gating for clocks with a period < 2.00 ns.
INFO: [Power 33-23] Power model is not available for xiphy_riu_or
INFO: [Power 33-23] Power model is not available for genVref.u_hpio_vref
INFO: [Pwropt 34-9] Applying IDT optimizations ...
INFO: [Pwropt 34-10] Applying ODC optimizations ...
INFO: [Timing 38-35] Done setting XDC timing constraints.
Running Vector-less Activity Propagation...

Finished Running Vector-less Activity Propagation


Starting PowerOpt Patch Enables Task
INFO: [Pwropt 34-162] WRITE_MODE attribute of 5 BRAM(s) out of a total of 81 has been updated to save power. Run report_power_opt to get a complete listing of the BRAMs updated.
INFO: [Timing 38-35] Done setting XDC timing constraints.
INFO: [Pwropt 34-201] Structural ODC has moved 6 WE to EN ports
Number of BRAM Ports augmented: 2 newly gated: 12 Total Ports: 162
Ending PowerOpt Patch Enables Task | Checksum: 1c48c044f

Time (s): cpu = 00:00:15 ; elapsed = 00:00:09 . Memory (MB): peak = 3696.188 ; gain = 0.000
Ending Power Optimization Task | Checksum: 1c48c044f

Time (s): cpu = 00:01:13 ; elapsed = 00:00:40 . Memory (MB): peak = 3696.188 ; gain = 911.781

Starting Final Cleanup Task

Starting Logic Optimization Task
INFO: [Timing 38-35] Done setting XDC timing constraints.
Ending Logic Optimization Task | Checksum: 1bc2440dc

Time (s): cpu = 00:00:27 ; elapsed = 00:00:18 . Memory (MB): peak = 3696.188 ; gain = 0.000
Ending Final Cleanup Task | Checksum: 1bc2440dc

Time (s): cpu = 00:00:30 ; elapsed = 00:00:21 . Memory (MB): peak = 3696.188 ; gain = 0.000

Starting Netlist Obfuscation Task
Netlist sorting complete. Time (s): cpu = 00:00:00 ; elapsed = 00:00:00.077 . Memory (MB): peak = 3696.188 ; gain = 0.000
Ending Netlist Obfuscation Task | Checksum: 1bc2440dc

Time (s): cpu = 00:00:00 ; elapsed = 00:00:00.077 . Memory (MB): peak = 3696.188 ; gain = 0.000
INFO: [Common 17-83] Releasing license: Implementation
60 Infos, 188 Warnings, 0 Critical Warnings and 0 Errors encountered.
opt_design completed successfully
opt_design: Time (s): cpu = 00:03:27 ; elapsed = 00:04:21 . Memory (MB): peak = 3696.188 ; gain = 1159.449
INFO: [Timing 38-35] Done setting XDC timing constraints.
INFO: [Timing 38-480] Writing timing data to binary archive.
Writing placer database...
Writing XDEF routing.
Writing XDEF routing logical nets.
Writing XDEF routing special nets.
Write XDEF Complete: Time (s): cpu = 00:00:01 ; elapsed = 00:00:00.207 . Memory (MB): peak = 3696.188 ; gain = 0.000
INFO: [Common 17-1381] The checkpoint 'D:/projects/adi_hdl/projects/fmcomms2/kcu105/fmcomms2_kcu105.runs/impl_1/system_top_opt.dcp' has been generated.
write_checkpoint: Time (s): cpu = 00:00:59 ; elapsed = 00:00:33 . Memory (MB): peak = 3696.188 ; gain = 0.000
INFO: [runtcl-4] Executing : report_drc -file system_top_drc_opted.rpt -pb system_top_drc_opted.pb -rpx system_top_drc_opted.rpx
Command: report_drc -file system_top_drc_opted.rpt -pb system_top_drc_opted.pb -rpx system_top_drc_opted.rpx
INFO: [IP_Flow 19-1839] IP Catalog is up to date.
INFO: [DRC 23-27] Running DRC with 2 threads
INFO: [Vivado_Tcl 2-168] The results of DRC are in file D:/projects/adi_hdl/projects/fmcomms2/kcu105/fmcomms2_kcu105.runs/impl_1/system_top_drc_opted.rpt.
report_drc completed successfully
report_drc: Time (s): cpu = 00:01:11 ; elapsed = 00:00:49 . Memory (MB): peak = 4125.902 ; gain = 429.715
INFO: [Chipscope 16-240] Debug cores have already been implemented
Command: place_design -directive ExtraPostPlacementOpt
Attempting to get a license for feature 'Implementation' and/or device 'xcku040'
INFO: [Common 17-349] Got license for feature 'Implementation' and/or device 'xcku040'
INFO: [DRC 23-27] Running DRC with 2 threads
INFO: [Vivado_Tcl 4-198] DRC finished with 0 Errors
INFO: [Vivado_Tcl 4-199] Please refer to the DRC report (report_drc) for more information.
Running DRC as a precondition to command place_design
INFO: [DRC 23-27] Running DRC with 2 threads
WARNING: [DRC REQP-1853] BUFGCE_DIV_cascade_from_clock_buf: Cascaded clock buffers exist in the design with constant CE pin. This may result in large clock skew and timing violations. Cell BUFGCE_DIV i_system_wrapper/system_i/util_ad9361_divclk/inst/clk_divide_sel_0 I pin is driven by another clock buffer i_system_wrapper/system_i/axi_ad9361/inst/i_dev_if/i_clk/i_clk_gbuf.
WARNING: [DRC REQP-1853] BUFGCE_DIV_cascade_from_clock_buf: Cascaded clock buffers exist in the design with constant CE pin. This may result in large clock skew and timing violations. Cell BUFGCE_DIV i_system_wrapper/system_i/util_ad9361_divclk/inst/clk_divide_sel_1 I pin is driven by another clock buffer i_system_wrapper/system_i/axi_ad9361/inst/i_dev_if/i_clk/i_clk_gbuf.
INFO: [Vivado_Tcl 4-198] DRC finished with 0 Errors, 2 Warnings
INFO: [Vivado_Tcl 4-199] Please refer to the DRC report (report_drc) for more information.

Starting Placer Task
INFO: [Place 46-5] The placer was invoked with the 'ExtraPostPlacementOpt' directive.
INFO: [Place 30-611] Multithreading enabled for place_design using a maximum of 2 CPUs

Phase 1 Placer Initialization

Phase 1.1 Placer Initialization Netlist Sorting
Netlist sorting complete. Time (s): cpu = 00:00:00 ; elapsed = 00:00:00.083 . Memory (MB): peak = 4125.902 ; gain = 0.000
Phase 1.1 Placer Initialization Netlist Sorting | Checksum: 11efb8968

Time (s): cpu = 00:00:00 ; elapsed = 00:00:00.168 . Memory (MB): peak = 4125.902 ; gain = 0.000
Netlist sorting complete. Time (s): cpu = 00:00:01 ; elapsed = 00:00:00.081 . Memory (MB): peak = 4125.902 ; gain = 0.000

Phase 1.2 IO Placement/ Clock Placement/ Build Placer Device
Phase 1.2 IO Placement/ Clock Placement/ Build Placer Device | Checksum: 183862c80

Time (s): cpu = 00:00:27 ; elapsed = 00:00:22 . Memory (MB): peak = 4125.902 ; gain = 0.000

Phase 1.3 Build Placer Netlist Model
Phase 1.3 Build Placer Netlist Model | Checksum: 1a2d64d8c

Time (s): cpu = 00:01:23 ; elapsed = 00:00:59 . Memory (MB): peak = 4125.902 ; gain = 0.000

Phase 1.4 Constrain Clocks/Macros
Phase 1.4 Constrain Clocks/Macros | Checksum: 1a2d64d8c

Time (s): cpu = 00:01:23 ; elapsed = 00:00:59 . Memory (MB): peak = 4125.902 ; gain = 0.000
Phase 1 Placer Initialization | Checksum: 1a2d64d8c

Time (s): cpu = 00:01:23 ; elapsed = 00:01:00 . Memory (MB): peak = 4125.902 ; gain = 0.000

Phase 2 Global Placement

Phase 2.1 Floorplanning
Phase 2.1 Floorplanning | Checksum: 16876506c

Time (s): cpu = 00:01:42 ; elapsed = 00:01:11 . Memory (MB): peak = 4125.902 ; gain = 0.000

Phase 2.2 Update Timing before SLR Path Opt
Phase 2.2 Update Timing before SLR Path Opt | Checksum: 1e24155eb

Time (s): cpu = 00:01:55 ; elapsed = 00:01:19 . Memory (MB): peak = 4125.902 ; gain = 0.000

Phase 2.3 Post-Processing in Floorplanning
Phase 2.3 Post-Processing in Floorplanning | Checksum: 22c29ead1

Time (s): cpu = 00:01:56 ; elapsed = 00:01:19 . Memory (MB): peak = 4125.902 ; gain = 0.000

Phase 2.4 Global Placement Core

Phase 2.4.1 Physical Synthesis In Placer
INFO: [Physopt 32-1035] Found 9 LUTNM shape to break, 3278 LUT instances to create LUTNM shape
INFO: [Physopt 32-1044] Break lutnm for timing: one critical 8, two critical 1, total 9, new lutff created 0
INFO: [Physopt 32-1138] End 1 Pass. Optimized 1418 nets or LUTs. Breaked 9 LUTs, combined 1409 existing LUTs and moved 0 existing LUT
INFO: [Physopt 32-76] Pass 1. Identified 4 candidate nets for fanout optimization.
INFO: [Physopt 32-81] Processed net i_system_wrapper/system_i/axi_ddr_cntrl/inst/u_ddr4_mem_intfc/u_ddr_cal_top/u_ddr_cal/u_ddr_cal_addr_decode/u_ddr_cal_cplx/cplx_cal. Replicated 7 times.
INFO: [Physopt 32-81] Processed net i_system_wrapper/system_i/axi_ad9361/inst/i_rx/i_up_adc_common/i_xfer_cntrl/d_data_cntrl_int_reg[3]_0[0]. Replicated 7 times.
INFO: [Physopt 32-81] Processed net i_system_wrapper/system_i/axi_ddr_cntrl/inst/u_ddr4_mem_intfc/u_ddr_ui/u_ddr_ui_wr_data/app_wdf_rdy_r. Replicated 7 times.
INFO: [Physopt 32-81] Processed net i_system_wrapper/system_i/axi_ddr_cntrl/inst/u_ddr4_mem_intfc/u_ddr_ui/u_ddr_ui_wr_data/app_wdf_rdy_r_copy2. Replicated 5 times.
INFO: [Physopt 32-232] Optimized 4 nets. Created 38 new instances.
INFO: [Physopt 32-775] End 1 Pass. Optimized 4 nets or cells. Created 38 new cells, deleted 0 existing cell and moved 0 existing cell
Netlist sorting complete. Time (s): cpu = 00:00:01 ; elapsed = 00:00:00.351 . Memory (MB): peak = 4125.902 ; gain = 0.000
INFO: [Physopt 32-456] No candidate cells for DSP register optimization found in the design.
INFO: [Physopt 32-775] End 2 Pass. Optimized 0 net or cell. Created 0 new cell, deleted 0 existing cell and moved 0 existing cell
INFO: [Physopt 32-1123] No candidate cells found for Shift Register to Pipeline optimization
INFO: [Physopt 32-775] End 1 Pass. Optimized 0 net or cell. Created 0 new cell, deleted 0 existing cell and moved 0 existing cell
INFO: [Physopt 32-677] No candidate cells for Shift Register optimization found in the design
INFO: [Physopt 32-775] End 1 Pass. Optimized 0 net or cell. Created 0 new cell, deleted 0 existing cell and moved 0 existing cell
INFO: [Physopt 32-527] Pass 1: Identified 1 candidate cell for BRAM register optimization
INFO: [Physopt 32-666] Processed cell i_system_wrapper/system_i/axi_ddr_cntrl/inst/u_ddr4_mem_intfc/u_ddr_cal_top/u_ddr_cal/DDR_XSDB_BRAM/mem_inst/gen_mem[0].inst/mem_reg_bram_0. No change.
INFO: [Physopt 32-775] End 1 Pass. Optimized 0 net or cell. Created 0 new cell, deleted 0 existing cell and moved 0 existing cell
Netlist sorting complete. Time (s): cpu = 00:00:00 ; elapsed = 00:00:00.069 . Memory (MB): peak = 4125.902 ; gain = 0.000
INFO: [Physopt 32-846] No candidate cells for URAM register optimization found in the design
INFO: [Physopt 32-775] End 2 Pass. Optimized 0 net or cell. Created 0 new cell, deleted 0 existing cell and moved 0 existing cell
INFO: [Physopt 32-949] No candidate nets found for dynamic/static region interface net replication
INFO: [Physopt 32-775] End 1 Pass. Optimized 0 net or cell. Created 0 new cell, deleted 0 existing cell and moved 0 existing cell
Netlist sorting complete. Time (s): cpu = 00:00:00 ; elapsed = 00:00:00.077 . Memory (MB): peak = 4125.902 ; gain = 0.000

Summary of Physical Synthesis Optimizations
============================================


-----------------------------------------------------------------------------------------------------------------------------------------------------------
|  Optimization                                     |  Added Cells  |  Removed Cells  |  Optimized Cells/Nets  |  Dont Touch  |  Iterations  |  Elapsed   |
-----------------------------------------------------------------------------------------------------------------------------------------------------------
|  LUT Combining                                    |            9  |           1409  |                  1418  |           0  |           1  |  00:00:02  |
|  Retime                                           |            0  |              0  |                     0  |           0  |           1  |  00:00:00  |
|  Very High Fanout                                 |           38  |              0  |                     4  |           0  |           1  |  00:00:02  |
|  DSP Register                                     |            0  |              0  |                     0  |           0  |           1  |  00:00:00  |
|  Shift Register to Pipeline                       |            0  |              0  |                     0  |           0  |           1  |  00:00:00  |
|  Shift Register                                   |            0  |              0  |                     0  |           0  |           1  |  00:00:00  |
|  BRAM Register                                    |            0  |              0  |                     0  |           0  |           1  |  00:00:00  |
|  URAM Register                                    |            0  |              0  |                     0  |           0  |           1  |  00:00:00  |
|  Dynamic/Static Region Interface Net Replication  |            0  |              0  |                     0  |           0  |           1  |  00:00:00  |
|  Total                                            |           47  |           1409  |                  1422  |           0  |           9  |  00:00:04  |
-----------------------------------------------------------------------------------------------------------------------------------------------------------


Phase 2.4.1 Physical Synthesis In Placer | Checksum: 1b61dc8cb

Time (s): cpu = 00:05:13 ; elapsed = 00:03:18 . Memory (MB): peak = 4125.902 ; gain = 0.000
Phase 2.4 Global Placement Core | Checksum: 20fecb401

Time (s): cpu = 00:05:17 ; elapsed = 00:03:22 . Memory (MB): peak = 4125.902 ; gain = 0.000
Phase 2 Global Placement | Checksum: 20fecb401

Time (s): cpu = 00:05:17 ; elapsed = 00:03:22 . Memory (MB): peak = 4125.902 ; gain = 0.000

Phase 3 Detail Placement

Phase 3.1 Commit Multi Column Macros
Phase 3.1 Commit Multi Column Macros | Checksum: 14ee66353

Time (s): cpu = 00:05:32 ; elapsed = 00:03:30 . Memory (MB): peak = 4125.902 ; gain = 0.000

Phase 3.2 Commit Most Macros & LUTRAMs
Phase 3.2 Commit Most Macros & LUTRAMs | Checksum: 26c449022

Time (s): cpu = 00:05:58 ; elapsed = 00:03:46 . Memory (MB): peak = 4125.902 ; gain = 0.000

Phase 3.3 Small Shape DP

Phase 3.3.1 Small Shape Clustering
Phase 3.3.1 Small Shape Clustering | Checksum: 27fe33040

Time (s): cpu = 00:06:35 ; elapsed = 00:04:11 . Memory (MB): peak = 4125.902 ; gain = 0.000

Phase 3.3.2 DP Optimization
Phase 3.3.2 DP Optimization | Checksum: 2771b4861

Time (s): cpu = 00:07:38 ; elapsed = 00:04:48 . Memory (MB): peak = 4125.902 ; gain = 0.000

Phase 3.3.3 Flow Legalize Slice Clusters
Phase 3.3.3 Flow Legalize Slice Clusters | Checksum: 22c13b3bf

Time (s): cpu = 00:07:39 ; elapsed = 00:04:49 . Memory (MB): peak = 4125.902 ; gain = 0.000

Phase 3.3.4 Slice Area Swap
Phase 3.3.4 Slice Area Swap | Checksum: 1cc9a7dc5

Time (s): cpu = 00:07:58 ; elapsed = 00:05:04 . Memory (MB): peak = 4125.902 ; gain = 0.000
Phase 3.3 Small Shape DP | Checksum: 235364285

Time (s): cpu = 00:08:24 ; elapsed = 00:05:18 . Memory (MB): peak = 4125.902 ; gain = 0.000

Phase 3.4 Re-assign LUT pins
Phase 3.4 Re-assign LUT pins | Checksum: 18a3de24d

Time (s): cpu = 00:08:29 ; elapsed = 00:05:25 . Memory (MB): peak = 4125.902 ; gain = 0.000

Phase 3.5 Pipeline Register Optimization
Phase 3.5 Pipeline Register Optimization | Checksum: 1f9bfee3e

Time (s): cpu = 00:08:30 ; elapsed = 00:05:26 . Memory (MB): peak = 4125.902 ; gain = 0.000

Phase 3.6 Fast Optimization
Phase 3.6 Fast Optimization | Checksum: 1924d5b5c

Time (s): cpu = 00:09:49 ; elapsed = 00:06:10 . Memory (MB): peak = 4125.902 ; gain = 0.000
Phase 3 Detail Placement | Checksum: 1924d5b5c

Time (s): cpu = 00:09:50 ; elapsed = 00:06:11 . Memory (MB): peak = 4125.902 ; gain = 0.000

Phase 4 Post Placement Optimization and Clean-Up

Phase 4.1 Post Commit Optimization
INFO: [Timing 38-35] Done setting XDC timing constraints.

Phase 4.1.1 Post Placement Optimization
Post Placement Optimization Initialization | Checksum: 1a0686ed9

Phase 4.1.1.1 BUFG Insertion

Starting Physical Synthesis Task

Phase 1 Physical Synthesis Initialization
INFO: [Physopt 32-721] Multithreading enabled for phys_opt_design using a maximum of 2 CPUs
INFO: [Physopt 32-619] Estimated Timing Summary | WNS=0.041 | TNS=0.000 |
Phase 1 Physical Synthesis Initialization | Checksum: 229c45e3b

Time (s): cpu = 00:00:11 ; elapsed = 00:00:06 . Memory (MB): peak = 4175.758 ; gain = 0.000
INFO: [Place 46-35] Processed net i_system_wrapper/system_i/sys_rstgen/U0/peripheral_aresetn[0], inserted BUFG to drive 5440 loads.
INFO: [Place 46-45] Replicated bufg driver i_system_wrapper/system_i/sys_rstgen/U0/ACTIVE_LOW_PR_OUT_DFF[0].FDRE_PER_N_replica
INFO: [Place 46-35] Processed net i_system_wrapper/system_i/sys_mb/U0/MicroBlaze_Core_I/sync_reset, inserted BUFG to drive 1510 loads.
INFO: [Place 46-45] Replicated bufg driver i_system_wrapper/system_i/sys_mb/U0/MicroBlaze_Core_I/Use_Async_Reset.sync_reset_reg_replica
INFO: [Place 46-56] BUFG insertion identified 2 candidate nets. Inserted BUFG: 2, Replicated BUFG Driver: 2, Skipped due to Placement/Routing Conflicts: 0, Skipped due to Timing Degradation: 0, Skipped due to Illegal Netlist: 0.
Ending Physical Synthesis Task | Checksum: 17ebfcdb7

Time (s): cpu = 00:00:18 ; elapsed = 00:00:11 . Memory (MB): peak = 4175.758 ; gain = 0.000
Phase 4.1.1.1 BUFG Insertion | Checksum: fd4379e5

Time (s): cpu = 00:11:33 ; elapsed = 00:07:14 . Memory (MB): peak = 4175.758 ; gain = 49.855

Phase 4.1.1.2 Post Placement Timing Optimization
INFO: [Place 30-746] Post Placement Timing Summary WNS=0.292. For the most accurate timing information please run report_timing.
Phase 4.1.1.2 Post Placement Timing Optimization | Checksum: 1a51e28ea

Time (s): cpu = 00:13:14 ; elapsed = 00:09:00 . Memory (MB): peak = 4175.758 ; gain = 49.855

Time (s): cpu = 00:13:14 ; elapsed = 00:09:00 . Memory (MB): peak = 4175.758 ; gain = 49.855
Phase 4.1 Post Commit Optimization | Checksum: 1a51e28ea

Time (s): cpu = 00:13:15 ; elapsed = 00:09:01 . Memory (MB): peak = 4175.758 ; gain = 49.855
Post Placement Optimization Initialization | Checksum: 239d7d3dc

Starting Physical Synthesis Task

Phase 1 Physical Synthesis Initialization
INFO: [Physopt 32-721] Multithreading enabled for phys_opt_design using a maximum of 2 CPUs
INFO: [Physopt 32-619] Estimated Timing Summary | WNS=0.292 | TNS=0.000 |
Phase 1 Physical Synthesis Initialization | Checksum: 22a2244b2

Time (s): cpu = 00:00:10 ; elapsed = 00:00:06 . Memory (MB): peak = 4175.758 ; gain = 0.000
INFO: [Place 46-56] BUFG insertion identified 0 candidate nets. Inserted BUFG: 0, Replicated BUFG Driver: 0, Skipped due to Placement/Routing Conflicts: 0, Skipped due to Timing Degradation: 0, Skipped due to Illegal Netlist: 0.
Ending Physical Synthesis Task | Checksum: 20a1e2a7c

Time (s): cpu = 00:00:14 ; elapsed = 00:00:08 . Memory (MB): peak = 4175.758 ; gain = 0.000
INFO: [Place 30-746] Post Placement Timing Summary WNS=0.292. For the most accurate timing information please run report_timing.
Netlist sorting complete. Time (s): cpu = 00:00:01 ; elapsed = 00:00:00.416 . Memory (MB): peak = 4175.758 ; gain = 0.000

Phase 4.2 Post Placement Cleanup
Phase 4.2 Post Placement Cleanup | Checksum: 277077d0c

Time (s): cpu = 00:15:14 ; elapsed = 00:10:24 . Memory (MB): peak = 4175.758 ; gain = 49.855

Phase 4.3 Placer Reporting

Phase 4.3.1 Print Estimated Congestion
INFO: [Place 30-612] Post-Placement Estimated Congestion 
 ____________________________________________________
|           | Global Congestion | Short Congestion  |
| Direction | Region Size       | Region Size       |
|___________|___________________|___________________|
|      North|                8x8|                4x4|
|___________|___________________|___________________|
|      South|                8x8|                8x8|
|___________|___________________|___________________|
|       East|                4x4|                8x8|
|___________|___________________|___________________|
|       West|                4x4|                8x8|
|___________|___________________|___________________|

Phase 4.3.1 Print Estimated Congestion | Checksum: 277077d0c

Time (s): cpu = 00:15:15 ; elapsed = 00:10:25 . Memory (MB): peak = 4175.758 ; gain = 49.855
Phase 4.3 Placer Reporting | Checksum: 277077d0c

Time (s): cpu = 00:15:15 ; elapsed = 00:10:25 . Memory (MB): peak = 4175.758 ; gain = 49.855

Phase 4.4 Final Placement Cleanup
Netlist sorting complete. Time (s): cpu = 00:00:00 ; elapsed = 00:00:00.080 . Memory (MB): peak = 4175.758 ; gain = 0.000

Time (s): cpu = 00:15:15 ; elapsed = 00:10:25 . Memory (MB): peak = 4175.758 ; gain = 49.855
Phase 4 Post Placement Optimization and Clean-Up | Checksum: 20f0fd7e6

Time (s): cpu = 00:15:16 ; elapsed = 00:10:26 . Memory (MB): peak = 4175.758 ; gain = 49.855
Ending Placer Task | Checksum: 15ddad235

Time (s): cpu = 00:15:16 ; elapsed = 00:10:26 . Memory (MB): peak = 4175.758 ; gain = 49.855
INFO: [Common 17-83] Releasing license: Implementation
115 Infos, 190 Warnings, 0 Critical Warnings and 0 Errors encountered.
place_design completed successfully
place_design: Time (s): cpu = 00:15:30 ; elapsed = 00:10:35 . Memory (MB): peak = 4175.758 ; gain = 49.855
INFO: [Timing 38-480] Writing timing data to binary archive.
Writing placer database...
Writing XDEF routing.
Writing XDEF routing logical nets.
Writing XDEF routing special nets.
Write XDEF Complete: Time (s): cpu = 00:00:26 ; elapsed = 00:00:08 . Memory (MB): peak = 4175.758 ; gain = 0.000
report_design_analysis: Time (s): cpu = 00:00:10 ; elapsed = 00:00:10 . Memory (MB): peak = 4175.758 ; gain = 0.000
INFO: [Common 17-1381] The checkpoint 'D:/projects/adi_hdl/projects/fmcomms2/kcu105/fmcomms2_kcu105.runs/impl_1/system_top_placed.dcp' has been generated.
write_checkpoint: Time (s): cpu = 00:01:07 ; elapsed = 00:00:38 . Memory (MB): peak = 4175.758 ; gain = 0.000
INFO: [runtcl-4] Executing : report_io -file system_top_io_placed.rpt
report_io: Time (s): cpu = 00:00:00 ; elapsed = 00:00:00.184 . Memory (MB): peak = 4175.758 ; gain = 0.000
INFO: [runtcl-4] Executing : report_utilization -file system_top_utilization_placed.rpt -pb system_top_utilization_placed.pb
INFO: [runtcl-4] Executing : report_control_sets -verbose -file system_top_control_sets_placed.rpt
report_control_sets: Time (s): cpu = 00:00:01 ; elapsed = 00:00:00.448 . Memory (MB): peak = 4175.758 ; gain = 0.000
Command: phys_opt_design -directive AlternateFlowWithRetiming
Attempting to get a license for feature 'Implementation' and/or device 'xcku040'
INFO: [Common 17-349] Got license for feature 'Implementation' and/or device 'xcku040'
INFO: [Vivado_Tcl 4-137] Directive used for phys_opt_design is: AlternateFlowWithRetiming
INFO: [Vivado_Tcl 4-383] Design worst setup slack (WNS) is greater than or equal to 0.000 ns. Skipping all physical synthesis optimizations.
INFO: [Vivado_Tcl 4-232] No setup violation found. The netlist was not modified.
INFO: [Common 17-83] Releasing license: Implementation
125 Infos, 190 Warnings, 0 Critical Warnings and 0 Errors encountered.
phys_opt_design completed successfully
phys_opt_design: Time (s): cpu = 00:01:18 ; elapsed = 00:00:42 . Memory (MB): peak = 4175.758 ; gain = 0.000
INFO: [Timing 38-480] Writing timing data to binary archive.
Writing placer database...
Writing XDEF routing.
Writing XDEF routing logical nets.
Writing XDEF routing special nets.
Write XDEF Complete: Time (s): cpu = 00:00:26 ; elapsed = 00:00:08 . Memory (MB): peak = 4204.781 ; gain = 29.023
INFO: [Common 17-1381] The checkpoint 'D:/projects/adi_hdl/projects/fmcomms2/kcu105/fmcomms2_kcu105.runs/impl_1/system_top_physopt.dcp' has been generated.
write_checkpoint: Time (s): cpu = 00:00:57 ; elapsed = 00:00:28 . Memory (MB): peak = 4204.781 ; gain = 29.023
Command: route_design -directive Explore
Attempting to get a license for feature 'Implementation' and/or device 'xcku040'
INFO: [Common 17-349] Got license for feature 'Implementation' and/or device 'xcku040'
Running DRC as a precondition to command route_design
INFO: [DRC 23-27] Running DRC with 2 threads
INFO: [Vivado_Tcl 4-198] DRC finished with 0 Errors
INFO: [Vivado_Tcl 4-199] Please refer to the DRC report (report_drc) for more information.


Starting Routing Task
INFO: [Route 35-270] Using Router directive 'Explore'.
INFO: [Route 35-254] Multithreading enabled for route_design using a maximum of 2 CPUs
Checksum: PlaceDB: c8c0582c ConstDB: 0 ShapeSum: 205b6428 RouteDB: 74bf15e1

Phase 1 Build RT Design
Phase 1 Build RT Design | Checksum: d9a8721a

Time (s): cpu = 00:01:11 ; elapsed = 00:00:56 . Memory (MB): peak = 4367.914 ; gain = 146.605
Post Restoration Checksum: NetGraph: 7a308015 NumContArr: ea76faa8 Constraints: 456dff5f Timing: 0

Phase 2 Router Initialization

Phase 2.1 Create Timer
Phase 2.1 Create Timer | Checksum: 1aa157a1c

Time (s): cpu = 00:01:13 ; elapsed = 00:00:58 . Memory (MB): peak = 4367.914 ; gain = 146.605

Phase 2.2 Fix Topology Constraints
Phase 2.2 Fix Topology Constraints | Checksum: 1aa157a1c

Time (s): cpu = 00:01:14 ; elapsed = 00:00:58 . Memory (MB): peak = 4378.512 ; gain = 157.203

Phase 2.3 Pre Route Cleanup
Phase 2.3 Pre Route Cleanup | Checksum: 1aa157a1c

Time (s): cpu = 00:01:14 ; elapsed = 00:00:58 . Memory (MB): peak = 4378.512 ; gain = 157.203

Phase 2.4 Global Clock Net Routing
 Number of Nodes with overlaps = 0
Phase 2.4 Global Clock Net Routing | Checksum: f16a9e6f

Time (s): cpu = 00:01:20 ; elapsed = 00:01:03 . Memory (MB): peak = 4438.586 ; gain = 217.277

Phase 2.5 Update Timing
Phase 2.5 Update Timing | Checksum: 1f5f51dd6

Time (s): cpu = 00:02:43 ; elapsed = 00:01:53 . Memory (MB): peak = 4503.715 ; gain = 282.406
INFO: [Route 35-416] Intermediate Timing Summary | WNS=0.438  | TNS=0.000  | WHS=-0.506 | THS=-545.885|


Phase 2.6 Update Timing for Bus Skew

Phase 2.6.1 Update Timing
Phase 2.6.1 Update Timing | Checksum: 1f64a8e1c

Time (s): cpu = 00:04:42 ; elapsed = 00:03:00 . Memory (MB): peak = 4536.785 ; gain = 315.477
INFO: [Route 35-416] Intermediate Timing Summary | WNS=0.438  | TNS=0.000  | WHS=N/A    | THS=N/A    |

Phase 2.6 Update Timing for Bus Skew | Checksum: 11996aaf9

Time (s): cpu = 00:04:42 ; elapsed = 00:03:01 . Memory (MB): peak = 4536.785 ; gain = 315.477
Phase 2 Router Initialization | Checksum: 129effad9

Time (s): cpu = 00:04:42 ; elapsed = 00:03:01 . Memory (MB): peak = 4536.785 ; gain = 315.477

Router Utilization Summary
  Global Vertical Routing Utilization    = 0.00540406 %
  Global Horizontal Routing Utilization  = 0.00418134 %
  Routable Net Status*
  *Does not include unroutable nets such as driverless and loadless.
  Run report_route_status for detailed report.
  Number of Failed Nets               = 119343
    (Failed Nets is the sum of unrouted and partially routed nets)
  Number of Unrouted Nets             = 106651
  Number of Partially Routed Nets     = 12692
  Number of Node Overlaps             = 0


Phase 3 Initial Routing

Phase 3.1 Global Routing
Phase 3.1 Global Routing | Checksum: 129effad9

Time (s): cpu = 00:04:46 ; elapsed = 00:03:04 . Memory (MB): peak = 4538.691 ; gain = 317.383
Phase 3 Initial Routing | Checksum: 15904d37b

Time (s): cpu = 00:05:39 ; elapsed = 00:03:33 . Memory (MB): peak = 4598.441 ; gain = 377.133

Phase 4 Rip-up And Reroute

Phase 4.1 Global Iteration 0
 Number of Nodes with overlaps = 19316
 Number of Nodes with overlaps = 1161
 Number of Nodes with overlaps = 133
 Number of Nodes with overlaps = 21
 Number of Nodes with overlaps = 8
 Number of Nodes with overlaps = 6
 Number of Nodes with overlaps = 3
 Number of Nodes with overlaps = 1
 Number of Nodes with overlaps = 1
 Number of Nodes with overlaps = 0
INFO: [Route 35-416] Intermediate Timing Summary | WNS=0.135  | TNS=0.000  | WHS=-0.035 | THS=-0.760 |

Phase 4.1 Global Iteration 0 | Checksum: 13e8a99c4

Time (s): cpu = 00:49:46 ; elapsed = 00:35:13 . Memory (MB): peak = 5116.402 ; gain = 895.094

Phase 4.2 Global Iteration 1
 Number of Nodes with overlaps = 91
 Number of Nodes with overlaps = 12
 Number of Nodes with overlaps = 1
 Number of Nodes with overlaps = 0
INFO: [Route 35-416] Intermediate Timing Summary | WNS=0.135  | TNS=0.000  | WHS=N/A    | THS=N/A    |

Phase 4.2 Global Iteration 1 | Checksum: 1433e2701

Time (s): cpu = 00:51:00 ; elapsed = 00:36:05 . Memory (MB): peak = 5116.402 ; gain = 895.094

Phase 4.3 Global Iteration 2
 Number of Nodes with overlaps = 0
INFO: [Route 35-416] Intermediate Timing Summary | WNS=0.135  | TNS=0.000  | WHS=N/A    | THS=N/A    |

Phase 4.3 Global Iteration 2 | Checksum: 227581cf3

Time (s): cpu = 00:51:19 ; elapsed = 00:36:24 . Memory (MB): peak = 5116.402 ; gain = 895.094
Phase 4 Rip-up And Reroute | Checksum: 227581cf3

Time (s): cpu = 00:51:20 ; elapsed = 00:36:24 . Memory (MB): peak = 5116.402 ; gain = 895.094

Phase 5 Delay and Skew Optimization

Phase 5.1 Delay CleanUp

Phase 5.1.1 Update Timing
Phase 5.1.1 Update Timing | Checksum: 219f8c7cb

Time (s): cpu = 00:51:50 ; elapsed = 00:36:41 . Memory (MB): peak = 5116.402 ; gain = 895.094
INFO: [Route 35-416] Intermediate Timing Summary | WNS=0.135  | TNS=0.000  | WHS=0.024  | THS=0.000  |

Phase 5.1 Delay CleanUp | Checksum: 1b5646fc4

Time (s): cpu = 00:51:50 ; elapsed = 00:36:42 . Memory (MB): peak = 5116.402 ; gain = 895.094

Phase 5.2 Clock Skew Optimization
Phase 5.2 Clock Skew Optimization | Checksum: 1b5646fc4

Time (s): cpu = 00:51:50 ; elapsed = 00:36:42 . Memory (MB): peak = 5116.402 ; gain = 895.094
Phase 5 Delay and Skew Optimization | Checksum: 1b5646fc4

Time (s): cpu = 00:51:51 ; elapsed = 00:36:43 . Memory (MB): peak = 5116.402 ; gain = 895.094

Phase 6 Post Hold Fix

Phase 6.1 Hold Fix Iter

Phase 6.1.1 Update Timing
Phase 6.1.1 Update Timing | Checksum: 1cf6a781a

Time (s): cpu = 00:52:19 ; elapsed = 00:36:59 . Memory (MB): peak = 5116.402 ; gain = 895.094
INFO: [Route 35-416] Intermediate Timing Summary | WNS=0.135  | TNS=0.000  | WHS=0.024  | THS=0.000  |

Phase 6.1 Hold Fix Iter | Checksum: 267c36d07

Time (s): cpu = 00:52:20 ; elapsed = 00:37:00 . Memory (MB): peak = 5116.402 ; gain = 895.094
Phase 6 Post Hold Fix | Checksum: 267c36d07

Time (s): cpu = 00:52:20 ; elapsed = 00:37:00 . Memory (MB): peak = 5116.402 ; gain = 895.094

Phase 7 Route finalize

Router Utilization Summary
  Global Vertical Routing Utilization    = 6.8751 %
  Global Horizontal Routing Utilization  = 5.78453 %
  Routable Net Status*
  *Does not include unroutable nets such as driverless and loadless.
  Run report_route_status for detailed report.
  Number of Failed Nets               = 0
    (Failed Nets is the sum of unrouted and partially routed nets)
  Number of Unrouted Nets             = 0
  Number of Partially Routed Nets     = 0
  Number of Node Overlaps             = 0

Phase 7 Route finalize | Checksum: 1dee6ba24

Time (s): cpu = 00:52:26 ; elapsed = 00:37:05 . Memory (MB): peak = 5116.402 ; gain = 895.094

Phase 8 Verifying routed nets

 Verification completed successfully
Phase 8 Verifying routed nets | Checksum: 1dee6ba24

Time (s): cpu = 00:52:26 ; elapsed = 00:37:05 . Memory (MB): peak = 5116.402 ; gain = 895.094

Phase 9 Depositing Routes
Phase 9 Depositing Routes | Checksum: 1dee6ba24

Time (s): cpu = 00:52:35 ; elapsed = 00:37:14 . Memory (MB): peak = 5116.402 ; gain = 895.094

Phase 10 Post Router Timing
INFO: [Route 35-20] Post Routing Timing Summary | WNS=0.135  | TNS=0.000  | WHS=0.024  | THS=0.000  |

Phase 10 Post Router Timing | Checksum: 24a0f0020

Time (s): cpu = 00:53:40 ; elapsed = 00:37:50 . Memory (MB): peak = 5116.402 ; gain = 895.094
INFO: [Route 35-61] The design met the timing requirement.
INFO: [Route 35-16] Router Completed Successfully

Time (s): cpu = 00:53:40 ; elapsed = 00:37:50 . Memory (MB): peak = 5116.402 ; gain = 895.094

Routing Is Done.
INFO: [Common 17-83] Releasing license: Implementation
144 Infos, 190 Warnings, 0 Critical Warnings and 0 Errors encountered.
route_design completed successfully
route_design: Time (s): cpu = 00:54:11 ; elapsed = 00:38:06 . Memory (MB): peak = 5116.402 ; gain = 911.621
INFO: [Timing 38-480] Writing timing data to binary archive.
Writing placer database...
Writing XDEF routing.
Writing XDEF routing logical nets.
Writing XDEF routing special nets.
Write XDEF Complete: Time (s): cpu = 00:00:36 ; elapsed = 00:00:11 . Memory (MB): peak = 5116.402 ; gain = 0.000
report_design_analysis: Time (s): cpu = 00:00:14 ; elapsed = 00:00:14 . Memory (MB): peak = 5116.402 ; gain = 0.000
INFO: [Common 17-1381] The checkpoint 'D:/projects/adi_hdl/projects/fmcomms2/kcu105/fmcomms2_kcu105.runs/impl_1/system_top_routed.dcp' has been generated.
write_checkpoint: Time (s): cpu = 00:01:15 ; elapsed = 00:00:43 . Memory (MB): peak = 5116.402 ; gain = 0.000
INFO: [runtcl-4] Executing : report_drc -file system_top_drc_routed.rpt -pb system_top_drc_routed.pb -rpx system_top_drc_routed.rpx
Command: report_drc -file system_top_drc_routed.rpt -pb system_top_drc_routed.pb -rpx system_top_drc_routed.rpx
INFO: [IP_Flow 19-1839] IP Catalog is up to date.
INFO: [DRC 23-27] Running DRC with 2 threads
INFO: [Vivado_Tcl 2-168] The results of DRC are in file D:/projects/adi_hdl/projects/fmcomms2/kcu105/fmcomms2_kcu105.runs/impl_1/system_top_drc_routed.rpt.
report_drc completed successfully
report_drc: Time (s): cpu = 00:00:21 ; elapsed = 00:00:11 . Memory (MB): peak = 5116.402 ; gain = 0.000
INFO: [runtcl-4] Executing : report_methodology -file system_top_methodology_drc_routed.rpt -pb system_top_methodology_drc_routed.pb -rpx system_top_methodology_drc_routed.rpx
Command: report_methodology -file system_top_methodology_drc_routed.rpt -pb system_top_methodology_drc_routed.pb -rpx system_top_methodology_drc_routed.rpx
INFO: [Timing 38-35] Done setting XDC timing constraints.
INFO: [DRC 23-133] Running Methodology with 2 threads
INFO: [Vivado_Tcl 2-1520] The results of Report Methodology are in file D:/projects/adi_hdl/projects/fmcomms2/kcu105/fmcomms2_kcu105.runs/impl_1/system_top_methodology_drc_routed.rpt.
report_methodology completed successfully
report_methodology: Time (s): cpu = 00:01:30 ; elapsed = 00:00:48 . Memory (MB): peak = 5116.402 ; gain = 0.000
INFO: [runtcl-4] Executing : report_power -file system_top_power_routed.rpt -pb system_top_power_summary_routed.pb -rpx system_top_power_routed.rpx
Command: report_power -file system_top_power_routed.rpt -pb system_top_power_summary_routed.pb -rpx system_top_power_routed.rpx
INFO: [Timing 38-35] Done setting XDC timing constraints.
Running Vector-less Activity Propagation...

Finished Running Vector-less Activity Propagation
WARNING: [Power 33-332] Found switching activity that implies high-fanout reset nets being asserted for excessive periods of time which may result in inaccurate power analysis.
Resolution: To review and fix problems, please run Power Constraints Advisor in the GUI from Tools > Power Constraints Advisor or run report_power with the -advisory option to generate a text report.
156 Infos, 191 Warnings, 0 Critical Warnings and 0 Errors encountered.
report_power completed successfully
report_power: Time (s): cpu = 00:01:16 ; elapsed = 00:00:42 . Memory (MB): peak = 5116.402 ; gain = 0.000
INFO: [runtcl-4] Executing : report_route_status -file system_top_route_status.rpt -pb system_top_route_status.pb
INFO: [runtcl-4] Executing : report_timing_summary -max_paths 10 -file system_top_timing_summary_routed.rpt -pb system_top_timing_summary_routed.pb -rpx system_top_timing_summary_routed.rpx -warn_on_violation 
INFO: [Timing 38-91] UpdateTimingParams: Speed grade: -2, Temperature grade: E, Delay Type: min_max.
INFO: [Timing 38-191] Multithreading enabled for timing update using a maximum of 2 CPUs
WARNING: [Timing 38-436] There are set_bus_skew constraint(s) in this design. Please run report_bus_skew to ensure that bus skew requirements are met.
WARNING: [Timing 38-453] Line(s) in the report have been truncated to keep line length below 5000 characters.
report_timing_summary: Time (s): cpu = 00:00:14 ; elapsed = 00:00:09 . Memory (MB): peak = 5116.402 ; gain = 0.000
INFO: [runtcl-4] Executing : report_incremental_reuse -file system_top_incremental_reuse_routed.rpt
INFO: [Vivado_Tcl 4-1062] Incremental flow is disabled. No incremental reuse Info to report.
INFO: [runtcl-4] Executing : report_clock_utilization -file system_top_clock_utilization_routed.rpt
report_clock_utilization: Time (s): cpu = 00:00:07 ; elapsed = 00:00:07 . Memory (MB): peak = 5116.402 ; gain = 0.000
INFO: [runtcl-4] Executing : report_bus_skew -warn_on_violation -file system_top_bus_skew_routed.rpt -pb system_top_bus_skew_routed.pb -rpx system_top_bus_skew_routed.rpx
INFO: [Timing 38-91] UpdateTimingParams: Speed grade: -2, Temperature grade: E, Delay Type: min_max.
INFO: [Timing 38-191] Multithreading enabled for timing update using a maximum of 2 CPUs
INFO: [Memdata 28-167] Found XPM memory block i_system_wrapper/system_i/axi_spi/U0/NO_DUAL_QUAD_MODE.QSPI_NORMAL/QSPI_LEGACY_MD_GEN.QSPI_CORE_INTERFACE_I/FIFO_EXISTS.TX_FIFO_II/xpm_fifo_instance.xpm_fifo_async_inst/gnuram_async_fifo.xpm_fifo_base_inst/gen_sdpram.xpm_memory_base_inst with a P_MEMORY_PRIMITIVE property set to auto. A value of block is required. You will not be able to use the updatemem program to update the bitstream with new data for the i_system_wrapper/system_i/axi_spi/U0/NO_DUAL_QUAD_MODE.QSPI_NORMAL/QSPI_LEGACY_MD_GEN.QSPI_CORE_INTERFACE_I/FIFO_EXISTS.TX_FIFO_II/xpm_fifo_instance.xpm_fifo_async_inst/gnuram_async_fifo.xpm_fifo_base_inst/gen_sdpram.xpm_memory_base_inst block.
INFO: [Memdata 28-167] Found XPM memory block i_system_wrapper/system_i/axi_spi/U0/NO_DUAL_QUAD_MODE.QSPI_NORMAL/QSPI_LEGACY_MD_GEN.QSPI_CORE_INTERFACE_I/FIFO_EXISTS.RX_FIFO_II/gnuram_async_fifo.xpm_fifo_base_inst/gen_sdpram.xpm_memory_base_inst with a P_MEMORY_PRIMITIVE property set to auto. A value of block is required. You will not be able to use the updatemem program to update the bitstream with new data for the i_system_wrapper/system_i/axi_spi/U0/NO_DUAL_QUAD_MODE.QSPI_NORMAL/QSPI_LEGACY_MD_GEN.QSPI_CORE_INTERFACE_I/FIFO_EXISTS.RX_FIFO_II/gnuram_async_fifo.xpm_fifo_base_inst/gen_sdpram.xpm_memory_base_inst block.
INFO: [Memdata 28-167] Found XPM memory block i_system_wrapper/system_i/axi_mem_interconnect/inst/s06_nodes/s06_r_node/inst/gen_normal.inst_mi_handler/gen_normal_area.inst_fifo_node_payld/gen_xpm_memory_fifo.inst_fifo/gen_mem_rep[2].inst_xpm_memory/xpm_memory_base_inst with a P_MEMORY_PRIMITIVE property set to distributed. A value of block is required. You will not be able to use the updatemem program to update the bitstream with new data for the i_system_wrapper/system_i/axi_mem_interconnect/inst/s06_nodes/s06_r_node/inst/gen_normal.inst_mi_handler/gen_normal_area.inst_fifo_node_payld/gen_xpm_memory_fifo.inst_fifo/gen_mem_rep[2].inst_xpm_memory/xpm_memory_base_inst block.
INFO: [Memdata 28-167] Found XPM memory block i_system_wrapper/system_i/axi_mem_interconnect/inst/s06_nodes/s06_r_node/inst/gen_normal.inst_mi_handler/gen_normal_area.inst_fifo_node_payld/gen_xpm_memory_fifo.inst_fifo/gen_mem_rep[1].inst_xpm_memory/xpm_memory_base_inst with a P_MEMORY_PRIMITIVE property set to distributed. A value of block is required. You will not be able to use the updatemem program to update the bitstream with new data for the i_system_wrapper/system_i/axi_mem_interconnect/inst/s06_nodes/s06_r_node/inst/gen_normal.inst_mi_handler/gen_normal_area.inst_fifo_node_payld/gen_xpm_memory_fifo.inst_fifo/gen_mem_rep[1].inst_xpm_memory/xpm_memory_base_inst block.
INFO: [Memdata 28-167] Found XPM memory block i_system_wrapper/system_i/axi_mem_interconnect/inst/s06_nodes/s06_r_node/inst/gen_normal.inst_mi_handler/gen_normal_area.inst_fifo_node_payld/gen_xpm_memory_fifo.inst_fifo/gen_mem_rep[0].inst_xpm_memory/xpm_memory_base_inst with a P_MEMORY_PRIMITIVE property set to distributed. A value of block is required. You will not be able to use the updatemem program to update the bitstream with new data for the i_system_wrapper/system_i/axi_mem_interconnect/inst/s06_nodes/s06_r_node/inst/gen_normal.inst_mi_handler/gen_normal_area.inst_fifo_node_payld/gen_xpm_memory_fifo.inst_fifo/gen_mem_rep[0].inst_xpm_memory/xpm_memory_base_inst block.
INFO: [Memdata 28-167] Found XPM memory block i_system_wrapper/system_i/axi_mem_interconnect/inst/s06_nodes/s06_ar_node/inst/gen_normal.inst_mi_handler/gen_normal_area.inst_fifo_node_payld/gen_xpm_memory_fifo.inst_fifo/gen_mem_rep[0].inst_xpm_memory/xpm_memory_base_inst with a P_MEMORY_PRIMITIVE property set to distributed. A value of block is required. You will not be able to use the updatemem program to update the bitstream with new data for the i_system_wrapper/system_i/axi_mem_interconnect/inst/s06_nodes/s06_ar_node/inst/gen_normal.inst_mi_handler/gen_normal_area.inst_fifo_node_payld/gen_xpm_memory_fifo.inst_fifo/gen_mem_rep[0].inst_xpm_memory/xpm_memory_base_inst block.
INFO: [Memdata 28-167] Found XPM memory block i_system_wrapper/system_i/axi_mem_interconnect/inst/s05_nodes/s05_w_node/inst/gen_normal.inst_mi_handler/gen_normal_area.inst_fifo_node_payld/gen_xpm_memory_fifo.inst_fifo/gen_mem_rep[2].inst_xpm_memory/xpm_memory_base_inst with a P_MEMORY_PRIMITIVE property set to distributed. A value of block is required. You will not be able to use the updatemem program to update the bitstream with new data for the i_system_wrapper/system_i/axi_mem_interconnect/inst/s05_nodes/s05_w_node/inst/gen_normal.inst_mi_handler/gen_normal_area.inst_fifo_node_payld/gen_xpm_memory_fifo.inst_fifo/gen_mem_rep[2].inst_xpm_memory/xpm_memory_base_inst block.
INFO: [Memdata 28-167] Found XPM memory block i_system_wrapper/system_i/axi_mem_interconnect/inst/s05_nodes/s05_w_node/inst/gen_normal.inst_mi_handler/gen_normal_area.inst_fifo_node_payld/gen_xpm_memory_fifo.inst_fifo/gen_mem_rep[1].inst_xpm_memory/xpm_memory_base_inst with a P_MEMORY_PRIMITIVE property set to distributed. A value of block is required. You will not be able to use the updatemem program to update the bitstream with new data for the i_system_wrapper/system_i/axi_mem_interconnect/inst/s05_nodes/s05_w_node/inst/gen_normal.inst_mi_handler/gen_normal_area.inst_fifo_node_payld/gen_xpm_memory_fifo.inst_fifo/gen_mem_rep[1].inst_xpm_memory/xpm_memory_base_inst block.
INFO: [Memdata 28-167] Found XPM memory block i_system_wrapper/system_i/axi_mem_interconnect/inst/s05_nodes/s05_w_node/inst/gen_normal.inst_mi_handler/gen_normal_area.inst_fifo_node_payld/gen_xpm_memory_fifo.inst_fifo/gen_mem_rep[0].inst_xpm_memory/xpm_memory_base_inst with a P_MEMORY_PRIMITIVE property set to distributed. A value of block is required. You will not be able to use the updatemem program to update the bitstream with new data for the i_system_wrapper/system_i/axi_mem_interconnect/inst/s05_nodes/s05_w_node/inst/gen_normal.inst_mi_handler/gen_normal_area.inst_fifo_node_payld/gen_xpm_memory_fifo.inst_fifo/gen_mem_rep[0].inst_xpm_memory/xpm_memory_base_inst block.
INFO: [Memdata 28-167] Found XPM memory block i_system_wrapper/system_i/axi_mem_interconnect/inst/s05_nodes/s05_w_node/inst/gen_normal.inst_mi_handler/gen_normal_area.gen_fifo_req.inst_fifo_req/gen_xpm_memory_fifo.inst_fifo/gen_mem_rep[0].inst_xpm_memory/xpm_memory_base_inst with a P_MEMORY_PRIMITIVE property set to distributed. A value of block is required. You will not be able to use the updatemem program to update the bitstream with new data for the i_system_wrapper/system_i/axi_mem_interconnect/inst/s05_nodes/s05_w_node/inst/gen_normal.inst_mi_handler/gen_normal_area.gen_fifo_req.inst_fifo_req/gen_xpm_memory_fifo.inst_fifo/gen_mem_rep[0].inst_xpm_memory/xpm_memory_base_inst block.
INFO: [Memdata 28-167] Found XPM memory block i_system_wrapper/system_i/axi_mem_interconnect/inst/s05_nodes/s05_aw_node/inst/gen_normal.inst_mi_handler/gen_normal_area.inst_fifo_node_payld/gen_xpm_memory_fifo.inst_fifo/gen_mem_rep[0].inst_xpm_memory/xpm_memory_base_inst with a P_MEMORY_PRIMITIVE property set to distributed. A value of block is required. You will not be able to use the updatemem program to update the bitstream with new data for the i_system_wrapper/system_i/axi_mem_interconnect/inst/s05_nodes/s05_aw_node/inst/gen_normal.inst_mi_handler/gen_normal_area.inst_fifo_node_payld/gen_xpm_memory_fifo.inst_fifo/gen_mem_rep[0].inst_xpm_memory/xpm_memory_base_inst block.
INFO: [Memdata 28-167] Found XPM memory block i_system_wrapper/system_i/axi_mem_interconnect/inst/s04_nodes/s04_w_node/inst/gen_normal.inst_mi_handler/gen_normal_area.inst_fifo_node_payld/gen_xpm_memory_fifo.inst_fifo/gen_mem_rep[2].inst_xpm_memory/xpm_memory_base_inst with a P_MEMORY_PRIMITIVE property set to distributed. A value of block is required. You will not be able to use the updatemem program to update the bitstream with new data for the i_system_wrapper/system_i/axi_mem_interconnect/inst/s04_nodes/s04_w_node/inst/gen_normal.inst_mi_handler/gen_normal_area.inst_fifo_node_payld/gen_xpm_memory_fifo.inst_fifo/gen_mem_rep[2].inst_xpm_memory/xpm_memory_base_inst block.
INFO: [Memdata 28-167] Found XPM memory block i_system_wrapper/system_i/axi_mem_interconnect/inst/s04_nodes/s04_w_node/inst/gen_normal.inst_mi_handler/gen_normal_area.inst_fifo_node_payld/gen_xpm_memory_fifo.inst_fifo/gen_mem_rep[1].inst_xpm_memory/xpm_memory_base_inst with a P_MEMORY_PRIMITIVE property set to distributed. A value of block is required. You will not be able to use the updatemem program to update the bitstream with new data for the i_system_wrapper/system_i/axi_mem_interconnect/inst/s04_nodes/s04_w_node/inst/gen_normal.inst_mi_handler/gen_normal_area.inst_fifo_node_payld/gen_xpm_memory_fifo.inst_fifo/gen_mem_rep[1].inst_xpm_memory/xpm_memory_base_inst block.
INFO: [Memdata 28-167] Found XPM memory block i_system_wrapper/system_i/axi_mem_interconnect/inst/s04_nodes/s04_w_node/inst/gen_normal.inst_mi_handler/gen_normal_area.inst_fifo_node_payld/gen_xpm_memory_fifo.inst_fifo/gen_mem_rep[0].inst_xpm_memory/xpm_memory_base_inst with a P_MEMORY_PRIMITIVE property set to distributed. A value of block is required. You will not be able to use the updatemem program to update the bitstream with new data for the i_system_wrapper/system_i/axi_mem_interconnect/inst/s04_nodes/s04_w_node/inst/gen_normal.inst_mi_handler/gen_normal_area.inst_fifo_node_payld/gen_xpm_memory_fifo.inst_fifo/gen_mem_rep[0].inst_xpm_memory/xpm_memory_base_inst block.
INFO: [Memdata 28-167] Found XPM memory block i_system_wrapper/system_i/axi_mem_interconnect/inst/s04_nodes/s04_w_node/inst/gen_normal.inst_mi_handler/gen_normal_area.gen_fifo_req.inst_fifo_req/gen_xpm_memory_fifo.inst_fifo/gen_mem_rep[0].inst_xpm_memory/xpm_memory_base_inst with a P_MEMORY_PRIMITIVE property set to distributed. A value of block is required. You will not be able to use the updatemem program to update the bitstream with new data for the i_system_wrapper/system_i/axi_mem_interconnect/inst/s04_nodes/s04_w_node/inst/gen_normal.inst_mi_handler/gen_normal_area.gen_fifo_req.inst_fifo_req/gen_xpm_memory_fifo.inst_fifo/gen_mem_rep[0].inst_xpm_memory/xpm_memory_base_inst block.
INFO: [Memdata 28-167] Found XPM memory block i_system_wrapper/system_i/axi_mem_interconnect/inst/s04_nodes/s04_b_node/inst/gen_normal.inst_mi_handler/gen_normal_area.inst_fifo_node_payld/gen_xpm_memory_fifo.inst_fifo/gen_mem_rep[0].inst_xpm_memory/xpm_memory_base_inst with a P_MEMORY_PRIMITIVE property set to distributed. A value of block is required. You will not be able to use the updatemem program to update the bitstream with new data for the i_system_wrapper/system_i/axi_mem_interconnect/inst/s04_nodes/s04_b_node/inst/gen_normal.inst_mi_handler/gen_normal_area.inst_fifo_node_payld/gen_xpm_memory_fifo.inst_fifo/gen_mem_rep[0].inst_xpm_memory/xpm_memory_base_inst block.
INFO: [Memdata 28-167] Found XPM memory block i_system_wrapper/system_i/axi_mem_interconnect/inst/s04_nodes/s04_aw_node/inst/gen_normal.inst_mi_handler/gen_normal_area.inst_fifo_node_payld/gen_xpm_memory_fifo.inst_fifo/gen_mem_rep[0].inst_xpm_memory/xpm_memory_base_inst with a P_MEMORY_PRIMITIVE property set to distributed. A value of block is required. You will not be able to use the updatemem program to update the bitstream with new data for the i_system_wrapper/system_i/axi_mem_interconnect/inst/s04_nodes/s04_aw_node/inst/gen_normal.inst_mi_handler/gen_normal_area.inst_fifo_node_payld/gen_xpm_memory_fifo.inst_fifo/gen_mem_rep[0].inst_xpm_memory/xpm_memory_base_inst block.
INFO: [Memdata 28-167] Found XPM memory block i_system_wrapper/system_i/axi_mem_interconnect/inst/s03_nodes/s03_r_node/inst/gen_normal.inst_mi_handler/gen_normal_area.inst_fifo_node_payld/gen_xpm_memory_fifo.inst_fifo/gen_mem_rep[2].inst_xpm_memory/xpm_memory_base_inst with a P_MEMORY_PRIMITIVE property set to distributed. A value of block is required. You will not be able to use the updatemem program to update the bitstream with new data for the i_system_wrapper/system_i/axi_mem_interconnect/inst/s03_nodes/s03_r_node/inst/gen_normal.inst_mi_handler/gen_normal_area.inst_fifo_node_payld/gen_xpm_memory_fifo.inst_fifo/gen_mem_rep[2].inst_xpm_memory/xpm_memory_base_inst block.
INFO: [Memdata 28-167] Found XPM memory block i_system_wrapper/system_i/axi_mem_interconnect/inst/s03_nodes/s03_r_node/inst/gen_normal.inst_mi_handler/gen_normal_area.inst_fifo_node_payld/gen_xpm_memory_fifo.inst_fifo/gen_mem_rep[1].inst_xpm_memory/xpm_memory_base_inst with a P_MEMORY_PRIMITIVE property set to distributed. A value of block is required. You will not be able to use the updatemem program to update the bitstream with new data for the i_system_wrapper/system_i/axi_mem_interconnect/inst/s03_nodes/s03_r_node/inst/gen_normal.inst_mi_handler/gen_normal_area.inst_fifo_node_payld/gen_xpm_memory_fifo.inst_fifo/gen_mem_rep[1].inst_xpm_memory/xpm_memory_base_inst block.
INFO: [Memdata 28-167] Found XPM memory block i_system_wrapper/system_i/axi_mem_interconnect/inst/s03_nodes/s03_r_node/inst/gen_normal.inst_mi_handler/gen_normal_area.inst_fifo_node_payld/gen_xpm_memory_fifo.inst_fifo/gen_mem_rep[0].inst_xpm_memory/xpm_memory_base_inst with a P_MEMORY_PRIMITIVE property set to distributed. A value of block is required. You will not be able to use the updatemem program to update the bitstream with new data for the i_system_wrapper/system_i/axi_mem_interconnect/inst/s03_nodes/s03_r_node/inst/gen_normal.inst_mi_handler/gen_normal_area.inst_fifo_node_payld/gen_xpm_memory_fifo.inst_fifo/gen_mem_rep[0].inst_xpm_memory/xpm_memory_base_inst block.
INFO: [Memdata 28-167] Found XPM memory block i_system_wrapper/system_i/axi_mem_interconnect/inst/s03_nodes/s03_ar_node/inst/gen_normal.inst_mi_handler/gen_normal_area.inst_fifo_node_payld/gen_xpm_memory_fifo.inst_fifo/gen_mem_rep[0].inst_xpm_memory/xpm_memory_base_inst with a P_MEMORY_PRIMITIVE property set to distributed. A value of block is required. You will not be able to use the updatemem program to update the bitstream with new data for the i_system_wrapper/system_i/axi_mem_interconnect/inst/s03_nodes/s03_ar_node/inst/gen_normal.inst_mi_handler/gen_normal_area.inst_fifo_node_payld/gen_xpm_memory_fifo.inst_fifo/gen_mem_rep[0].inst_xpm_memory/xpm_memory_base_inst block.
INFO: [Memdata 28-167] Found XPM memory block i_system_wrapper/system_i/axi_mem_interconnect/inst/s02_nodes/s02_w_node/inst/gen_normal.inst_mi_handler/gen_normal_area.inst_fifo_node_payld/gen_xpm_memory_fifo.inst_fifo/gen_mem_rep[2].inst_xpm_memory/xpm_memory_base_inst with a P_MEMORY_PRIMITIVE property set to distributed. A value of block is required. You will not be able to use the updatemem program to update the bitstream with new data for the i_system_wrapper/system_i/axi_mem_interconnect/inst/s02_nodes/s02_w_node/inst/gen_normal.inst_mi_handler/gen_normal_area.inst_fifo_node_payld/gen_xpm_memory_fifo.inst_fifo/gen_mem_rep[2].inst_xpm_memory/xpm_memory_base_inst block.
INFO: [Memdata 28-167] Found XPM memory block i_system_wrapper/system_i/axi_mem_interconnect/inst/s02_nodes/s02_w_node/inst/gen_normal.inst_mi_handler/gen_normal_area.inst_fifo_node_payld/gen_xpm_memory_fifo.inst_fifo/gen_mem_rep[1].inst_xpm_memory/xpm_memory_base_inst with a P_MEMORY_PRIMITIVE property set to distributed. A value of block is required. You will not be able to use the updatemem program to update the bitstream with new data for the i_system_wrapper/system_i/axi_mem_interconnect/inst/s02_nodes/s02_w_node/inst/gen_normal.inst_mi_handler/gen_normal_area.inst_fifo_node_payld/gen_xpm_memory_fifo.inst_fifo/gen_mem_rep[1].inst_xpm_memory/xpm_memory_base_inst block.
INFO: [Memdata 28-167] Found XPM memory block i_system_wrapper/system_i/axi_mem_interconnect/inst/s02_nodes/s02_w_node/inst/gen_normal.inst_mi_handler/gen_normal_area.inst_fifo_node_payld/gen_xpm_memory_fifo.inst_fifo/gen_mem_rep[0].inst_xpm_memory/xpm_memory_base_inst with a P_MEMORY_PRIMITIVE property set to distributed. A value of block is required. You will not be able to use the updatemem program to update the bitstream with new data for the i_system_wrapper/system_i/axi_mem_interconnect/inst/s02_nodes/s02_w_node/inst/gen_normal.inst_mi_handler/gen_normal_area.inst_fifo_node_payld/gen_xpm_memory_fifo.inst_fifo/gen_mem_rep[0].inst_xpm_memory/xpm_memory_base_inst block.
INFO: [Memdata 28-167] Found XPM memory block i_system_wrapper/system_i/axi_mem_interconnect/inst/s02_nodes/s02_w_node/inst/gen_normal.inst_mi_handler/gen_normal_area.gen_fifo_req.inst_fifo_req/gen_xpm_memory_fifo.inst_fifo/gen_mem_rep[0].inst_xpm_memory/xpm_memory_base_inst with a P_MEMORY_PRIMITIVE property set to distributed. A value of block is required. You will not be able to use the updatemem program to update the bitstream with new data for the i_system_wrapper/system_i/axi_mem_interconnect/inst/s02_nodes/s02_w_node/inst/gen_normal.inst_mi_handler/gen_normal_area.gen_fifo_req.inst_fifo_req/gen_xpm_memory_fifo.inst_fifo/gen_mem_rep[0].inst_xpm_memory/xpm_memory_base_inst block.
INFO: [Memdata 28-167] Found XPM memory block i_system_wrapper/system_i/axi_mem_interconnect/inst/s02_nodes/s02_r_node/inst/gen_normal.inst_mi_handler/gen_normal_area.inst_fifo_node_payld/gen_xpm_memory_fifo.inst_fifo/gen_mem_rep[2].inst_xpm_memory/xpm_memory_base_inst with a P_MEMORY_PRIMITIVE property set to distributed. A value of block is required. You will not be able to use the updatemem program to update the bitstream with new data for the i_system_wrapper/system_i/axi_mem_interconnect/inst/s02_nodes/s02_r_node/inst/gen_normal.inst_mi_handler/gen_normal_area.inst_fifo_node_payld/gen_xpm_memory_fifo.inst_fifo/gen_mem_rep[2].inst_xpm_memory/xpm_memory_base_inst block.
INFO: [Memdata 28-167] Found XPM memory block i_system_wrapper/system_i/axi_mem_interconnect/inst/s02_nodes/s02_r_node/inst/gen_normal.inst_mi_handler/gen_normal_area.inst_fifo_node_payld/gen_xpm_memory_fifo.inst_fifo/gen_mem_rep[1].inst_xpm_memory/xpm_memory_base_inst with a P_MEMORY_PRIMITIVE property set to distributed. A value of block is required. You will not be able to use the updatemem program to update the bitstream with new data for the i_system_wrapper/system_i/axi_mem_interconnect/inst/s02_nodes/s02_r_node/inst/gen_normal.inst_mi_handler/gen_normal_area.inst_fifo_node_payld/gen_xpm_memory_fifo.inst_fifo/gen_mem_rep[1].inst_xpm_memory/xpm_memory_base_inst block.
INFO: [Memdata 28-167] Found XPM memory block i_system_wrapper/system_i/axi_mem_interconnect/inst/s02_nodes/s02_r_node/inst/gen_normal.inst_mi_handler/gen_normal_area.inst_fifo_node_payld/gen_xpm_memory_fifo.inst_fifo/gen_mem_rep[0].inst_xpm_memory/xpm_memory_base_inst with a P_MEMORY_PRIMITIVE property set to distributed. A value of block is required. You will not be able to use the updatemem program to update the bitstream with new data for the i_system_wrapper/system_i/axi_mem_interconnect/inst/s02_nodes/s02_r_node/inst/gen_normal.inst_mi_handler/gen_normal_area.inst_fifo_node_payld/gen_xpm_memory_fifo.inst_fifo/gen_mem_rep[0].inst_xpm_memory/xpm_memory_base_inst block.
INFO: [Memdata 28-167] Found XPM memory block i_system_wrapper/system_i/axi_mem_interconnect/inst/s02_nodes/s02_b_node/inst/gen_normal.inst_mi_handler/gen_normal_area.inst_fifo_node_payld/gen_xpm_memory_fifo.inst_fifo/gen_mem_rep[0].inst_xpm_memory/xpm_memory_base_inst with a P_MEMORY_PRIMITIVE property set to distributed. A value of block is required. You will not be able to use the updatemem program to update the bitstream with new data for the i_system_wrapper/system_i/axi_mem_interconnect/inst/s02_nodes/s02_b_node/inst/gen_normal.inst_mi_handler/gen_normal_area.inst_fifo_node_payld/gen_xpm_memory_fifo.inst_fifo/gen_mem_rep[0].inst_xpm_memory/xpm_memory_base_inst block.
INFO: [Memdata 28-167] Found XPM memory block i_system_wrapper/system_i/axi_mem_interconnect/inst/s02_nodes/s02_aw_node/inst/gen_normal.inst_mi_handler/gen_normal_area.inst_fifo_node_payld/gen_xpm_memory_fifo.inst_fifo/gen_mem_rep[0].inst_xpm_memory/xpm_memory_base_inst with a P_MEMORY_PRIMITIVE property set to distributed. A value of block is required. You will not be able to use the updatemem program to update the bitstream with new data for the i_system_wrapper/system_i/axi_mem_interconnect/inst/s02_nodes/s02_aw_node/inst/gen_normal.inst_mi_handler/gen_normal_area.inst_fifo_node_payld/gen_xpm_memory_fifo.inst_fifo/gen_mem_rep[0].inst_xpm_memory/xpm_memory_base_inst block.
INFO: [Memdata 28-167] Found XPM memory block i_system_wrapper/system_i/axi_mem_interconnect/inst/s02_nodes/s02_ar_node/inst/gen_normal.inst_mi_handler/gen_normal_area.inst_fifo_node_payld/gen_xpm_memory_fifo.inst_fifo/gen_mem_rep[0].inst_xpm_memory/xpm_memory_base_inst with a P_MEMORY_PRIMITIVE property set to distributed. A value of block is required. You will not be able to use the updatemem program to update the bitstream with new data for the i_system_wrapper/system_i/axi_mem_interconnect/inst/s02_nodes/s02_ar_node/inst/gen_normal.inst_mi_handler/gen_normal_area.inst_fifo_node_payld/gen_xpm_memory_fifo.inst_fifo/gen_mem_rep[0].inst_xpm_memory/xpm_memory_base_inst block.
INFO: [Memdata 28-167] Found XPM memory block i_system_wrapper/system_i/axi_mem_interconnect/inst/s01_nodes/s01_r_node/inst/gen_normal.inst_mi_handler/gen_normal_area.inst_fifo_node_payld/gen_xpm_memory_fifo.inst_fifo/gen_mem_rep[2].inst_xpm_memory/xpm_memory_base_inst with a P_MEMORY_PRIMITIVE property set to distributed. A value of block is required. You will not be able to use the updatemem program to update the bitstream with new data for the i_system_wrapper/system_i/axi_mem_interconnect/inst/s01_nodes/s01_r_node/inst/gen_normal.inst_mi_handler/gen_normal_area.inst_fifo_node_payld/gen_xpm_memory_fifo.inst_fifo/gen_mem_rep[2].inst_xpm_memory/xpm_memory_base_inst block.
INFO: [Memdata 28-167] Found XPM memory block i_system_wrapper/system_i/axi_mem_interconnect/inst/s01_nodes/s01_r_node/inst/gen_normal.inst_mi_handler/gen_normal_area.inst_fifo_node_payld/gen_xpm_memory_fifo.inst_fifo/gen_mem_rep[1].inst_xpm_memory/xpm_memory_base_inst with a P_MEMORY_PRIMITIVE property set to distributed. A value of block is required. You will not be able to use the updatemem program to update the bitstream with new data for the i_system_wrapper/system_i/axi_mem_interconnect/inst/s01_nodes/s01_r_node/inst/gen_normal.inst_mi_handler/gen_normal_area.inst_fifo_node_payld/gen_xpm_memory_fifo.inst_fifo/gen_mem_rep[1].inst_xpm_memory/xpm_memory_base_inst block.
INFO: [Memdata 28-167] Found XPM memory block i_system_wrapper/system_i/axi_mem_interconnect/inst/s01_nodes/s01_r_node/inst/gen_normal.inst_mi_handler/gen_normal_area.inst_fifo_node_payld/gen_xpm_memory_fifo.inst_fifo/gen_mem_rep[0].inst_xpm_memory/xpm_memory_base_inst with a P_MEMORY_PRIMITIVE property set to distributed. A value of block is required. You will not be able to use the updatemem program to update the bitstream with new data for the i_system_wrapper/system_i/axi_mem_interconnect/inst/s01_nodes/s01_r_node/inst/gen_normal.inst_mi_handler/gen_normal_area.inst_fifo_node_payld/gen_xpm_memory_fifo.inst_fifo/gen_mem_rep[0].inst_xpm_memory/xpm_memory_base_inst block.
INFO: [Memdata 28-167] Found XPM memory block i_system_wrapper/system_i/axi_mem_interconnect/inst/s01_nodes/s01_ar_node/inst/gen_normal.inst_mi_handler/gen_normal_area.inst_fifo_node_payld/gen_xpm_memory_fifo.inst_fifo/gen_mem_rep[0].inst_xpm_memory/xpm_memory_base_inst with a P_MEMORY_PRIMITIVE property set to distributed. A value of block is required. You will not be able to use the updatemem program to update the bitstream with new data for the i_system_wrapper/system_i/axi_mem_interconnect/inst/s01_nodes/s01_ar_node/inst/gen_normal.inst_mi_handler/gen_normal_area.inst_fifo_node_payld/gen_xpm_memory_fifo.inst_fifo/gen_mem_rep[0].inst_xpm_memory/xpm_memory_base_inst block.
INFO: [Memdata 28-167] Found XPM memory block i_system_wrapper/system_i/axi_mem_interconnect/inst/s00_nodes/s00_w_node/inst/gen_normal.inst_mi_handler/gen_normal_area.inst_fifo_node_payld/gen_xpm_memory_fifo.inst_fifo/gen_mem_rep[2].inst_xpm_memory/xpm_memory_base_inst with a P_MEMORY_PRIMITIVE property set to distributed. A value of block is required. You will not be able to use the updatemem program to update the bitstream with new data for the i_system_wrapper/system_i/axi_mem_interconnect/inst/s00_nodes/s00_w_node/inst/gen_normal.inst_mi_handler/gen_normal_area.inst_fifo_node_payld/gen_xpm_memory_fifo.inst_fifo/gen_mem_rep[2].inst_xpm_memory/xpm_memory_base_inst block.
INFO: [Memdata 28-167] Found XPM memory block i_system_wrapper/system_i/axi_mem_interconnect/inst/s00_nodes/s00_w_node/inst/gen_normal.inst_mi_handler/gen_normal_area.inst_fifo_node_payld/gen_xpm_memory_fifo.inst_fifo/gen_mem_rep[1].inst_xpm_memory/xpm_memory_base_inst with a P_MEMORY_PRIMITIVE property set to distributed. A value of block is required. You will not be able to use the updatemem program to update the bitstream with new data for the i_system_wrapper/system_i/axi_mem_interconnect/inst/s00_nodes/s00_w_node/inst/gen_normal.inst_mi_handler/gen_normal_area.inst_fifo_node_payld/gen_xpm_memory_fifo.inst_fifo/gen_mem_rep[1].inst_xpm_memory/xpm_memory_base_inst block.
INFO: [Memdata 28-167] Found XPM memory block i_system_wrapper/system_i/axi_mem_interconnect/inst/s00_nodes/s00_w_node/inst/gen_normal.inst_mi_handler/gen_normal_area.inst_fifo_node_payld/gen_xpm_memory_fifo.inst_fifo/gen_mem_rep[0].inst_xpm_memory/xpm_memory_base_inst with a P_MEMORY_PRIMITIVE property set to distributed. A value of block is required. You will not be able to use the updatemem program to update the bitstream with new data for the i_system_wrapper/system_i/axi_mem_interconnect/inst/s00_nodes/s00_w_node/inst/gen_normal.inst_mi_handler/gen_normal_area.inst_fifo_node_payld/gen_xpm_memory_fifo.inst_fifo/gen_mem_rep[0].inst_xpm_memory/xpm_memory_base_inst block.
INFO: [Memdata 28-167] Found XPM memory block i_system_wrapper/system_i/axi_mem_interconnect/inst/s00_nodes/s00_w_node/inst/gen_normal.inst_mi_handler/gen_normal_area.gen_fifo_req.inst_fifo_req/gen_xpm_memory_fifo.inst_fifo/gen_mem_rep[0].inst_xpm_memory/xpm_memory_base_inst with a P_MEMORY_PRIMITIVE property set to distributed. A value of block is required. You will not be able to use the updatemem program to update the bitstream with new data for the i_system_wrapper/system_i/axi_mem_interconnect/inst/s00_nodes/s00_w_node/inst/gen_normal.inst_mi_handler/gen_normal_area.gen_fifo_req.inst_fifo_req/gen_xpm_memory_fifo.inst_fifo/gen_mem_rep[0].inst_xpm_memory/xpm_memory_base_inst block.
INFO: [Memdata 28-167] Found XPM memory block i_system_wrapper/system_i/axi_mem_interconnect/inst/s00_nodes/s00_r_node/inst/gen_normal.inst_mi_handler/gen_normal_area.inst_fifo_node_payld/gen_xpm_memory_fifo.inst_fifo/gen_mem_rep[2].inst_xpm_memory/xpm_memory_base_inst with a P_MEMORY_PRIMITIVE property set to distributed. A value of block is required. You will not be able to use the updatemem program to update the bitstream with new data for the i_system_wrapper/system_i/axi_mem_interconnect/inst/s00_nodes/s00_r_node/inst/gen_normal.inst_mi_handler/gen_normal_area.inst_fifo_node_payld/gen_xpm_memory_fifo.inst_fifo/gen_mem_rep[2].inst_xpm_memory/xpm_memory_base_inst block.
INFO: [Memdata 28-167] Found XPM memory block i_system_wrapper/system_i/axi_mem_interconnect/inst/s00_nodes/s00_r_node/inst/gen_normal.inst_mi_handler/gen_normal_area.inst_fifo_node_payld/gen_xpm_memory_fifo.inst_fifo/gen_mem_rep[1].inst_xpm_memory/xpm_memory_base_inst with a P_MEMORY_PRIMITIVE property set to distributed. A value of block is required. You will not be able to use the updatemem program to update the bitstream with new data for the i_system_wrapper/system_i/axi_mem_interconnect/inst/s00_nodes/s00_r_node/inst/gen_normal.inst_mi_handler/gen_normal_area.inst_fifo_node_payld/gen_xpm_memory_fifo.inst_fifo/gen_mem_rep[1].inst_xpm_memory/xpm_memory_base_inst block.
INFO: [Memdata 28-167] Found XPM memory block i_system_wrapper/system_i/axi_mem_interconnect/inst/s00_nodes/s00_r_node/inst/gen_normal.inst_mi_handler/gen_normal_area.inst_fifo_node_payld/gen_xpm_memory_fifo.inst_fifo/gen_mem_rep[0].inst_xpm_memory/xpm_memory_base_inst with a P_MEMORY_PRIMITIVE property set to distributed. A value of block is required. You will not be able to use the updatemem program to update the bitstream with new data for the i_system_wrapper/system_i/axi_mem_interconnect/inst/s00_nodes/s00_r_node/inst/gen_normal.inst_mi_handler/gen_normal_area.inst_fifo_node_payld/gen_xpm_memory_fifo.inst_fifo/gen_mem_rep[0].inst_xpm_memory/xpm_memory_base_inst block.
INFO: [Memdata 28-167] Found XPM memory block i_system_wrapper/system_i/axi_mem_interconnect/inst/s00_nodes/s00_b_node/inst/gen_normal.inst_mi_handler/gen_normal_area.inst_fifo_node_payld/gen_xpm_memory_fifo.inst_fifo/gen_mem_rep[0].inst_xpm_memory/xpm_memory_base_inst with a P_MEMORY_PRIMITIVE property set to distributed. A value of block is required. You will not be able to use the updatemem program to update the bitstream with new data for the i_system_wrapper/system_i/axi_mem_interconnect/inst/s00_nodes/s00_b_node/inst/gen_normal.inst_mi_handler/gen_normal_area.inst_fifo_node_payld/gen_xpm_memory_fifo.inst_fifo/gen_mem_rep[0].inst_xpm_memory/xpm_memory_base_inst block.
INFO: [Memdata 28-167] Found XPM memory block i_system_wrapper/system_i/axi_mem_interconnect/inst/s00_nodes/s00_aw_node/inst/gen_normal.inst_mi_handler/gen_normal_area.inst_fifo_node_payld/gen_xpm_memory_fifo.inst_fifo/gen_mem_rep[0].inst_xpm_memory/xpm_memory_base_inst with a P_MEMORY_PRIMITIVE property set to distributed. A value of block is required. You will not be able to use the updatemem program to update the bitstream with new data for the i_system_wrapper/system_i/axi_mem_interconnect/inst/s00_nodes/s00_aw_node/inst/gen_normal.inst_mi_handler/gen_normal_area.inst_fifo_node_payld/gen_xpm_memory_fifo.inst_fifo/gen_mem_rep[0].inst_xpm_memory/xpm_memory_base_inst block.
INFO: [Memdata 28-167] Found XPM memory block i_system_wrapper/system_i/axi_mem_interconnect/inst/s00_nodes/s00_ar_node/inst/gen_normal.inst_mi_handler/gen_normal_area.inst_fifo_node_payld/gen_xpm_memory_fifo.inst_fifo/gen_mem_rep[0].inst_xpm_memory/xpm_memory_base_inst with a P_MEMORY_PRIMITIVE property set to distributed. A value of block is required. You will not be able to use the updatemem program to update the bitstream with new data for the i_system_wrapper/system_i/axi_mem_interconnect/inst/s00_nodes/s00_ar_node/inst/gen_normal.inst_mi_handler/gen_normal_area.inst_fifo_node_payld/gen_xpm_memory_fifo.inst_fifo/gen_mem_rep[0].inst_xpm_memory/xpm_memory_base_inst block.
INFO: [Memdata 28-167] Found XPM memory block i_system_wrapper/system_i/axi_mem_interconnect/inst/m00_nodes/m00_w_node/inst/gen_normal.inst_si_handler/gen_si_handler.gen_request_fifos.gen_req_fifo[5].inst_req_fifo/gen_xpm_memory_fifo.inst_fifo/gen_mem_rep[0].inst_xpm_memory/xpm_memory_base_inst with a P_MEMORY_PRIMITIVE property set to distributed. A value of block is required. You will not be able to use the updatemem program to update the bitstream with new data for the i_system_wrapper/system_i/axi_mem_interconnect/inst/m00_nodes/m00_w_node/inst/gen_normal.inst_si_handler/gen_si_handler.gen_request_fifos.gen_req_fifo[5].inst_req_fifo/gen_xpm_memory_fifo.inst_fifo/gen_mem_rep[0].inst_xpm_memory/xpm_memory_base_inst block.
INFO: [Memdata 28-167] Found XPM memory block i_system_wrapper/system_i/axi_mem_interconnect/inst/m00_nodes/m00_w_node/inst/gen_normal.inst_si_handler/gen_si_handler.gen_request_fifos.gen_req_fifo[4].inst_req_fifo/gen_xpm_memory_fifo.inst_fifo/gen_mem_rep[0].inst_xpm_memory/xpm_memory_base_inst with a P_MEMORY_PRIMITIVE property set to distributed. A value of block is required. You will not be able to use the updatemem program to update the bitstream with new data for the i_system_wrapper/system_i/axi_mem_interconnect/inst/m00_nodes/m00_w_node/inst/gen_normal.inst_si_handler/gen_si_handler.gen_request_fifos.gen_req_fifo[4].inst_req_fifo/gen_xpm_memory_fifo.inst_fifo/gen_mem_rep[0].inst_xpm_memory/xpm_memory_base_inst block.
INFO: [Memdata 28-167] Found XPM memory block i_system_wrapper/system_i/axi_mem_interconnect/inst/m00_nodes/m00_w_node/inst/gen_normal.inst_si_handler/gen_si_handler.gen_request_fifos.gen_req_fifo[2].inst_req_fifo/gen_xpm_memory_fifo.inst_fifo/gen_mem_rep[0].inst_xpm_memory/xpm_memory_base_inst with a P_MEMORY_PRIMITIVE property set to distributed. A value of block is required. You will not be able to use the updatemem program to update the bitstream with new data for the i_system_wrapper/system_i/axi_mem_interconnect/inst/m00_nodes/m00_w_node/inst/gen_normal.inst_si_handler/gen_si_handler.gen_request_fifos.gen_req_fifo[2].inst_req_fifo/gen_xpm_memory_fifo.inst_fifo/gen_mem_rep[0].inst_xpm_memory/xpm_memory_base_inst block.
INFO: [Memdata 28-167] Found XPM memory block i_system_wrapper/system_i/axi_mem_interconnect/inst/m00_nodes/m00_w_node/inst/gen_normal.inst_si_handler/gen_si_handler.gen_request_fifos.gen_req_fifo[0].inst_req_fifo/gen_xpm_memory_fifo.inst_fifo/gen_mem_rep[0].inst_xpm_memory/xpm_memory_base_inst with a P_MEMORY_PRIMITIVE property set to distributed. A value of block is required. You will not be able to use the updatemem program to update the bitstream with new data for the i_system_wrapper/system_i/axi_mem_interconnect/inst/m00_nodes/m00_w_node/inst/gen_normal.inst_si_handler/gen_si_handler.gen_request_fifos.gen_req_fifo[0].inst_req_fifo/gen_xpm_memory_fifo.inst_fifo/gen_mem_rep[0].inst_xpm_memory/xpm_memory_base_inst block.
INFO: [Memdata 28-167] Found XPM memory block i_system_wrapper/system_i/axi_mem_interconnect/inst/m00_nodes/m00_w_node/inst/gen_normal.inst_mi_handler/gen_normal_area.inst_fifo_node_payld/gen_xpm_memory_fifo.inst_fifo/gen_mem_rep[3].inst_xpm_memory/xpm_memory_base_inst with a P_MEMORY_PRIMITIVE property set to distributed. A value of block is required. You will not be able to use the updatemem program to update the bitstream with new data for the i_system_wrapper/system_i/axi_mem_interconnect/inst/m00_nodes/m00_w_node/inst/gen_normal.inst_mi_handler/gen_normal_area.inst_fifo_node_payld/gen_xpm_memory_fifo.inst_fifo/gen_mem_rep[3].inst_xpm_memory/xpm_memory_base_inst block.
INFO: [Memdata 28-167] Found XPM memory block i_system_wrapper/system_i/axi_mem_interconnect/inst/m00_nodes/m00_w_node/inst/gen_normal.inst_mi_handler/gen_normal_area.inst_fifo_node_payld/gen_xpm_memory_fifo.inst_fifo/gen_mem_rep[2].inst_xpm_memory/xpm_memory_base_inst with a P_MEMORY_PRIMITIVE property set to distributed. A value of block is required. You will not be able to use the updatemem program to update the bitstream with new data for the i_system_wrapper/system_i/axi_mem_interconnect/inst/m00_nodes/m00_w_node/inst/gen_normal.inst_mi_handler/gen_normal_area.inst_fifo_node_payld/gen_xpm_memory_fifo.inst_fifo/gen_mem_rep[2].inst_xpm_memory/xpm_memory_base_inst block.
INFO: [Memdata 28-167] Found XPM memory block i_system_wrapper/system_i/axi_mem_interconnect/inst/m00_nodes/m00_w_node/inst/gen_normal.inst_mi_handler/gen_normal_area.inst_fifo_node_payld/gen_xpm_memory_fifo.inst_fifo/gen_mem_rep[1].inst_xpm_memory/xpm_memory_base_inst with a P_MEMORY_PRIMITIVE property set to distributed. A value of block is required. You will not be able to use the updatemem program to update the bitstream with new data for the i_system_wrapper/system_i/axi_mem_interconnect/inst/m00_nodes/m00_w_node/inst/gen_normal.inst_mi_handler/gen_normal_area.inst_fifo_node_payld/gen_xpm_memory_fifo.inst_fifo/gen_mem_rep[1].inst_xpm_memory/xpm_memory_base_inst block.
INFO: [Memdata 28-167] Found XPM memory block i_system_wrapper/system_i/axi_mem_interconnect/inst/m00_nodes/m00_w_node/inst/gen_normal.inst_mi_handler/gen_normal_area.inst_fifo_node_payld/gen_xpm_memory_fifo.inst_fifo/gen_mem_rep[0].inst_xpm_memory/xpm_memory_base_inst with a P_MEMORY_PRIMITIVE property set to distributed. A value of block is required. You will not be able to use the updatemem program to update the bitstream with new data for the i_system_wrapper/system_i/axi_mem_interconnect/inst/m00_nodes/m00_w_node/inst/gen_normal.inst_mi_handler/gen_normal_area.inst_fifo_node_payld/gen_xpm_memory_fifo.inst_fifo/gen_mem_rep[0].inst_xpm_memory/xpm_memory_base_inst block.
INFO: [Memdata 28-167] Found XPM memory block i_system_wrapper/system_i/axi_mem_interconnect/inst/m00_nodes/m00_r_node/inst/gen_normal.inst_mi_handler/gen_normal_area.inst_fifo_node_payld/gen_xpm_memory_fifo.inst_fifo/gen_mem_rep[2].inst_xpm_memory/xpm_memory_base_inst with a P_MEMORY_PRIMITIVE property set to distributed. A value of block is required. You will not be able to use the updatemem program to update the bitstream with new data for the i_system_wrapper/system_i/axi_mem_interconnect/inst/m00_nodes/m00_r_node/inst/gen_normal.inst_mi_handler/gen_normal_area.inst_fifo_node_payld/gen_xpm_memory_fifo.inst_fifo/gen_mem_rep[2].inst_xpm_memory/xpm_memory_base_inst block.
INFO: [Memdata 28-167] Found XPM memory block i_system_wrapper/system_i/axi_mem_interconnect/inst/m00_nodes/m00_r_node/inst/gen_normal.inst_mi_handler/gen_normal_area.inst_fifo_node_payld/gen_xpm_memory_fifo.inst_fifo/gen_mem_rep[1].inst_xpm_memory/xpm_memory_base_inst with a P_MEMORY_PRIMITIVE property set to distributed. A value of block is required. You will not be able to use the updatemem program to update the bitstream with new data for the i_system_wrapper/system_i/axi_mem_interconnect/inst/m00_nodes/m00_r_node/inst/gen_normal.inst_mi_handler/gen_normal_area.inst_fifo_node_payld/gen_xpm_memory_fifo.inst_fifo/gen_mem_rep[1].inst_xpm_memory/xpm_memory_base_inst block.
INFO: [Memdata 28-167] Found XPM memory block i_system_wrapper/system_i/axi_mem_interconnect/inst/m00_nodes/m00_r_node/inst/gen_normal.inst_mi_handler/gen_normal_area.inst_fifo_node_payld/gen_xpm_memory_fifo.inst_fifo/gen_mem_rep[0].inst_xpm_memory/xpm_memory_base_inst with a P_MEMORY_PRIMITIVE property set to distributed. A value of block is required. You will not be able to use the updatemem program to update the bitstream with new data for the i_system_wrapper/system_i/axi_mem_interconnect/inst/m00_nodes/m00_r_node/inst/gen_normal.inst_mi_handler/gen_normal_area.inst_fifo_node_payld/gen_xpm_memory_fifo.inst_fifo/gen_mem_rep[0].inst_xpm_memory/xpm_memory_base_inst block.
INFO: [Memdata 28-167] Found XPM memory block i_system_wrapper/system_i/axi_mem_interconnect/inst/m00_nodes/m00_r_node/inst/gen_normal.inst_mi_handler/gen_normal_area.gen_fifo_req.inst_fifo_req/gen_xpm_memory_fifo.inst_fifo/gen_mem_rep[0].inst_xpm_memory/xpm_memory_base_inst with a P_MEMORY_PRIMITIVE property set to distributed. A value of block is required. You will not be able to use the updatemem program to update the bitstream with new data for the i_system_wrapper/system_i/axi_mem_interconnect/inst/m00_nodes/m00_r_node/inst/gen_normal.inst_mi_handler/gen_normal_area.gen_fifo_req.inst_fifo_req/gen_xpm_memory_fifo.inst_fifo/gen_mem_rep[0].inst_xpm_memory/xpm_memory_base_inst block.
INFO: [Memdata 28-167] Found XPM memory block i_system_wrapper/system_i/axi_mem_interconnect/inst/m00_nodes/m00_b_node/inst/gen_normal.inst_mi_handler/gen_normal_area.inst_fifo_node_payld/gen_xpm_memory_fifo.inst_fifo/gen_mem_rep[0].inst_xpm_memory/xpm_memory_base_inst with a P_MEMORY_PRIMITIVE property set to distributed. A value of block is required. You will not be able to use the updatemem program to update the bitstream with new data for the i_system_wrapper/system_i/axi_mem_interconnect/inst/m00_nodes/m00_b_node/inst/gen_normal.inst_mi_handler/gen_normal_area.inst_fifo_node_payld/gen_xpm_memory_fifo.inst_fifo/gen_mem_rep[0].inst_xpm_memory/xpm_memory_base_inst block.
INFO: [Memdata 28-167] Found XPM memory block i_system_wrapper/system_i/axi_mem_interconnect/inst/m00_nodes/m00_b_node/inst/gen_normal.inst_mi_handler/gen_normal_area.gen_fifo_req.inst_fifo_req/gen_xpm_memory_fifo.inst_fifo/gen_mem_rep[0].inst_xpm_memory/xpm_memory_base_inst with a P_MEMORY_PRIMITIVE property set to distributed. A value of block is required. You will not be able to use the updatemem program to update the bitstream with new data for the i_system_wrapper/system_i/axi_mem_interconnect/inst/m00_nodes/m00_b_node/inst/gen_normal.inst_mi_handler/gen_normal_area.gen_fifo_req.inst_fifo_req/gen_xpm_memory_fifo.inst_fifo/gen_mem_rep[0].inst_xpm_memory/xpm_memory_base_inst block.
INFO: [Memdata 28-167] Found XPM memory block i_system_wrapper/system_i/axi_mem_interconnect/inst/m00_nodes/m00_aw_node/inst/gen_normal.inst_mi_handler/gen_normal_area.inst_fifo_node_payld/gen_xpm_memory_fifo.inst_fifo/gen_mem_rep[0].inst_xpm_memory/xpm_memory_base_inst with a P_MEMORY_PRIMITIVE property set to distributed. A value of block is required. You will not be able to use the updatemem program to update the bitstream with new data for the i_system_wrapper/system_i/axi_mem_interconnect/inst/m00_nodes/m00_aw_node/inst/gen_normal.inst_mi_handler/gen_normal_area.inst_fifo_node_payld/gen_xpm_memory_fifo.inst_fifo/gen_mem_rep[0].inst_xpm_memory/xpm_memory_base_inst block.
INFO: [Memdata 28-167] Found XPM memory block i_system_wrapper/system_i/axi_mem_interconnect/inst/m00_nodes/m00_ar_node/inst/gen_normal.inst_mi_handler/gen_normal_area.inst_fifo_node_payld/gen_xpm_memory_fifo.inst_fifo/gen_mem_rep[0].inst_xpm_memory/xpm_memory_base_inst with a P_MEMORY_PRIMITIVE property set to distributed. A value of block is required. You will not be able to use the updatemem program to update the bitstream with new data for the i_system_wrapper/system_i/axi_mem_interconnect/inst/m00_nodes/m00_ar_node/inst/gen_normal.inst_mi_handler/gen_normal_area.inst_fifo_node_payld/gen_xpm_memory_fifo.inst_fifo/gen_mem_rep[0].inst_xpm_memory/xpm_memory_base_inst block.
0INFO: [Memdata 28-208] The XPM instance: <i_system_wrapper/system_i/axi_ethernet_dma/U0/I_PRMRY_DATAMOVER/GEN_S2MM_FULL.I_S2MM_FULL_WRAPPER/GEN_INCLUDE_GP_SF.I_S2MM_GP_SF/I_DATA_FIFO/BLK_MEM.I_SYNC_FIFOGEN_FIFO/xpm_fifo_instance.xpm_fifo_sync_inst/xpm_fifo_base_inst/gen_sdpram.xpm_memory_base_inst> is part of IP: <i_system_wrapper/system_i/axi_ethernet_dma>. This XPM instance will be excluded from the .mmi because updatemem is prohibited from making changes to an XPM that is part of an IP.
0INFO: [Memdata 28-208] The XPM instance: <i_system_wrapper/system_i/axi_ethernet_dma/U0/I_PRMRY_DATAMOVER/GEN_MM2S_FULL.I_MM2S_FULL_WRAPPER/GEN_INCLUDE_MM2S_SF.I_RD_SF/I_DATA_FIFO/BLK_MEM.I_SYNC_FIFOGEN_FIFO/xpm_fifo_instance.xpm_fifo_sync_inst/xpm_fifo_base_inst/gen_sdpram.xpm_memory_base_inst> is part of IP: <i_system_wrapper/system_i/axi_ethernet_dma>. This XPM instance will be excluded from the .mmi because updatemem is prohibited from making changes to an XPM that is part of an IP.
INFO: [Memdata 28-167] Found XPM memory block i_system_wrapper/system_i/axi_ethernet_dma/U0/GEN_SG_ENGINE.I_SG_ENGINE/I_SG_FETCH_QUEUE/GEN_QUEUE.FTCH_QUEUE_I/GEN_MM2S.CONTROL_STREAM.I_MM2S_CNTRL_STREAM/GEN_SYNC_FIFO.I_CNTRL_FIFO/xpm_fifo_instance.xpm_fifo_sync_inst/xpm_fifo_base_inst/gen_sdpram.xpm_memory_base_inst with a P_MEMORY_PRIMITIVE property set to auto. A value of block is required. You will not be able to use the updatemem program to update the bitstream with new data for the i_system_wrapper/system_i/axi_ethernet_dma/U0/GEN_SG_ENGINE.I_SG_ENGINE/I_SG_FETCH_QUEUE/GEN_QUEUE.FTCH_QUEUE_I/GEN_MM2S.CONTROL_STREAM.I_MM2S_CNTRL_STREAM/GEN_SYNC_FIFO.I_CNTRL_FIFO/xpm_fifo_instance.xpm_fifo_sync_inst/xpm_fifo_base_inst/gen_sdpram.xpm_memory_base_inst block.
00INFO: [Memdata 28-208] The XPM instance: <i_system_wrapper/system_i/axi_ethernet/inst/eth_buf/U0/TX_INTFCE_I/TX_MEM_INTERFACE/TXD_MEM/xpm_memory_base_inst> is part of IP: <i_system_wrapper/system_i/axi_ethernet/inst/eth_buf>. This XPM instance will be excluded from the .mmi because updatemem is prohibited from making changes to an XPM that is part of an IP.
00INFO: [Memdata 28-208] The XPM instance: <i_system_wrapper/system_i/axi_ethernet/inst/eth_buf/U0/TX_INTFCE_I/TX_MEM_INTERFACE/TXC_MEM/xpm_memory_base_inst> is part of IP: <i_system_wrapper/system_i/axi_ethernet/inst/eth_buf>. This XPM instance will be excluded from the .mmi because updatemem is prohibited from making changes to an XPM that is part of an IP.
00INFO: [Memdata 28-208] The XPM instance: <i_system_wrapper/system_i/axi_ethernet/inst/eth_buf/U0/RCV_INTFCE_I/RX_DP_MEM_IF_I/I_RXS_MEM/xpm_memory_base_inst> is part of IP: <i_system_wrapper/system_i/axi_ethernet/inst/eth_buf>. This XPM instance will be excluded from the .mmi because updatemem is prohibited from making changes to an XPM that is part of an IP.
00INFO: [Memdata 28-208] The XPM instance: <i_system_wrapper/system_i/axi_ethernet/inst/eth_buf/U0/RCV_INTFCE_I/RX_DP_MEM_IF_I/I_RXD_MEM/xpm_memory_base_inst> is part of IP: <i_system_wrapper/system_i/axi_ethernet/inst/eth_buf>. This XPM instance will be excluded from the .mmi because updatemem is prohibited from making changes to an XPM that is part of an IP.
INFO: [Memdata 28-167] Found XPM memory block i_system_wrapper/system_i/axi_ethernet/inst/eth_buf/U0/RCV_INTFCE_I/RX_AXISTREAM_IF_I/ELASTIC_FIFO/I_BASIC_SFIFO/xpm_fifo_base_inst/gen_sdpram.xpm_memory_base_inst with a P_MEMORY_PRIMITIVE property set to distributed. A value of block is required. You will not be able to use the updatemem program to update the bitstream with new data for the i_system_wrapper/system_i/axi_ethernet/inst/eth_buf/U0/RCV_INTFCE_I/RX_AXISTREAM_IF_I/ELASTIC_FIFO/I_BASIC_SFIFO/xpm_fifo_base_inst/gen_sdpram.xpm_memory_base_inst block.
write_mem_info: Time (s): cpu = 00:00:16 ; elapsed = 00:00:15 . Memory (MB): peak = 5116.402 ; gain = 0.000
Command: write_bitstream -force system_top.bit
Attempting to get a license for feature 'Implementation' and/or device 'xcku040'
INFO: [Common 17-349] Got license for feature 'Implementation' and/or device 'xcku040'
INFO: [Common 17-83] Releasing license: Implementation
74 Infos, 0 Warnings, 0 Critical Warnings and 1 Errors encountered.
write_bitstream failed
ERROR: [Common 17-69] Command failed: This design contains one or more cells for which bitstream generation is not permitted:
i_system_wrapper/system_i/axi_ethernet/inst/mac/inst/bd_55cd_mac_0_core (<encrypted cellview>)
If a new IP Core license was added, in order for the new license to be picked up, the current netlist needs to be updated by resetting and re-generating the IP output products before bitstream generation.
INFO: [Common 17-206] Exiting Vivado at Wed Dec  1 00:05:55 2021...
