Copyright 1986-2021 Xilinx, Inc. All Rights Reserved.
---------------------------------------------------------------------------------------------------------------------
| Tool Version : Vivado v.2021.1 (win64) Build 3247384 Thu Jun 10 19:36:33 MDT 2021
| Date         : Tue Nov 30 23:12:26 2021
| Host         : DESKTOP-6IT4G6N running 64-bit major release  (build 9200)
| Command      : report_drc -file system_top_drc_opted.rpt -pb system_top_drc_opted.pb -rpx system_top_drc_opted.rpx
| Design       : system_top
| Device       : xcku040-ffva1156-2-e
| Speed File   : -2
| Design State : Synthesized
---------------------------------------------------------------------------------------------------------------------

Report DRC

Table of Contents
-----------------
1. REPORT SUMMARY
2. REPORT DETAILS

1. REPORT SUMMARY
-----------------
            Netlist: netlist
          Floorplan: checkpoint_system_top
      Design limits: <entire design considered>
           Ruledeck: default
             Max violations: <unlimited>
             Violations found: 58
+-----------+----------+---------------------------------------------------------------------+------------+
| Rule      | Severity | Description                                                         | Violations |
+-----------+----------+---------------------------------------------------------------------+------------+
| MIG-55    | Warning  | Pin Constraint Warning                                              | 1          |
| REQP-1617 | Warning  | use_IOB_register                                                    | 1          |
| REQP-1853 | Warning  | BUFGCE_DIV_cascade_from_clock_buf                                   | 2          |
| REQP-1934 | Warning  | RAMB18E2_nochange_collision_advisory                                | 1          |
| REQP-1935 | Warning  | RAMB36E2_nochange_collision_advisory                                | 1          |
| AVAL-155  | Advisory | enum_AMULTSEL_BMULTSEL_enum_DREG_ADREG_0_connects_CED_CEAD_RSTD_GND | 24         |
| REQP-1701 | Advisory | enum_DREG_0_connects_CED_GND                                        | 28         |
+-----------+----------+---------------------------------------------------------------------+------------+

2. REPORT DETAILS
-----------------
MIG-55#1 Warning
Pin Constraint Warning  
[i_system_wrapper/system_i/axi_ddr_cntrl] The memory interface port %ELG Drive Strength has changed from the recommended value of 8 to the new value of 0.
Related violations: <none>

REQP-1617#1 Warning
use_IOB_register  
The FDRE cell i_system_wrapper/system_i/axi_spi/U0/NO_DUAL_QUAD_MODE.QSPI_NORMAL/IO0_I_REG has IOB set to TRUE, but does not connect directly to an IO cell. Remove the constraint or ensure the FDRE is properly connected to an IO.
Related violations: <none>

REQP-1853#1 Warning
BUFGCE_DIV_cascade_from_clock_buf  
Cascaded clock buffers exist in the design with constant CE pin. This may result in large clock skew and timing violations. Cell BUFGCE_DIV i_system_wrapper/system_i/util_ad9361_divclk/inst/clk_divide_sel_0 I pin is driven by another clock buffer i_system_wrapper/system_i/axi_ad9361/inst/i_dev_if/i_clk/i_clk_gbuf.
Related violations: <none>

REQP-1853#2 Warning
BUFGCE_DIV_cascade_from_clock_buf  
Cascaded clock buffers exist in the design with constant CE pin. This may result in large clock skew and timing violations. Cell BUFGCE_DIV i_system_wrapper/system_i/util_ad9361_divclk/inst/clk_divide_sel_1 I pin is driven by another clock buffer i_system_wrapper/system_i/axi_ad9361/inst/i_dev_if/i_clk/i_clk_gbuf.
Related violations: <none>

REQP-1934#1 Warning
RAMB18E2_nochange_collision_advisory  
Synchronous clocking is detected for BRAM (i_system_wrapper/system_i/axi_ethernet_dma/U0/I_PRMRY_DATAMOVER/GEN_S2MM_FULL.I_S2MM_FULL_WRAPPER/GEN_INCLUDE_GP_SF.I_S2MM_GP_SF/I_DATA_FIFO/BLK_MEM.I_SYNC_FIFOGEN_FIFO/xpm_fifo_instance.xpm_fifo_sync_inst/xpm_fifo_base_inst/gen_sdpram.xpm_memory_base_inst/gen_wr_a.gen_word_narrow.mem_reg) in SDP mode with NO_CHANGE write-mode. This is the preferred mode for best power characteristics. However, NO_CHANGE may exhibit address collisions if the same address appears on both read and write ports resulting in unknown or corrupted read data. It is suggested to confirm via simulation that an address collision never occurs and if so it is suggested to try and avoid this situation. If address collisions cannot be avoided, the write-mode may be set to READ_FIRST which guarantees that the read data is the prior contents of the memory at the cost of additional power in the design. See the FPGA Memory Resources User Guide for additional information.
Related violations: <none>

REQP-1935#1 Warning
RAMB36E2_nochange_collision_advisory  
Synchronous clocking is detected for BRAM (i_system_wrapper/system_i/axi_ethernet_dma/U0/I_PRMRY_DATAMOVER/GEN_MM2S_FULL.I_MM2S_FULL_WRAPPER/GEN_INCLUDE_MM2S_SF.I_RD_SF/I_DATA_FIFO/BLK_MEM.I_SYNC_FIFOGEN_FIFO/xpm_fifo_instance.xpm_fifo_sync_inst/xpm_fifo_base_inst/gen_sdpram.xpm_memory_base_inst/gen_wr_a.gen_word_narrow.mem_reg) in SDP mode with NO_CHANGE write-mode. This is the preferred mode for best power characteristics. However, NO_CHANGE may exhibit address collisions if the same address appears on both read and write ports resulting in unknown or corrupted read data. It is suggested to confirm via simulation that an address collision never occurs and if so it is suggested to try and avoid this situation. If address collisions cannot be avoided, the write-mode may be set to READ_FIRST which guarantees that the read data is the prior contents of the memory at the cost of additional power in the design. See the FPGA Memory Resources User Guide for additional information.
Related violations: <none>

AVAL-155#1 Advisory
enum_AMULTSEL_BMULTSEL_enum_DREG_ADREG_0_connects_CED_CEAD_RSTD_GND  
i_system_wrapper/system_i/axi_ad9361/inst/i_rx/i_rx_channel_0/i_ad_iqcor/g_loop[0].i_mul_i/i_mult_macro/dsp_v5_1.DSP48_V5_1: DSP48E2 is not using the D port (AMULTSEL = A and BMULTSEL = B). For improved power characteristics, set DREG and ADREG to '1', tie CED, CEAD, and RSTD to logic '0'.
Related violations: <none>

AVAL-155#2 Advisory
enum_AMULTSEL_BMULTSEL_enum_DREG_ADREG_0_connects_CED_CEAD_RSTD_GND  
i_system_wrapper/system_i/axi_ad9361/inst/i_rx/i_rx_channel_0/i_ad_iqcor/g_loop[0].i_mul_q/i_mult_macro/dsp_v5_1.DSP48_V5_1: DSP48E2 is not using the D port (AMULTSEL = A and BMULTSEL = B). For improved power characteristics, set DREG and ADREG to '1', tie CED, CEAD, and RSTD to logic '0'.
Related violations: <none>

AVAL-155#3 Advisory
enum_AMULTSEL_BMULTSEL_enum_DREG_ADREG_0_connects_CED_CEAD_RSTD_GND  
i_system_wrapper/system_i/axi_ad9361/inst/i_rx/i_rx_channel_1/i_ad_iqcor/g_loop[0].i_mul_i/i_mult_macro/dsp_v5_1.DSP48_V5_1: DSP48E2 is not using the D port (AMULTSEL = A and BMULTSEL = B). For improved power characteristics, set DREG and ADREG to '1', tie CED, CEAD, and RSTD to logic '0'.
Related violations: <none>

AVAL-155#4 Advisory
enum_AMULTSEL_BMULTSEL_enum_DREG_ADREG_0_connects_CED_CEAD_RSTD_GND  
i_system_wrapper/system_i/axi_ad9361/inst/i_rx/i_rx_channel_1/i_ad_iqcor/g_loop[0].i_mul_q/i_mult_macro/dsp_v5_1.DSP48_V5_1: DSP48E2 is not using the D port (AMULTSEL = A and BMULTSEL = B). For improved power characteristics, set DREG and ADREG to '1', tie CED, CEAD, and RSTD to logic '0'.
Related violations: <none>

AVAL-155#5 Advisory
enum_AMULTSEL_BMULTSEL_enum_DREG_ADREG_0_connects_CED_CEAD_RSTD_GND  
i_system_wrapper/system_i/axi_ad9361/inst/i_rx/i_rx_channel_2/i_ad_iqcor/g_loop[0].i_mul_i/i_mult_macro/dsp_v5_1.DSP48_V5_1: DSP48E2 is not using the D port (AMULTSEL = A and BMULTSEL = B). For improved power characteristics, set DREG and ADREG to '1', tie CED, CEAD, and RSTD to logic '0'.
Related violations: <none>

AVAL-155#6 Advisory
enum_AMULTSEL_BMULTSEL_enum_DREG_ADREG_0_connects_CED_CEAD_RSTD_GND  
i_system_wrapper/system_i/axi_ad9361/inst/i_rx/i_rx_channel_2/i_ad_iqcor/g_loop[0].i_mul_q/i_mult_macro/dsp_v5_1.DSP48_V5_1: DSP48E2 is not using the D port (AMULTSEL = A and BMULTSEL = B). For improved power characteristics, set DREG and ADREG to '1', tie CED, CEAD, and RSTD to logic '0'.
Related violations: <none>

AVAL-155#7 Advisory
enum_AMULTSEL_BMULTSEL_enum_DREG_ADREG_0_connects_CED_CEAD_RSTD_GND  
i_system_wrapper/system_i/axi_ad9361/inst/i_rx/i_rx_channel_3/i_ad_iqcor/g_loop[0].i_mul_i/i_mult_macro/dsp_v5_1.DSP48_V5_1: DSP48E2 is not using the D port (AMULTSEL = A and BMULTSEL = B). For improved power characteristics, set DREG and ADREG to '1', tie CED, CEAD, and RSTD to logic '0'.
Related violations: <none>

AVAL-155#8 Advisory
enum_AMULTSEL_BMULTSEL_enum_DREG_ADREG_0_connects_CED_CEAD_RSTD_GND  
i_system_wrapper/system_i/axi_ad9361/inst/i_rx/i_rx_channel_3/i_ad_iqcor/g_loop[0].i_mul_q/i_mult_macro/dsp_v5_1.DSP48_V5_1: DSP48E2 is not using the D port (AMULTSEL = A and BMULTSEL = B). For improved power characteristics, set DREG and ADREG to '1', tie CED, CEAD, and RSTD to logic '0'.
Related violations: <none>

AVAL-155#9 Advisory
enum_AMULTSEL_BMULTSEL_enum_DREG_ADREG_0_connects_CED_CEAD_RSTD_GND  
i_system_wrapper/system_i/axi_ad9361/inst/i_tx/i_tx_channel_0/i_ad_iqcor/g_loop[0].i_mul_i/i_mult_macro/dsp_v5_1.DSP48_V5_1: DSP48E2 is not using the D port (AMULTSEL = A and BMULTSEL = B). For improved power characteristics, set DREG and ADREG to '1', tie CED, CEAD, and RSTD to logic '0'.
Related violations: <none>

AVAL-155#10 Advisory
enum_AMULTSEL_BMULTSEL_enum_DREG_ADREG_0_connects_CED_CEAD_RSTD_GND  
i_system_wrapper/system_i/axi_ad9361/inst/i_tx/i_tx_channel_0/i_ad_iqcor/g_loop[0].i_mul_q/i_mult_macro/dsp_v5_1.DSP48_V5_1: DSP48E2 is not using the D port (AMULTSEL = A and BMULTSEL = B). For improved power characteristics, set DREG and ADREG to '1', tie CED, CEAD, and RSTD to logic '0'.
Related violations: <none>

AVAL-155#11 Advisory
enum_AMULTSEL_BMULTSEL_enum_DREG_ADREG_0_connects_CED_CEAD_RSTD_GND  
i_system_wrapper/system_i/axi_ad9361/inst/i_tx/i_tx_channel_0/i_dds/dds_phase[1].i_dds_2/i_dds_1_0/i_dds_scale/i_mult_macro/dsp_v5_1.DSP48_V5_1: DSP48E2 is not using the D port (AMULTSEL = A and BMULTSEL = B). For improved power characteristics, set DREG and ADREG to '1', tie CED, CEAD, and RSTD to logic '0'.
Related violations: <none>

AVAL-155#12 Advisory
enum_AMULTSEL_BMULTSEL_enum_DREG_ADREG_0_connects_CED_CEAD_RSTD_GND  
i_system_wrapper/system_i/axi_ad9361/inst/i_tx/i_tx_channel_0/i_dds/dds_phase[1].i_dds_2/i_dds_1_1/i_dds_scale/i_mult_macro/dsp_v5_1.DSP48_V5_1: DSP48E2 is not using the D port (AMULTSEL = A and BMULTSEL = B). For improved power characteristics, set DREG and ADREG to '1', tie CED, CEAD, and RSTD to logic '0'.
Related violations: <none>

AVAL-155#13 Advisory
enum_AMULTSEL_BMULTSEL_enum_DREG_ADREG_0_connects_CED_CEAD_RSTD_GND  
i_system_wrapper/system_i/axi_ad9361/inst/i_tx/i_tx_channel_1/i_ad_iqcor/g_loop[0].i_mul_i/i_mult_macro/dsp_v5_1.DSP48_V5_1: DSP48E2 is not using the D port (AMULTSEL = A and BMULTSEL = B). For improved power characteristics, set DREG and ADREG to '1', tie CED, CEAD, and RSTD to logic '0'.
Related violations: <none>

AVAL-155#14 Advisory
enum_AMULTSEL_BMULTSEL_enum_DREG_ADREG_0_connects_CED_CEAD_RSTD_GND  
i_system_wrapper/system_i/axi_ad9361/inst/i_tx/i_tx_channel_1/i_ad_iqcor/g_loop[0].i_mul_q/i_mult_macro/dsp_v5_1.DSP48_V5_1: DSP48E2 is not using the D port (AMULTSEL = A and BMULTSEL = B). For improved power characteristics, set DREG and ADREG to '1', tie CED, CEAD, and RSTD to logic '0'.
Related violations: <none>

AVAL-155#15 Advisory
enum_AMULTSEL_BMULTSEL_enum_DREG_ADREG_0_connects_CED_CEAD_RSTD_GND  
i_system_wrapper/system_i/axi_ad9361/inst/i_tx/i_tx_channel_1/i_dds/dds_phase[1].i_dds_2/i_dds_1_0/i_dds_scale/i_mult_macro/dsp_v5_1.DSP48_V5_1: DSP48E2 is not using the D port (AMULTSEL = A and BMULTSEL = B). For improved power characteristics, set DREG and ADREG to '1', tie CED, CEAD, and RSTD to logic '0'.
Related violations: <none>

AVAL-155#16 Advisory
enum_AMULTSEL_BMULTSEL_enum_DREG_ADREG_0_connects_CED_CEAD_RSTD_GND  
i_system_wrapper/system_i/axi_ad9361/inst/i_tx/i_tx_channel_1/i_dds/dds_phase[1].i_dds_2/i_dds_1_1/i_dds_scale/i_mult_macro/dsp_v5_1.DSP48_V5_1: DSP48E2 is not using the D port (AMULTSEL = A and BMULTSEL = B). For improved power characteristics, set DREG and ADREG to '1', tie CED, CEAD, and RSTD to logic '0'.
Related violations: <none>

AVAL-155#17 Advisory
enum_AMULTSEL_BMULTSEL_enum_DREG_ADREG_0_connects_CED_CEAD_RSTD_GND  
i_system_wrapper/system_i/axi_ad9361/inst/i_tx/i_tx_channel_2/i_ad_iqcor/g_loop[0].i_mul_i/i_mult_macro/dsp_v5_1.DSP48_V5_1: DSP48E2 is not using the D port (AMULTSEL = A and BMULTSEL = B). For improved power characteristics, set DREG and ADREG to '1', tie CED, CEAD, and RSTD to logic '0'.
Related violations: <none>

AVAL-155#18 Advisory
enum_AMULTSEL_BMULTSEL_enum_DREG_ADREG_0_connects_CED_CEAD_RSTD_GND  
i_system_wrapper/system_i/axi_ad9361/inst/i_tx/i_tx_channel_2/i_ad_iqcor/g_loop[0].i_mul_q/i_mult_macro/dsp_v5_1.DSP48_V5_1: DSP48E2 is not using the D port (AMULTSEL = A and BMULTSEL = B). For improved power characteristics, set DREG and ADREG to '1', tie CED, CEAD, and RSTD to logic '0'.
Related violations: <none>

AVAL-155#19 Advisory
enum_AMULTSEL_BMULTSEL_enum_DREG_ADREG_0_connects_CED_CEAD_RSTD_GND  
i_system_wrapper/system_i/axi_ad9361/inst/i_tx/i_tx_channel_2/i_dds/dds_phase[1].i_dds_2/i_dds_1_0/i_dds_scale/i_mult_macro/dsp_v5_1.DSP48_V5_1: DSP48E2 is not using the D port (AMULTSEL = A and BMULTSEL = B). For improved power characteristics, set DREG and ADREG to '1', tie CED, CEAD, and RSTD to logic '0'.
Related violations: <none>

AVAL-155#20 Advisory
enum_AMULTSEL_BMULTSEL_enum_DREG_ADREG_0_connects_CED_CEAD_RSTD_GND  
i_system_wrapper/system_i/axi_ad9361/inst/i_tx/i_tx_channel_2/i_dds/dds_phase[1].i_dds_2/i_dds_1_1/i_dds_scale/i_mult_macro/dsp_v5_1.DSP48_V5_1: DSP48E2 is not using the D port (AMULTSEL = A and BMULTSEL = B). For improved power characteristics, set DREG and ADREG to '1', tie CED, CEAD, and RSTD to logic '0'.
Related violations: <none>

AVAL-155#21 Advisory
enum_AMULTSEL_BMULTSEL_enum_DREG_ADREG_0_connects_CED_CEAD_RSTD_GND  
i_system_wrapper/system_i/axi_ad9361/inst/i_tx/i_tx_channel_3/i_ad_iqcor/g_loop[0].i_mul_i/i_mult_macro/dsp_v5_1.DSP48_V5_1: DSP48E2 is not using the D port (AMULTSEL = A and BMULTSEL = B). For improved power characteristics, set DREG and ADREG to '1', tie CED, CEAD, and RSTD to logic '0'.
Related violations: <none>

AVAL-155#22 Advisory
enum_AMULTSEL_BMULTSEL_enum_DREG_ADREG_0_connects_CED_CEAD_RSTD_GND  
i_system_wrapper/system_i/axi_ad9361/inst/i_tx/i_tx_channel_3/i_ad_iqcor/g_loop[0].i_mul_q/i_mult_macro/dsp_v5_1.DSP48_V5_1: DSP48E2 is not using the D port (AMULTSEL = A and BMULTSEL = B). For improved power characteristics, set DREG and ADREG to '1', tie CED, CEAD, and RSTD to logic '0'.
Related violations: <none>

AVAL-155#23 Advisory
enum_AMULTSEL_BMULTSEL_enum_DREG_ADREG_0_connects_CED_CEAD_RSTD_GND  
i_system_wrapper/system_i/axi_ad9361/inst/i_tx/i_tx_channel_3/i_dds/dds_phase[1].i_dds_2/i_dds_1_0/i_dds_scale/i_mult_macro/dsp_v5_1.DSP48_V5_1: DSP48E2 is not using the D port (AMULTSEL = A and BMULTSEL = B). For improved power characteristics, set DREG and ADREG to '1', tie CED, CEAD, and RSTD to logic '0'.
Related violations: <none>

AVAL-155#24 Advisory
enum_AMULTSEL_BMULTSEL_enum_DREG_ADREG_0_connects_CED_CEAD_RSTD_GND  
i_system_wrapper/system_i/axi_ad9361/inst/i_tx/i_tx_channel_3/i_dds/dds_phase[1].i_dds_2/i_dds_1_1/i_dds_scale/i_mult_macro/dsp_v5_1.DSP48_V5_1: DSP48E2 is not using the D port (AMULTSEL = A and BMULTSEL = B). For improved power characteristics, set DREG and ADREG to '1', tie CED, CEAD, and RSTD to logic '0'.
Related violations: <none>

REQP-1701#1 Advisory
enum_DREG_0_connects_CED_GND  
i_system_wrapper/system_i/axi_ad9361/inst/i_rx/i_rx_channel_0/i_ad_dcfilter/i_dsp48e1: When the DSP48E2 DREG attribute is set to 0, the CED input pin should be tied to GND to save power.
Related violations: <none>

REQP-1701#2 Advisory
enum_DREG_0_connects_CED_GND  
i_system_wrapper/system_i/axi_ad9361/inst/i_rx/i_rx_channel_0/i_ad_iqcor/g_loop[0].i_mul_i/i_mult_macro/dsp_v5_1.DSP48_V5_1: When the DSP48E2 DREG attribute is set to 0, the CED input pin should be tied to GND to save power.
Related violations: <none>

REQP-1701#3 Advisory
enum_DREG_0_connects_CED_GND  
i_system_wrapper/system_i/axi_ad9361/inst/i_rx/i_rx_channel_0/i_ad_iqcor/g_loop[0].i_mul_q/i_mult_macro/dsp_v5_1.DSP48_V5_1: When the DSP48E2 DREG attribute is set to 0, the CED input pin should be tied to GND to save power.
Related violations: <none>

REQP-1701#4 Advisory
enum_DREG_0_connects_CED_GND  
i_system_wrapper/system_i/axi_ad9361/inst/i_rx/i_rx_channel_1/i_ad_dcfilter/i_dsp48e1: When the DSP48E2 DREG attribute is set to 0, the CED input pin should be tied to GND to save power.
Related violations: <none>

REQP-1701#5 Advisory
enum_DREG_0_connects_CED_GND  
i_system_wrapper/system_i/axi_ad9361/inst/i_rx/i_rx_channel_1/i_ad_iqcor/g_loop[0].i_mul_i/i_mult_macro/dsp_v5_1.DSP48_V5_1: When the DSP48E2 DREG attribute is set to 0, the CED input pin should be tied to GND to save power.
Related violations: <none>

REQP-1701#6 Advisory
enum_DREG_0_connects_CED_GND  
i_system_wrapper/system_i/axi_ad9361/inst/i_rx/i_rx_channel_1/i_ad_iqcor/g_loop[0].i_mul_q/i_mult_macro/dsp_v5_1.DSP48_V5_1: When the DSP48E2 DREG attribute is set to 0, the CED input pin should be tied to GND to save power.
Related violations: <none>

REQP-1701#7 Advisory
enum_DREG_0_connects_CED_GND  
i_system_wrapper/system_i/axi_ad9361/inst/i_rx/i_rx_channel_2/i_ad_dcfilter/i_dsp48e1: When the DSP48E2 DREG attribute is set to 0, the CED input pin should be tied to GND to save power.
Related violations: <none>

REQP-1701#8 Advisory
enum_DREG_0_connects_CED_GND  
i_system_wrapper/system_i/axi_ad9361/inst/i_rx/i_rx_channel_2/i_ad_iqcor/g_loop[0].i_mul_i/i_mult_macro/dsp_v5_1.DSP48_V5_1: When the DSP48E2 DREG attribute is set to 0, the CED input pin should be tied to GND to save power.
Related violations: <none>

REQP-1701#9 Advisory
enum_DREG_0_connects_CED_GND  
i_system_wrapper/system_i/axi_ad9361/inst/i_rx/i_rx_channel_2/i_ad_iqcor/g_loop[0].i_mul_q/i_mult_macro/dsp_v5_1.DSP48_V5_1: When the DSP48E2 DREG attribute is set to 0, the CED input pin should be tied to GND to save power.
Related violations: <none>

REQP-1701#10 Advisory
enum_DREG_0_connects_CED_GND  
i_system_wrapper/system_i/axi_ad9361/inst/i_rx/i_rx_channel_3/i_ad_dcfilter/i_dsp48e1: When the DSP48E2 DREG attribute is set to 0, the CED input pin should be tied to GND to save power.
Related violations: <none>

REQP-1701#11 Advisory
enum_DREG_0_connects_CED_GND  
i_system_wrapper/system_i/axi_ad9361/inst/i_rx/i_rx_channel_3/i_ad_iqcor/g_loop[0].i_mul_i/i_mult_macro/dsp_v5_1.DSP48_V5_1: When the DSP48E2 DREG attribute is set to 0, the CED input pin should be tied to GND to save power.
Related violations: <none>

REQP-1701#12 Advisory
enum_DREG_0_connects_CED_GND  
i_system_wrapper/system_i/axi_ad9361/inst/i_rx/i_rx_channel_3/i_ad_iqcor/g_loop[0].i_mul_q/i_mult_macro/dsp_v5_1.DSP48_V5_1: When the DSP48E2 DREG attribute is set to 0, the CED input pin should be tied to GND to save power.
Related violations: <none>

REQP-1701#13 Advisory
enum_DREG_0_connects_CED_GND  
i_system_wrapper/system_i/axi_ad9361/inst/i_tx/i_tx_channel_0/i_ad_iqcor/g_loop[0].i_mul_i/i_mult_macro/dsp_v5_1.DSP48_V5_1: When the DSP48E2 DREG attribute is set to 0, the CED input pin should be tied to GND to save power.
Related violations: <none>

REQP-1701#14 Advisory
enum_DREG_0_connects_CED_GND  
i_system_wrapper/system_i/axi_ad9361/inst/i_tx/i_tx_channel_0/i_ad_iqcor/g_loop[0].i_mul_q/i_mult_macro/dsp_v5_1.DSP48_V5_1: When the DSP48E2 DREG attribute is set to 0, the CED input pin should be tied to GND to save power.
Related violations: <none>

REQP-1701#15 Advisory
enum_DREG_0_connects_CED_GND  
i_system_wrapper/system_i/axi_ad9361/inst/i_tx/i_tx_channel_0/i_dds/dds_phase[1].i_dds_2/i_dds_1_0/i_dds_scale/i_mult_macro/dsp_v5_1.DSP48_V5_1: When the DSP48E2 DREG attribute is set to 0, the CED input pin should be tied to GND to save power.
Related violations: <none>

REQP-1701#16 Advisory
enum_DREG_0_connects_CED_GND  
i_system_wrapper/system_i/axi_ad9361/inst/i_tx/i_tx_channel_0/i_dds/dds_phase[1].i_dds_2/i_dds_1_1/i_dds_scale/i_mult_macro/dsp_v5_1.DSP48_V5_1: When the DSP48E2 DREG attribute is set to 0, the CED input pin should be tied to GND to save power.
Related violations: <none>

REQP-1701#17 Advisory
enum_DREG_0_connects_CED_GND  
i_system_wrapper/system_i/axi_ad9361/inst/i_tx/i_tx_channel_1/i_ad_iqcor/g_loop[0].i_mul_i/i_mult_macro/dsp_v5_1.DSP48_V5_1: When the DSP48E2 DREG attribute is set to 0, the CED input pin should be tied to GND to save power.
Related violations: <none>

REQP-1701#18 Advisory
enum_DREG_0_connects_CED_GND  
i_system_wrapper/system_i/axi_ad9361/inst/i_tx/i_tx_channel_1/i_ad_iqcor/g_loop[0].i_mul_q/i_mult_macro/dsp_v5_1.DSP48_V5_1: When the DSP48E2 DREG attribute is set to 0, the CED input pin should be tied to GND to save power.
Related violations: <none>

REQP-1701#19 Advisory
enum_DREG_0_connects_CED_GND  
i_system_wrapper/system_i/axi_ad9361/inst/i_tx/i_tx_channel_1/i_dds/dds_phase[1].i_dds_2/i_dds_1_0/i_dds_scale/i_mult_macro/dsp_v5_1.DSP48_V5_1: When the DSP48E2 DREG attribute is set to 0, the CED input pin should be tied to GND to save power.
Related violations: <none>

REQP-1701#20 Advisory
enum_DREG_0_connects_CED_GND  
i_system_wrapper/system_i/axi_ad9361/inst/i_tx/i_tx_channel_1/i_dds/dds_phase[1].i_dds_2/i_dds_1_1/i_dds_scale/i_mult_macro/dsp_v5_1.DSP48_V5_1: When the DSP48E2 DREG attribute is set to 0, the CED input pin should be tied to GND to save power.
Related violations: <none>

REQP-1701#21 Advisory
enum_DREG_0_connects_CED_GND  
i_system_wrapper/system_i/axi_ad9361/inst/i_tx/i_tx_channel_2/i_ad_iqcor/g_loop[0].i_mul_i/i_mult_macro/dsp_v5_1.DSP48_V5_1: When the DSP48E2 DREG attribute is set to 0, the CED input pin should be tied to GND to save power.
Related violations: <none>

REQP-1701#22 Advisory
enum_DREG_0_connects_CED_GND  
i_system_wrapper/system_i/axi_ad9361/inst/i_tx/i_tx_channel_2/i_ad_iqcor/g_loop[0].i_mul_q/i_mult_macro/dsp_v5_1.DSP48_V5_1: When the DSP48E2 DREG attribute is set to 0, the CED input pin should be tied to GND to save power.
Related violations: <none>

REQP-1701#23 Advisory
enum_DREG_0_connects_CED_GND  
i_system_wrapper/system_i/axi_ad9361/inst/i_tx/i_tx_channel_2/i_dds/dds_phase[1].i_dds_2/i_dds_1_0/i_dds_scale/i_mult_macro/dsp_v5_1.DSP48_V5_1: When the DSP48E2 DREG attribute is set to 0, the CED input pin should be tied to GND to save power.
Related violations: <none>

REQP-1701#24 Advisory
enum_DREG_0_connects_CED_GND  
i_system_wrapper/system_i/axi_ad9361/inst/i_tx/i_tx_channel_2/i_dds/dds_phase[1].i_dds_2/i_dds_1_1/i_dds_scale/i_mult_macro/dsp_v5_1.DSP48_V5_1: When the DSP48E2 DREG attribute is set to 0, the CED input pin should be tied to GND to save power.
Related violations: <none>

REQP-1701#25 Advisory
enum_DREG_0_connects_CED_GND  
i_system_wrapper/system_i/axi_ad9361/inst/i_tx/i_tx_channel_3/i_ad_iqcor/g_loop[0].i_mul_i/i_mult_macro/dsp_v5_1.DSP48_V5_1: When the DSP48E2 DREG attribute is set to 0, the CED input pin should be tied to GND to save power.
Related violations: <none>

REQP-1701#26 Advisory
enum_DREG_0_connects_CED_GND  
i_system_wrapper/system_i/axi_ad9361/inst/i_tx/i_tx_channel_3/i_ad_iqcor/g_loop[0].i_mul_q/i_mult_macro/dsp_v5_1.DSP48_V5_1: When the DSP48E2 DREG attribute is set to 0, the CED input pin should be tied to GND to save power.
Related violations: <none>

REQP-1701#27 Advisory
enum_DREG_0_connects_CED_GND  
i_system_wrapper/system_i/axi_ad9361/inst/i_tx/i_tx_channel_3/i_dds/dds_phase[1].i_dds_2/i_dds_1_0/i_dds_scale/i_mult_macro/dsp_v5_1.DSP48_V5_1: When the DSP48E2 DREG attribute is set to 0, the CED input pin should be tied to GND to save power.
Related violations: <none>

REQP-1701#28 Advisory
enum_DREG_0_connects_CED_GND  
i_system_wrapper/system_i/axi_ad9361/inst/i_tx/i_tx_channel_3/i_dds/dds_phase[1].i_dds_2/i_dds_1_1/i_dds_scale/i_mult_macro/dsp_v5_1.DSP48_V5_1: When the DSP48E2 DREG attribute is set to 0, the CED input pin should be tied to GND to save power.
Related violations: <none>


