# do {bbpTB_compile.do}
# ** Warning: (vlib-34) Library already exists at "modelsim_lib/work".
# Errors: 0, Warnings: 1
# ** Warning: (vlib-34) Library already exists at "modelsim_lib/msim".
# Errors: 0, Warnings: 1
# ** Warning: (vlib-34) Library already exists at "modelsim_lib/msim/xil_defaultlib".
# Errors: 0, Warnings: 1
# reading modelsim.ini
# Model Technology ModelSim SE-64 vmap 2020.4 Lib Mapping Utility 2020.10 Oct 13 2020
# vmap xil_defaultlib modelsim_lib/msim/xil_defaultlib 
# Modifying modelsim.ini
# Model Technology ModelSim SE-64 vlog 2020.4 Compiler 2020.10 Oct 13 2020
# Start time: 16:09:21 on Dec 06,2021
# vlog -incr -mfcu -work xil_defaultlib "+incdir+../../../../myAd9361.gen/sources_1/ip/bbp_clk_gen" ../../../../myAd9361.gen/sources_1/ip/ad9361_fifo/sim/ad9361_fifo.v ../../../../myAd9361.gen/sources_1/ip/bbp_clk_gen/bbp_clk_gen_clk_wiz.v ../../../../myAd9361.gen/sources_1/ip/bbp_clk_gen/bbp_clk_gen.v ../../../../../../../../python_project/bbp_.v ../../../../myAd9361.srcs/sim_1/new/bbpTB.v 
# -- Skipping module ad9361_fifo
# -- Skipping module bbp_clk_gen_clk_wiz
# -- Skipping module bbp_clk_gen
# -- Skipping module rxPath
# -- Skipping module txPath
# -- Skipping module bbp
# -- Compiling module bbpTB
# 
# Top level modules:
# 	bbpTB
# End time: 16:09:21 on Dec 06,2021, Elapsed time: 0:00:00
# Errors: 0, Warnings: 0
# Model Technology ModelSim SE-64 vlog 2020.4 Compiler 2020.10 Oct 13 2020
# Start time: 16:09:21 on Dec 06,2021
# vlog -work xil_defaultlib glbl.v 
# -- Compiling module glbl
# 
# Top level modules:
# 	glbl
# End time: 16:09:21 on Dec 06,2021, Elapsed time: 0:00:00
# Errors: 0, Warnings: 0
