
*** Running vivado
    with args -log system_axi_uart_0.vds -m64 -product Vivado -mode batch -messageDb vivado.pb -notrace -source system_axi_uart_0.tcl



****** Vivado v2021.1 (64-bit)
  **** SW Build 3247384 on Thu Jun 10 19:36:33 MDT 2021
  **** IP Build 3246043 on Fri Jun 11 00:30:35 MDT 2021
    ** Copyright 1986-2021 Xilinx, Inc. All Rights Reserved.

source system_axi_uart_0.tcl -notrace
INFO: [IP_Flow 19-234] Refreshing IP repositories
INFO: [IP_Flow 19-1700] Loaded user IP repository 'd:/projects/adi_hdl/library'.
WARNING: [IP_Flow 19-2248] Failed to load user IP repository 'd:/projects/ghdl/library'; Can't find the specified path.
If this directory should no longer be in your list of user repositories, go to the IP Settings dialog and remove it.
INFO: [IP_Flow 19-2313] Loaded Vivado IP repository 'C:/Xilinx_/Vivado/2021.1/data/ip'.
Command: synth_design -top system_axi_uart_0 -part xcku040-ffva1156-2-e -mode out_of_context
Starting synth_design
Attempting to get a license for feature 'Synthesis' and/or device 'xcku040'
INFO: [Common 17-349] Got license for feature 'Synthesis' and/or device 'xcku040'
INFO: [Device 21-403] Loading part xcku040-ffva1156-2-e
INFO: [Synth 8-7079] Multithreading enabled for synth_design using a maximum of 2 processes.
INFO: [Synth 8-7078] Launching helper process for spawning children vivado processes
INFO: [Synth 8-7075] Helper process launched with PID 14592
---------------------------------------------------------------------------------
Starting RTL Elaboration : Time (s): cpu = 00:00:07 ; elapsed = 00:00:06 . Memory (MB): peak = 1265.250 ; gain = 128.906
---------------------------------------------------------------------------------
INFO: [Synth 8-638] synthesizing module 'system_axi_uart_0' [d:/projects/adi_hdl/projects/fmcomms2/kcu105/fmcomms2_kcu105.gen/sources_1/bd/system/ip/system_axi_uart_0/synth/system_axi_uart_0.vhd:86]
	Parameter C_FAMILY bound to: kintexu - type: string 
	Parameter C_S_AXI_ACLK_FREQ_HZ bound to: 100000000 - type: integer 
	Parameter C_S_AXI_ADDR_WIDTH bound to: 4 - type: integer 
	Parameter C_S_AXI_DATA_WIDTH bound to: 32 - type: integer 
	Parameter C_BAUDRATE bound to: 115200 - type: integer 
	Parameter C_DATA_BITS bound to: 8 - type: integer 
	Parameter C_USE_PARITY bound to: 0 - type: integer 
	Parameter C_ODD_PARITY bound to: 0 - type: integer 
INFO: [Synth 8-3491] module 'axi_uartlite' declared at 'd:/projects/adi_hdl/projects/fmcomms2/kcu105/fmcomms2_kcu105.gen/sources_1/bd/system/ipshared/8c9b/hdl/axi_uartlite_v2_0_vh_rfs.vhd:2128' bound to instance 'U0' of component 'axi_uartlite' [d:/projects/adi_hdl/projects/fmcomms2/kcu105/fmcomms2_kcu105.gen/sources_1/bd/system/ip/system_axi_uart_0/synth/system_axi_uart_0.vhd:162]
INFO: [Synth 8-638] synthesizing module 'axi_uartlite' [d:/projects/adi_hdl/projects/fmcomms2/kcu105/fmcomms2_kcu105.gen/sources_1/bd/system/ipshared/8c9b/hdl/axi_uartlite_v2_0_vh_rfs.vhd:2190]
INFO: [Synth 8-638] synthesizing module 'uartlite_core' [d:/projects/adi_hdl/projects/fmcomms2/kcu105/fmcomms2_kcu105.gen/sources_1/bd/system/ipshared/8c9b/hdl/axi_uartlite_v2_0_vh_rfs.vhd:1650]
INFO: [Synth 8-638] synthesizing module 'baudrate' [d:/projects/adi_hdl/projects/fmcomms2/kcu105/fmcomms2_kcu105.gen/sources_1/bd/system/ipshared/8c9b/hdl/axi_uartlite_v2_0_vh_rfs.vhd:1453]
INFO: [Synth 8-256] done synthesizing module 'baudrate' (1#1) [d:/projects/adi_hdl/projects/fmcomms2/kcu105/fmcomms2_kcu105.gen/sources_1/bd/system/ipshared/8c9b/hdl/axi_uartlite_v2_0_vh_rfs.vhd:1453]
INFO: [Synth 8-638] synthesizing module 'uartlite_rx' [d:/projects/adi_hdl/projects/fmcomms2/kcu105/fmcomms2_kcu105.gen/sources_1/bd/system/ipshared/8c9b/hdl/axi_uartlite_v2_0_vh_rfs.vhd:927]
INFO: [Synth 8-638] synthesizing module 'cdc_sync' [d:/projects/adi_hdl/projects/fmcomms2/kcu105/fmcomms2_kcu105.gen/sources_1/bd/system/ipshared/ef1e/hdl/lib_cdc_v1_0_rfs.vhd:106]
	Parameter INIT bound to: 1'b0 
INFO: [Synth 8-113] binding component instance 'CROSS_PLEVEL_IN2SCNDRY_IN_cdc_to' to cell 'FDR' [d:/projects/adi_hdl/projects/fmcomms2/kcu105/fmcomms2_kcu105.gen/sources_1/bd/system/ipshared/ef1e/hdl/lib_cdc_v1_0_rfs.vhd:514]
	Parameter INIT bound to: 1'b0 
INFO: [Synth 8-113] binding component instance 'CROSS_PLEVEL_IN2SCNDRY_s_level_out_d2' to cell 'FDR' [d:/projects/adi_hdl/projects/fmcomms2/kcu105/fmcomms2_kcu105.gen/sources_1/bd/system/ipshared/ef1e/hdl/lib_cdc_v1_0_rfs.vhd:545]
	Parameter INIT bound to: 1'b0 
INFO: [Synth 8-113] binding component instance 'CROSS_PLEVEL_IN2SCNDRY_s_level_out_d3' to cell 'FDR' [d:/projects/adi_hdl/projects/fmcomms2/kcu105/fmcomms2_kcu105.gen/sources_1/bd/system/ipshared/ef1e/hdl/lib_cdc_v1_0_rfs.vhd:554]
	Parameter INIT bound to: 1'b0 
INFO: [Synth 8-113] binding component instance 'CROSS_PLEVEL_IN2SCNDRY_s_level_out_d4' to cell 'FDR' [d:/projects/adi_hdl/projects/fmcomms2/kcu105/fmcomms2_kcu105.gen/sources_1/bd/system/ipshared/ef1e/hdl/lib_cdc_v1_0_rfs.vhd:564]
	Parameter INIT bound to: 1'b0 
INFO: [Synth 8-113] binding component instance 'CROSS_PLEVEL_IN2SCNDRY_s_level_out_d5' to cell 'FDR' [d:/projects/adi_hdl/projects/fmcomms2/kcu105/fmcomms2_kcu105.gen/sources_1/bd/system/ipshared/ef1e/hdl/lib_cdc_v1_0_rfs.vhd:574]
	Parameter INIT bound to: 1'b0 
INFO: [Synth 8-113] binding component instance 'CROSS_PLEVEL_IN2SCNDRY_s_level_out_d6' to cell 'FDR' [d:/projects/adi_hdl/projects/fmcomms2/kcu105/fmcomms2_kcu105.gen/sources_1/bd/system/ipshared/ef1e/hdl/lib_cdc_v1_0_rfs.vhd:584]
INFO: [Synth 8-256] done synthesizing module 'cdc_sync' (2#1) [d:/projects/adi_hdl/projects/fmcomms2/kcu105/fmcomms2_kcu105.gen/sources_1/bd/system/ipshared/ef1e/hdl/lib_cdc_v1_0_rfs.vhd:106]
INFO: [Synth 8-638] synthesizing module 'srl_fifo_f' [d:/projects/adi_hdl/projects/fmcomms2/kcu105/fmcomms2_kcu105.gen/sources_1/bd/system/ipshared/51ce/hdl/lib_srl_fifo_v1_0_rfs.vhd:1000]
INFO: [Synth 8-638] synthesizing module 'srl_fifo_rbu_f' [d:/projects/adi_hdl/projects/fmcomms2/kcu105/fmcomms2_kcu105.gen/sources_1/bd/system/ipshared/51ce/hdl/lib_srl_fifo_v1_0_rfs.vhd:697]
INFO: [Synth 8-638] synthesizing module 'cntr_incr_decr_addn_f' [d:/projects/adi_hdl/projects/fmcomms2/kcu105/fmcomms2_kcu105.gen/sources_1/bd/system/ipshared/51ce/hdl/lib_srl_fifo_v1_0_rfs.vhd:143]
INFO: [Synth 8-256] done synthesizing module 'cntr_incr_decr_addn_f' (3#1) [d:/projects/adi_hdl/projects/fmcomms2/kcu105/fmcomms2_kcu105.gen/sources_1/bd/system/ipshared/51ce/hdl/lib_srl_fifo_v1_0_rfs.vhd:143]
INFO: [Synth 8-638] synthesizing module 'dynshreg_f' [d:/projects/adi_hdl/projects/fmcomms2/kcu105/fmcomms2_kcu105.gen/sources_1/bd/system/ipshared/51ce/hdl/lib_srl_fifo_v1_0_rfs.vhd:397]
INFO: [Synth 8-256] done synthesizing module 'dynshreg_f' (4#1) [d:/projects/adi_hdl/projects/fmcomms2/kcu105/fmcomms2_kcu105.gen/sources_1/bd/system/ipshared/51ce/hdl/lib_srl_fifo_v1_0_rfs.vhd:397]
INFO: [Synth 8-256] done synthesizing module 'srl_fifo_rbu_f' (5#1) [d:/projects/adi_hdl/projects/fmcomms2/kcu105/fmcomms2_kcu105.gen/sources_1/bd/system/ipshared/51ce/hdl/lib_srl_fifo_v1_0_rfs.vhd:697]
INFO: [Synth 8-256] done synthesizing module 'srl_fifo_f' (6#1) [d:/projects/adi_hdl/projects/fmcomms2/kcu105/fmcomms2_kcu105.gen/sources_1/bd/system/ipshared/51ce/hdl/lib_srl_fifo_v1_0_rfs.vhd:1000]
INFO: [Synth 8-256] done synthesizing module 'uartlite_rx' (7#1) [d:/projects/adi_hdl/projects/fmcomms2/kcu105/fmcomms2_kcu105.gen/sources_1/bd/system/ipshared/8c9b/hdl/axi_uartlite_v2_0_vh_rfs.vhd:927]
INFO: [Synth 8-638] synthesizing module 'uartlite_tx' [d:/projects/adi_hdl/projects/fmcomms2/kcu105/fmcomms2_kcu105.gen/sources_1/bd/system/ipshared/8c9b/hdl/axi_uartlite_v2_0_vh_rfs.vhd:408]
INFO: [Synth 8-256] done synthesizing module 'uartlite_tx' (8#1) [d:/projects/adi_hdl/projects/fmcomms2/kcu105/fmcomms2_kcu105.gen/sources_1/bd/system/ipshared/8c9b/hdl/axi_uartlite_v2_0_vh_rfs.vhd:408]
INFO: [Synth 8-256] done synthesizing module 'uartlite_core' (9#1) [d:/projects/adi_hdl/projects/fmcomms2/kcu105/fmcomms2_kcu105.gen/sources_1/bd/system/ipshared/8c9b/hdl/axi_uartlite_v2_0_vh_rfs.vhd:1650]
INFO: [Synth 8-638] synthesizing module 'axi_lite_ipif' [d:/projects/adi_hdl/projects/fmcomms2/kcu105/fmcomms2_kcu105.gen/sources_1/bd/system/ipshared/66ea/hdl/axi_lite_ipif_v3_0_vh_rfs.vhd:2948]
INFO: [Synth 8-638] synthesizing module 'slave_attachment' [d:/projects/adi_hdl/projects/fmcomms2/kcu105/fmcomms2_kcu105.gen/sources_1/bd/system/ipshared/66ea/hdl/axi_lite_ipif_v3_0_vh_rfs.vhd:2341]
INFO: [Synth 8-638] synthesizing module 'address_decoder' [d:/projects/adi_hdl/projects/fmcomms2/kcu105/fmcomms2_kcu105.gen/sources_1/bd/system/ipshared/66ea/hdl/axi_lite_ipif_v3_0_vh_rfs.vhd:1775]
INFO: [Synth 8-638] synthesizing module 'pselect_f' [d:/projects/adi_hdl/projects/fmcomms2/kcu105/fmcomms2_kcu105.gen/sources_1/bd/system/ipshared/66ea/hdl/axi_lite_ipif_v3_0_vh_rfs.vhd:1534]
INFO: [Synth 8-256] done synthesizing module 'pselect_f' (10#1) [d:/projects/adi_hdl/projects/fmcomms2/kcu105/fmcomms2_kcu105.gen/sources_1/bd/system/ipshared/66ea/hdl/axi_lite_ipif_v3_0_vh_rfs.vhd:1534]
INFO: [Synth 8-638] synthesizing module 'pselect_f__parameterized0' [d:/projects/adi_hdl/projects/fmcomms2/kcu105/fmcomms2_kcu105.gen/sources_1/bd/system/ipshared/66ea/hdl/axi_lite_ipif_v3_0_vh_rfs.vhd:1534]
INFO: [Synth 8-256] done synthesizing module 'pselect_f__parameterized0' (10#1) [d:/projects/adi_hdl/projects/fmcomms2/kcu105/fmcomms2_kcu105.gen/sources_1/bd/system/ipshared/66ea/hdl/axi_lite_ipif_v3_0_vh_rfs.vhd:1534]
INFO: [Synth 8-638] synthesizing module 'pselect_f__parameterized1' [d:/projects/adi_hdl/projects/fmcomms2/kcu105/fmcomms2_kcu105.gen/sources_1/bd/system/ipshared/66ea/hdl/axi_lite_ipif_v3_0_vh_rfs.vhd:1534]
INFO: [Synth 8-256] done synthesizing module 'pselect_f__parameterized1' (10#1) [d:/projects/adi_hdl/projects/fmcomms2/kcu105/fmcomms2_kcu105.gen/sources_1/bd/system/ipshared/66ea/hdl/axi_lite_ipif_v3_0_vh_rfs.vhd:1534]
INFO: [Synth 8-638] synthesizing module 'pselect_f__parameterized2' [d:/projects/adi_hdl/projects/fmcomms2/kcu105/fmcomms2_kcu105.gen/sources_1/bd/system/ipshared/66ea/hdl/axi_lite_ipif_v3_0_vh_rfs.vhd:1534]
INFO: [Synth 8-256] done synthesizing module 'pselect_f__parameterized2' (10#1) [d:/projects/adi_hdl/projects/fmcomms2/kcu105/fmcomms2_kcu105.gen/sources_1/bd/system/ipshared/66ea/hdl/axi_lite_ipif_v3_0_vh_rfs.vhd:1534]
INFO: [Synth 8-256] done synthesizing module 'address_decoder' (11#1) [d:/projects/adi_hdl/projects/fmcomms2/kcu105/fmcomms2_kcu105.gen/sources_1/bd/system/ipshared/66ea/hdl/axi_lite_ipif_v3_0_vh_rfs.vhd:1775]
INFO: [Synth 8-226] default block is never used [d:/projects/adi_hdl/projects/fmcomms2/kcu105/fmcomms2_kcu105.gen/sources_1/bd/system/ipshared/66ea/hdl/axi_lite_ipif_v3_0_vh_rfs.vhd:2550]
INFO: [Synth 8-256] done synthesizing module 'slave_attachment' (12#1) [d:/projects/adi_hdl/projects/fmcomms2/kcu105/fmcomms2_kcu105.gen/sources_1/bd/system/ipshared/66ea/hdl/axi_lite_ipif_v3_0_vh_rfs.vhd:2341]
INFO: [Synth 8-256] done synthesizing module 'axi_lite_ipif' (13#1) [d:/projects/adi_hdl/projects/fmcomms2/kcu105/fmcomms2_kcu105.gen/sources_1/bd/system/ipshared/66ea/hdl/axi_lite_ipif_v3_0_vh_rfs.vhd:2948]
INFO: [Synth 8-256] done synthesizing module 'axi_uartlite' (14#1) [d:/projects/adi_hdl/projects/fmcomms2/kcu105/fmcomms2_kcu105.gen/sources_1/bd/system/ipshared/8c9b/hdl/axi_uartlite_v2_0_vh_rfs.vhd:2190]
INFO: [Synth 8-256] done synthesizing module 'system_axi_uart_0' (15#1) [d:/projects/adi_hdl/projects/fmcomms2/kcu105/fmcomms2_kcu105.gen/sources_1/bd/system/ip/system_axi_uart_0/synth/system_axi_uart_0.vhd:86]
---------------------------------------------------------------------------------
Finished RTL Elaboration : Time (s): cpu = 00:00:09 ; elapsed = 00:00:09 . Memory (MB): peak = 1338.020 ; gain = 201.676
---------------------------------------------------------------------------------
---------------------------------------------------------------------------------
Start Handling Custom Attributes
---------------------------------------------------------------------------------
---------------------------------------------------------------------------------
Finished Handling Custom Attributes : Time (s): cpu = 00:00:10 ; elapsed = 00:00:10 . Memory (MB): peak = 1338.020 ; gain = 201.676
---------------------------------------------------------------------------------
---------------------------------------------------------------------------------
Finished RTL Optimization Phase 1 : Time (s): cpu = 00:00:10 ; elapsed = 00:00:10 . Memory (MB): peak = 1338.020 ; gain = 201.676
---------------------------------------------------------------------------------
Netlist sorting complete. Time (s): cpu = 00:00:00 ; elapsed = 00:00:00.028 . Memory (MB): peak = 1338.020 ; gain = 0.000
INFO: [Netlist 29-17] Analyzing 6 Unisim elements for replacement
INFO: [Netlist 29-28] Unisim Transformation completed in 0 CPU seconds
INFO: [Project 1-570] Preparing netlist for logic optimization

Processing XDC Constraints
Initializing timing engine
Parsing XDC File [d:/projects/adi_hdl/projects/fmcomms2/kcu105/fmcomms2_kcu105.gen/sources_1/bd/system/ip/system_axi_uart_0/system_axi_uart_0_ooc.xdc] for cell 'U0'
Finished Parsing XDC File [d:/projects/adi_hdl/projects/fmcomms2/kcu105/fmcomms2_kcu105.gen/sources_1/bd/system/ip/system_axi_uart_0/system_axi_uart_0_ooc.xdc] for cell 'U0'
Parsing XDC File [d:/projects/adi_hdl/projects/fmcomms2/kcu105/fmcomms2_kcu105.gen/sources_1/bd/system/ip/system_axi_uart_0/system_axi_uart_0_board.xdc] for cell 'U0'
Finished Parsing XDC File [d:/projects/adi_hdl/projects/fmcomms2/kcu105/fmcomms2_kcu105.gen/sources_1/bd/system/ip/system_axi_uart_0/system_axi_uart_0_board.xdc] for cell 'U0'
Parsing XDC File [d:/projects/adi_hdl/projects/fmcomms2/kcu105/fmcomms2_kcu105.gen/sources_1/bd/system/ip/system_axi_uart_0/system_axi_uart_0.xdc] for cell 'U0'
Finished Parsing XDC File [d:/projects/adi_hdl/projects/fmcomms2/kcu105/fmcomms2_kcu105.gen/sources_1/bd/system/ip/system_axi_uart_0/system_axi_uart_0.xdc] for cell 'U0'
Parsing XDC File [D:/projects/adi_hdl/projects/fmcomms2/kcu105/fmcomms2_kcu105.runs/system_axi_uart_0_synth_1/dont_touch.xdc]
Finished Parsing XDC File [D:/projects/adi_hdl/projects/fmcomms2/kcu105/fmcomms2_kcu105.runs/system_axi_uart_0_synth_1/dont_touch.xdc]
Completed Processing XDC Constraints

Netlist sorting complete. Time (s): cpu = 00:00:00 ; elapsed = 00:00:00 . Memory (MB): peak = 1437.238 ; gain = 0.000
INFO: [Project 1-111] Unisim Transformation Summary:
  A total of 6 instances were transformed.
  FDR => FDRE: 6 instances

Constraint Validation Runtime : Time (s): cpu = 00:00:00 ; elapsed = 00:00:00.032 . Memory (MB): peak = 1438.746 ; gain = 1.508
---------------------------------------------------------------------------------
Finished Constraint Validation : Time (s): cpu = 00:00:16 ; elapsed = 00:00:17 . Memory (MB): peak = 1438.746 ; gain = 302.402
---------------------------------------------------------------------------------
---------------------------------------------------------------------------------
Start Loading Part and Timing Information
---------------------------------------------------------------------------------
Loading part: xcku040-ffva1156-2-e
INFO: [Synth 8-6742] Reading net delay rules and data
---------------------------------------------------------------------------------
Finished Loading Part and Timing Information : Time (s): cpu = 00:00:16 ; elapsed = 00:00:17 . Memory (MB): peak = 1438.746 ; gain = 302.402
---------------------------------------------------------------------------------
---------------------------------------------------------------------------------
Start Applying 'set_property' XDC Constraints
---------------------------------------------------------------------------------
Applied set_property KEEP_HIERARCHY = SOFT for U0. (constraint file  D:/projects/adi_hdl/projects/fmcomms2/kcu105/fmcomms2_kcu105.runs/system_axi_uart_0_synth_1/dont_touch.xdc, line 9).
---------------------------------------------------------------------------------
Finished applying 'set_property' XDC Constraints : Time (s): cpu = 00:00:16 ; elapsed = 00:00:17 . Memory (MB): peak = 1438.746 ; gain = 302.402
---------------------------------------------------------------------------------
INFO: [Synth 8-802] inferred FSM for state register 'state_reg' in module 'slave_attachment'
---------------------------------------------------------------------------------------------------
                   State |                     New Encoding |                Previous Encoding 
---------------------------------------------------------------------------------------------------
                 sm_idle |                             0010 |                               00
                 sm_read |                             1000 |                               01
                sm_write |                             0100 |                               10
                 sm_resp |                             0001 |                               11
---------------------------------------------------------------------------------------------------
INFO: [Synth 8-3354] encoded FSM with state register 'state_reg' using encoding 'one-hot' in module 'slave_attachment'
---------------------------------------------------------------------------------
Finished RTL Optimization Phase 2 : Time (s): cpu = 00:00:17 ; elapsed = 00:00:17 . Memory (MB): peak = 1438.746 ; gain = 302.402
---------------------------------------------------------------------------------
---------------------------------------------------------------------------------
Start RTL Component Statistics 
---------------------------------------------------------------------------------
Detailed RTL Component Info : 
+---Adders : 
	   2 Input    6 Bit       Adders := 1     
	   3 Input    5 Bit       Adders := 2     
	   2 Input    3 Bit       Adders := 1     
+---Registers : 
	               32 Bit    Registers := 1     
	               16 Bit    Registers := 2     
	                6 Bit    Registers := 1     
	                5 Bit    Registers := 2     
	                4 Bit    Registers := 1     
	                3 Bit    Registers := 1     
	                2 Bit    Registers := 2     
	                1 Bit    Registers := 46    
+---Muxes : 
	   2 Input    8 Bit        Muxes := 2     
	   2 Input    6 Bit        Muxes := 1     
	   4 Input    4 Bit        Muxes := 1     
	   2 Input    4 Bit        Muxes := 6     
	   2 Input    3 Bit        Muxes := 1     
	   2 Input    2 Bit        Muxes := 2     
	   2 Input    1 Bit        Muxes := 113   
---------------------------------------------------------------------------------
Finished RTL Component Statistics 
---------------------------------------------------------------------------------
---------------------------------------------------------------------------------
Start Part Resource Summary
---------------------------------------------------------------------------------
Part Resources:
DSPs: 1920 (col length:120)
BRAMs: 1200 (col length: RAMB18 120 RAMB36 60)
---------------------------------------------------------------------------------
Finished Part Resource Summary
---------------------------------------------------------------------------------
---------------------------------------------------------------------------------
Start Cross Boundary and Area Optimization
---------------------------------------------------------------------------------
---------------------------------------------------------------------------------
Finished Cross Boundary and Area Optimization : Time (s): cpu = 00:00:19 ; elapsed = 00:00:20 . Memory (MB): peak = 1438.746 ; gain = 302.402
---------------------------------------------------------------------------------
---------------------------------------------------------------------------------
Start Applying XDC Timing Constraints
---------------------------------------------------------------------------------
---------------------------------------------------------------------------------
Finished Applying XDC Timing Constraints : Time (s): cpu = 00:00:27 ; elapsed = 00:00:28 . Memory (MB): peak = 1528.203 ; gain = 391.859
---------------------------------------------------------------------------------
---------------------------------------------------------------------------------
Start Timing Optimization
---------------------------------------------------------------------------------
---------------------------------------------------------------------------------
Finished Timing Optimization : Time (s): cpu = 00:00:27 ; elapsed = 00:00:28 . Memory (MB): peak = 1550.512 ; gain = 414.168
---------------------------------------------------------------------------------
---------------------------------------------------------------------------------
Start Technology Mapping
---------------------------------------------------------------------------------
---------------------------------------------------------------------------------
Finished Technology Mapping : Time (s): cpu = 00:00:28 ; elapsed = 00:00:28 . Memory (MB): peak = 1552.395 ; gain = 416.051
---------------------------------------------------------------------------------
---------------------------------------------------------------------------------
Start IO Insertion
---------------------------------------------------------------------------------
---------------------------------------------------------------------------------
Start Flattening Before IO Insertion
---------------------------------------------------------------------------------
---------------------------------------------------------------------------------
Finished Flattening Before IO Insertion
---------------------------------------------------------------------------------
---------------------------------------------------------------------------------
Start Final Netlist Cleanup
---------------------------------------------------------------------------------
---------------------------------------------------------------------------------
Finished Final Netlist Cleanup
---------------------------------------------------------------------------------
---------------------------------------------------------------------------------
Finished IO Insertion : Time (s): cpu = 00:00:32 ; elapsed = 00:00:33 . Memory (MB): peak = 1557.141 ; gain = 420.797
---------------------------------------------------------------------------------
---------------------------------------------------------------------------------
Start Renaming Generated Instances
---------------------------------------------------------------------------------
---------------------------------------------------------------------------------
Finished Renaming Generated Instances : Time (s): cpu = 00:00:32 ; elapsed = 00:00:33 . Memory (MB): peak = 1557.141 ; gain = 420.797
---------------------------------------------------------------------------------
---------------------------------------------------------------------------------
Start Rebuilding User Hierarchy
---------------------------------------------------------------------------------
---------------------------------------------------------------------------------
Finished Rebuilding User Hierarchy : Time (s): cpu = 00:00:32 ; elapsed = 00:00:33 . Memory (MB): peak = 1557.141 ; gain = 420.797
---------------------------------------------------------------------------------
---------------------------------------------------------------------------------
Start Renaming Generated Ports
---------------------------------------------------------------------------------
---------------------------------------------------------------------------------
Finished Renaming Generated Ports : Time (s): cpu = 00:00:32 ; elapsed = 00:00:33 . Memory (MB): peak = 1557.141 ; gain = 420.797
---------------------------------------------------------------------------------
---------------------------------------------------------------------------------
Start Handling Custom Attributes
---------------------------------------------------------------------------------
---------------------------------------------------------------------------------
Finished Handling Custom Attributes : Time (s): cpu = 00:00:32 ; elapsed = 00:00:33 . Memory (MB): peak = 1557.141 ; gain = 420.797
---------------------------------------------------------------------------------
---------------------------------------------------------------------------------
Start Renaming Generated Nets
---------------------------------------------------------------------------------
---------------------------------------------------------------------------------
Finished Renaming Generated Nets : Time (s): cpu = 00:00:32 ; elapsed = 00:00:33 . Memory (MB): peak = 1557.141 ; gain = 420.797
---------------------------------------------------------------------------------
---------------------------------------------------------------------------------
Start ROM, RAM, DSP, Shift Register and Retiming Reporting
---------------------------------------------------------------------------------

Static Shift Register Report:
+-------------+--------------------------------------------------+--------+-------+--------------+--------------------+-------------------+--------+---------+
|Module Name  | RTL Name                                         | Length | Width | Reset Signal | Pull out first Reg | Pull out last Reg | SRL16E | SRLC32E | 
+-------------+--------------------------------------------------+--------+-------+--------------+--------------------+-------------------+--------+---------+
|axi_uartlite | UARTLITE_CORE_I/UARTLITE_RX_I/data_shift_reg[15] | 16     | 1     | YES          | NO                 | YES               | 1      | 0       | 
|axi_uartlite | UARTLITE_CORE_I/UARTLITE_TX_I/data_shift_reg[15] | 15     | 1     | YES          | NO                 | YES               | 1      | 0       | 
+-------------+--------------------------------------------------+--------+-------+--------------+--------------------+-------------------+--------+---------+


Dynamic Shift Register Report:
+------------+---------------------------+--------+------------+--------+---------+--------+--------+--------+
|Module Name | RTL Name                  | Length | Data Width | SRL16E | SRLC32E | Mux F7 | Mux F8 | Mux F9 | 
+------------+---------------------------+--------+------------+--------+---------+--------+--------+--------+
|dsrl        | INFERRED_GEN.data_reg[15] | 8      | 8          | 8      | 0       | 0      | 0      | 0      | 
+------------+---------------------------+--------+------------+--------+---------+--------+--------+--------+

---------------------------------------------------------------------------------
Finished ROM, RAM, DSP, Shift Register and Retiming Reporting
---------------------------------------------------------------------------------
---------------------------------------------------------------------------------
Start Writing Synthesis Report
---------------------------------------------------------------------------------

Report BlackBoxes: 
+-+--------------+----------+
| |BlackBox name |Instances |
+-+--------------+----------+
+-+--------------+----------+

Report Cell Usage: 
+------+-------+------+
|      |Cell   |Count |
+------+-------+------+
|1     |LUT1   |     3|
|2     |LUT2   |    14|
|3     |LUT3   |    13|
|4     |LUT4   |    25|
|5     |LUT5   |    20|
|6     |LUT6   |    28|
|7     |MUXF7  |     1|
|8     |SRL16E |    18|
|9     |FDR    |     4|
|10    |FDRE   |    88|
|11    |FDSE   |    18|
+------+-------+------+
---------------------------------------------------------------------------------
Finished Writing Synthesis Report : Time (s): cpu = 00:00:32 ; elapsed = 00:00:33 . Memory (MB): peak = 1557.141 ; gain = 420.797
---------------------------------------------------------------------------------
Synthesis finished with 0 errors, 0 critical warnings and 0 warnings.
Synthesis Optimization Runtime : Time (s): cpu = 00:00:21 ; elapsed = 00:00:31 . Memory (MB): peak = 1557.141 ; gain = 320.070
Synthesis Optimization Complete : Time (s): cpu = 00:00:32 ; elapsed = 00:00:33 . Memory (MB): peak = 1557.141 ; gain = 420.797
INFO: [Project 1-571] Translating synthesized netlist
Netlist sorting complete. Time (s): cpu = 00:00:00 ; elapsed = 00:00:00.007 . Memory (MB): peak = 1557.141 ; gain = 0.000
INFO: [Netlist 29-17] Analyzing 5 Unisim elements for replacement
INFO: [Netlist 29-28] Unisim Transformation completed in 0 CPU seconds
INFO: [Project 1-570] Preparing netlist for logic optimization
INFO: [Opt 31-138] Pushed 0 inverter(s) to 0 load pin(s).
Netlist sorting complete. Time (s): cpu = 00:00:00 ; elapsed = 00:00:00 . Memory (MB): peak = 1598.184 ; gain = 0.000
INFO: [Project 1-111] Unisim Transformation Summary:
  A total of 4 instances were transformed.
  FDR => FDRE: 4 instances

Synth Design complete, checksum: c0f522b6
INFO: [Common 17-83] Releasing license: Synthesis
66 Infos, 1 Warnings, 0 Critical Warnings and 0 Errors encountered.
synth_design completed successfully
synth_design: Time (s): cpu = 00:00:40 ; elapsed = 00:00:42 . Memory (MB): peak = 1598.184 ; gain = 461.840
INFO: [Common 17-1381] The checkpoint 'D:/projects/adi_hdl/projects/fmcomms2/kcu105/fmcomms2_kcu105.runs/system_axi_uart_0_synth_1/system_axi_uart_0.dcp' has been generated.
INFO: [Coretcl 2-1648] Added synthesis output to IP cache for IP system_axi_uart_0, cache-ID = e891f7d1d018c20a
INFO: [Coretcl 2-1174] Renamed 19 cell refs.
INFO: [Common 17-1381] The checkpoint 'D:/projects/adi_hdl/projects/fmcomms2/kcu105/fmcomms2_kcu105.runs/system_axi_uart_0_synth_1/system_axi_uart_0.dcp' has been generated.
INFO: [runtcl-4] Executing : report_utilization -file system_axi_uart_0_utilization_synth.rpt -pb system_axi_uart_0_utilization_synth.pb
INFO: [Common 17-206] Exiting Vivado at Tue Nov 30 22:51:05 2021...
