#-----------------------------------------------------------
# Vivado v2021.1 (64-bit)
# SW Build 3247384 on Thu Jun 10 19:36:33 MDT 2021
# IP Build 3246043 on Fri Jun 11 00:30:35 MDT 2021
# Start of session at: Fri Dec  3 09:28:03 2021
# Process ID: 2136
# Current directory: F:/projects/ad9361Test/adi_hdl/library/util_rfifo
# Command line: vivado.exe -gui_launcher_event rodinguilauncherevent4536 F:\projects\ad9361Test\adi_hdl\library\util_rfifo\util_rfifo.xpr
# Log file: F:/projects/ad9361Test/adi_hdl/library/util_rfifo/vivado.log
# Journal file: F:/projects/ad9361Test/adi_hdl/library/util_rfifo\vivado.jou
#-----------------------------------------------------------
start_gui
open_project F:/projects/ad9361Test/adi_hdl/library/util_rfifo/util_rfifo.xpr
INFO: [Project 1-313] Project file moved from 'D:/projects/adi_hdl/library/util_rfifo' since last save.
WARNING: [filemgmt 56-2] IP Repository Path: Could not find the directory 'F:/projects/ad9361Test/ghdl/library', nor could it be found using path 'D:/projects/ghdl/library'.
WARNING: [filemgmt 56-2] Default IP Output Path : Could not find the directory 'F:/projects/ad9361Test/adi_hdl/library/util_rfifo/util_rfifo.gen/sources_1', nor could it be found using path 'D:/projects/adi_hdl/library/util_rfifo/util_rfifo.gen/sources_1'.
WARNING: [filemgmt 56-2] IPUserFilesDir: Could not find the directory 'F:/projects/ad9361Test/adi_hdl/library/util_rfifo/util_rfifo.ip_user_files', nor could it be found using path 'D:/projects/adi_hdl/library/util_rfifo/util_rfifo.ip_user_files'.
Scanning sources...
Finished scanning sources
INFO: [IP_Flow 19-234] Refreshing IP repositories
INFO: [IP_Flow 19-1700] Loaded user IP repository 'f:/projects/ad9361Test/adi_hdl/library'.
INFO: [IP_Flow 19-3656] If you move the project, the path for repository 'f:/projects/ad9361Test/adi_hdl/library' may become invalid. A better location for the repository would be in a path adjacent to the project. (Current project location is 'f:/projects/ad9361Test/adi_hdl/library/util_rfifo'.)
WARNING: [IP_Flow 19-2248] Failed to load user IP repository 'f:/projects/ad9361Test/ghdl/library'; Can't find the specified path.
If this directory should no longer be in your list of user repositories, go to the IP Settings dialog and remove it.
INFO: [IP_Flow 19-2313] Loaded Vivado IP repository 'D:/Xilinx/Vivado/2021.1/data/ip'.
WARNING: [IP_Flow 19-1663] Duplicate IP found for 'analog.com:user:axi_ad9361:1.0'. The one found in IP location 'f:/projects/ad9361Test/adi_hdl/library/axi_ad9361' will take precedence over the same IP in location f:/projects/ad9361Test/adi_hdl/library/axi_ad9361_ryan
open_project: Time (s): cpu = 00:00:15 ; elapsed = 00:00:07 . Memory (MB): peak = 1140.035 ; gain = 0.000
update_compile_order -fileset sources_1
exit
INFO: [Common 17-206] Exiting Vivado at Fri Dec  3 09:28:58 2021...
