
*** Running vivado
    with args -log system_util_ad9361_adc_fifo_0.vds -m64 -product Vivado -mode batch -messageDb vivado.pb -notrace -source system_util_ad9361_adc_fifo_0.tcl



****** Vivado v2021.1 (64-bit)
  **** SW Build 3247384 on Thu Jun 10 19:36:33 MDT 2021
  **** IP Build 3246043 on Fri Jun 11 00:30:35 MDT 2021
    ** Copyright 1986-2021 Xilinx, Inc. All Rights Reserved.

source system_util_ad9361_adc_fifo_0.tcl -notrace
INFO: [IP_Flow 19-234] Refreshing IP repositories
INFO: [IP_Flow 19-1700] Loaded user IP repository 'd:/projects/adi_hdl/library'.
WARNING: [IP_Flow 19-2248] Failed to load user IP repository 'd:/projects/ghdl/library'; Can't find the specified path.
If this directory should no longer be in your list of user repositories, go to the IP Settings dialog and remove it.
INFO: [IP_Flow 19-2313] Loaded Vivado IP repository 'C:/Xilinx_/Vivado/2021.1/data/ip'.
Command: synth_design -top system_util_ad9361_adc_fifo_0 -part xcku040-ffva1156-2-e -mode out_of_context
Starting synth_design
Attempting to get a license for feature 'Synthesis' and/or device 'xcku040'
INFO: [Common 17-349] Got license for feature 'Synthesis' and/or device 'xcku040'
INFO: [Device 21-403] Loading part xcku040-ffva1156-2-e
INFO: [Synth 8-7079] Multithreading enabled for synth_design using a maximum of 2 processes.
INFO: [Synth 8-7078] Launching helper process for spawning children vivado processes
INFO: [Synth 8-7075] Helper process launched with PID 1140
---------------------------------------------------------------------------------
Starting RTL Elaboration : Time (s): cpu = 00:00:08 ; elapsed = 00:00:08 . Memory (MB): peak = 1264.379 ; gain = 126.773
---------------------------------------------------------------------------------
INFO: [Synth 8-6157] synthesizing module 'system_util_ad9361_adc_fifo_0' [d:/projects/adi_hdl/projects/fmcomms2/kcu105/fmcomms2_kcu105.gen/sources_1/bd/system/ip/system_util_ad9361_adc_fifo_0/synth/system_util_ad9361_adc_fifo_0.v:57]
INFO: [Synth 8-6157] synthesizing module 'util_wfifo' [d:/projects/adi_hdl/projects/fmcomms2/kcu105/fmcomms2_kcu105.gen/sources_1/bd/system/ipshared/d170/util_wfifo.v:38]
INFO: [Synth 8-6157] synthesizing module 'ad_mem' [d:/projects/adi_hdl/projects/fmcomms2/kcu105/fmcomms2_kcu105.gen/sources_1/bd/system/ipshared/common/ad_mem.v:38]
INFO: [Synth 8-6155] done synthesizing module 'ad_mem' (1#1) [d:/projects/adi_hdl/projects/fmcomms2/kcu105/fmcomms2_kcu105.gen/sources_1/bd/system/ipshared/common/ad_mem.v:38]
INFO: [Synth 8-6155] done synthesizing module 'util_wfifo' (2#1) [d:/projects/adi_hdl/projects/fmcomms2/kcu105/fmcomms2_kcu105.gen/sources_1/bd/system/ipshared/d170/util_wfifo.v:38]
INFO: [Synth 8-6155] done synthesizing module 'system_util_ad9361_adc_fifo_0' (3#1) [d:/projects/adi_hdl/projects/fmcomms2/kcu105/fmcomms2_kcu105.gen/sources_1/bd/system/ip/system_util_ad9361_adc_fifo_0/synth/system_util_ad9361_adc_fifo_0.v:57]
---------------------------------------------------------------------------------
Finished RTL Elaboration : Time (s): cpu = 00:00:09 ; elapsed = 00:00:09 . Memory (MB): peak = 1318.496 ; gain = 180.891
---------------------------------------------------------------------------------
---------------------------------------------------------------------------------
Start Handling Custom Attributes
---------------------------------------------------------------------------------
---------------------------------------------------------------------------------
Finished Handling Custom Attributes : Time (s): cpu = 00:00:10 ; elapsed = 00:00:10 . Memory (MB): peak = 1336.414 ; gain = 198.809
---------------------------------------------------------------------------------
---------------------------------------------------------------------------------
Finished RTL Optimization Phase 1 : Time (s): cpu = 00:00:10 ; elapsed = 00:00:10 . Memory (MB): peak = 1336.414 ; gain = 198.809
---------------------------------------------------------------------------------
Netlist sorting complete. Time (s): cpu = 00:00:00 ; elapsed = 00:00:00.014 . Memory (MB): peak = 1336.414 ; gain = 0.000
INFO: [Project 1-570] Preparing netlist for logic optimization

Processing XDC Constraints
Initializing timing engine
Parsing XDC File [d:/projects/adi_hdl/projects/fmcomms2/kcu105/fmcomms2_kcu105.gen/sources_1/bd/system/ip/system_util_ad9361_adc_fifo_0/util_wfifo_constr.xdc] for cell 'inst'
Finished Parsing XDC File [d:/projects/adi_hdl/projects/fmcomms2/kcu105/fmcomms2_kcu105.gen/sources_1/bd/system/ip/system_util_ad9361_adc_fifo_0/util_wfifo_constr.xdc] for cell 'inst'
Parsing XDC File [D:/projects/adi_hdl/projects/fmcomms2/kcu105/fmcomms2_kcu105.runs/system_util_ad9361_adc_fifo_0_synth_1/dont_touch.xdc]
Finished Parsing XDC File [D:/projects/adi_hdl/projects/fmcomms2/kcu105/fmcomms2_kcu105.runs/system_util_ad9361_adc_fifo_0_synth_1/dont_touch.xdc]
Completed Processing XDC Constraints

Netlist sorting complete. Time (s): cpu = 00:00:00 ; elapsed = 00:00:00 . Memory (MB): peak = 1446.938 ; gain = 0.000
INFO: [Project 1-111] Unisim Transformation Summary:
No Unisim elements were transformed.

Constraint Validation Runtime : Time (s): cpu = 00:00:00 ; elapsed = 00:00:00.044 . Memory (MB): peak = 1446.996 ; gain = 0.059
---------------------------------------------------------------------------------
Finished Constraint Validation : Time (s): cpu = 00:00:18 ; elapsed = 00:00:18 . Memory (MB): peak = 1446.996 ; gain = 309.391
---------------------------------------------------------------------------------
---------------------------------------------------------------------------------
Start Loading Part and Timing Information
---------------------------------------------------------------------------------
Loading part: xcku040-ffva1156-2-e
INFO: [Synth 8-6742] Reading net delay rules and data
---------------------------------------------------------------------------------
Finished Loading Part and Timing Information : Time (s): cpu = 00:00:18 ; elapsed = 00:00:18 . Memory (MB): peak = 1446.996 ; gain = 309.391
---------------------------------------------------------------------------------
---------------------------------------------------------------------------------
Start Applying 'set_property' XDC Constraints
---------------------------------------------------------------------------------
Applied set_property ASYNC_REG = true for inst/dout_enable_m1_reg. (constraint file  d:/projects/adi_hdl/projects/fmcomms2/kcu105/fmcomms2_kcu105.gen/sources_1/bd/system/ip/system_util_ad9361_adc_fifo_0/util_wfifo_constr.xdc, line 2).
Applied set_property ASYNC_REG = true for inst/dout_enable_m1_reg. (constraint file  d:/projects/adi_hdl/projects/fmcomms2/kcu105/fmcomms2_kcu105.gen/sources_1/bd/system/ip/system_util_ad9361_adc_fifo_0/util_wfifo_constr.xdc, line 2).
Applied set_property ASYNC_REG = true for inst/dout_enable_m1_reg. (constraint file  d:/projects/adi_hdl/projects/fmcomms2/kcu105/fmcomms2_kcu105.gen/sources_1/bd/system/ip/system_util_ad9361_adc_fifo_0/util_wfifo_constr.xdc, line 2).
Applied set_property ASYNC_REG = true for inst/dout_enable_m1_reg. (constraint file  d:/projects/adi_hdl/projects/fmcomms2/kcu105/fmcomms2_kcu105.gen/sources_1/bd/system/ip/system_util_ad9361_adc_fifo_0/util_wfifo_constr.xdc, line 2).
Applied set_property ASYNC_REG = true for inst/dout_enable_m1_reg. (constraint file  d:/projects/adi_hdl/projects/fmcomms2/kcu105/fmcomms2_kcu105.gen/sources_1/bd/system/ip/system_util_ad9361_adc_fifo_0/util_wfifo_constr.xdc, line 2).
Applied set_property ASYNC_REG = true for inst/dout_enable_m1_reg. (constraint file  d:/projects/adi_hdl/projects/fmcomms2/kcu105/fmcomms2_kcu105.gen/sources_1/bd/system/ip/system_util_ad9361_adc_fifo_0/util_wfifo_constr.xdc, line 2).
Applied set_property ASYNC_REG = true for inst/dout_enable_m1_reg. (constraint file  d:/projects/adi_hdl/projects/fmcomms2/kcu105/fmcomms2_kcu105.gen/sources_1/bd/system/ip/system_util_ad9361_adc_fifo_0/util_wfifo_constr.xdc, line 2).
Applied set_property ASYNC_REG = true for inst/dout_enable_m1_reg. (constraint file  d:/projects/adi_hdl/projects/fmcomms2/kcu105/fmcomms2_kcu105.gen/sources_1/bd/system/ip/system_util_ad9361_adc_fifo_0/util_wfifo_constr.xdc, line 2).
Applied set_property ASYNC_REG = true for inst/dout_req_t_m1_reg. (constraint file  d:/projects/adi_hdl/projects/fmcomms2/kcu105/fmcomms2_kcu105.gen/sources_1/bd/system/ip/system_util_ad9361_adc_fifo_0/util_wfifo_constr.xdc, line 3).
Applied set_property ASYNC_REG = true for inst/dout_req_t_m2_reg. (constraint file  d:/projects/adi_hdl/projects/fmcomms2/kcu105/fmcomms2_kcu105.gen/sources_1/bd/system/ip/system_util_ad9361_adc_fifo_0/util_wfifo_constr.xdc, line 3).
Applied set_property ASYNC_REG = true for inst/dout_req_t_m3_reg. (constraint file  d:/projects/adi_hdl/projects/fmcomms2/kcu105/fmcomms2_kcu105.gen/sources_1/bd/system/ip/system_util_ad9361_adc_fifo_0/util_wfifo_constr.xdc, line 3).
Applied set_property ASYNC_REG = true for inst/din_ovf_m1_reg. (constraint file  d:/projects/adi_hdl/projects/fmcomms2/kcu105/fmcomms2_kcu105.gen/sources_1/bd/system/ip/system_util_ad9361_adc_fifo_0/util_wfifo_constr.xdc, line 4).
Applied set_property KEEP_HIERARCHY = SOFT for inst. (constraint file  D:/projects/adi_hdl/projects/fmcomms2/kcu105/fmcomms2_kcu105.runs/system_util_ad9361_adc_fifo_0_synth_1/dont_touch.xdc, line 9).
---------------------------------------------------------------------------------
Finished applying 'set_property' XDC Constraints : Time (s): cpu = 00:00:18 ; elapsed = 00:00:18 . Memory (MB): peak = 1446.996 ; gain = 309.391
---------------------------------------------------------------------------------
---------------------------------------------------------------------------------
Finished RTL Optimization Phase 2 : Time (s): cpu = 00:00:18 ; elapsed = 00:00:18 . Memory (MB): peak = 1446.996 ; gain = 309.391
---------------------------------------------------------------------------------
---------------------------------------------------------------------------------
Start RTL Component Statistics 
---------------------------------------------------------------------------------
Detailed RTL Component Info : 
+---Adders : 
	   2 Input    4 Bit       Adders := 3     
+---XORs : 
	   2 Input      1 Bit         XORs := 1     
+---Registers : 
	               64 Bit    Registers := 2     
	               16 Bit    Registers := 4     
	                8 Bit    Registers := 3     
	                4 Bit    Registers := 3     
	                1 Bit    Registers := 13    
+---RAMs : 
	             1024 Bit	(16 X 64 bit)          RAMs := 1     
+---Muxes : 
	   2 Input    4 Bit        Muxes := 2     
	   2 Input    1 Bit        Muxes := 1     
---------------------------------------------------------------------------------
Finished RTL Component Statistics 
---------------------------------------------------------------------------------
---------------------------------------------------------------------------------
Start Part Resource Summary
---------------------------------------------------------------------------------
Part Resources:
DSPs: 1920 (col length:120)
BRAMs: 1200 (col length: RAMB18 120 RAMB36 60)
---------------------------------------------------------------------------------
Finished Part Resource Summary
---------------------------------------------------------------------------------
---------------------------------------------------------------------------------
Start Cross Boundary and Area Optimization
---------------------------------------------------------------------------------
---------------------------------------------------------------------------------
Finished Cross Boundary and Area Optimization : Time (s): cpu = 00:00:20 ; elapsed = 00:00:20 . Memory (MB): peak = 1446.996 ; gain = 309.391
---------------------------------------------------------------------------------
---------------------------------------------------------------------------------
Start ROM, RAM, DSP, Shift Register and Retiming Reporting
---------------------------------------------------------------------------------

Block RAM: Preliminary Mapping Report (see note below)
+------------+-----------------+------------------------+---+---+------------------------+---+---+------------------+--------+--------+-----------------+
|Module Name | RTL Object      | PORT A (Depth x Width) | W | R | PORT B (Depth x Width) | W | R | Ports driving FF | RAMB18 | RAMB36 | Cascade Heights | 
+------------+-----------------+------------------------+---+---+------------------------+---+---+------------------+--------+--------+-----------------+
|inst        | i_mem/m_ram_reg | 16 x 64(NO_CHANGE)     | W |   | 16 x 64(WRITE_FIRST)   |   | R | Port A and B     | 0      | 1      |                 | 
+------------+-----------------+------------------------+---+---+------------------------+---+---+------------------+--------+--------+-----------------+

Note: The table above is a preliminary report that shows the Block RAMs at the current stage of the synthesis flow. Some Block RAMs may be reimplemented as non Block RAM primitives later in the synthesis flow. Multiple instantiated Block RAMs are reported only once. 
---------------------------------------------------------------------------------
Finished ROM, RAM, DSP, Shift Register and Retiming Reporting
---------------------------------------------------------------------------------
---------------------------------------------------------------------------------
Start Applying XDC Timing Constraints
---------------------------------------------------------------------------------
---------------------------------------------------------------------------------
Finished Applying XDC Timing Constraints : Time (s): cpu = 00:00:30 ; elapsed = 00:00:31 . Memory (MB): peak = 1529.551 ; gain = 391.945
---------------------------------------------------------------------------------
---------------------------------------------------------------------------------
Start Timing Optimization
---------------------------------------------------------------------------------
---------------------------------------------------------------------------------
Finished Timing Optimization : Time (s): cpu = 00:00:30 ; elapsed = 00:00:31 . Memory (MB): peak = 1530.039 ; gain = 392.434
---------------------------------------------------------------------------------
---------------------------------------------------------------------------------
Start ROM, RAM, DSP, Shift Register and Retiming Reporting
---------------------------------------------------------------------------------

Block RAM: Final Mapping Report
+------------+-----------------+------------------------+---+---+------------------------+---+---+------------------+--------+--------+-----------------+
|Module Name | RTL Object      | PORT A (Depth x Width) | W | R | PORT B (Depth x Width) | W | R | Ports driving FF | RAMB18 | RAMB36 | Cascade Heights | 
+------------+-----------------+------------------------+---+---+------------------------+---+---+------------------+--------+--------+-----------------+
|inst        | i_mem/m_ram_reg | 16 x 64(NO_CHANGE)     | W |   | 16 x 64(WRITE_FIRST)   |   | R | Port A and B     | 0      | 1      |                 | 
+------------+-----------------+------------------------+---+---+------------------------+---+---+------------------+--------+--------+-----------------+

---------------------------------------------------------------------------------
Finished ROM, RAM, DSP, Shift Register and Retiming Reporting
---------------------------------------------------------------------------------
---------------------------------------------------------------------------------
Start Technology Mapping
---------------------------------------------------------------------------------
---------------------------------------------------------------------------------
Finished Technology Mapping : Time (s): cpu = 00:00:30 ; elapsed = 00:00:31 . Memory (MB): peak = 1549.383 ; gain = 411.777
---------------------------------------------------------------------------------
---------------------------------------------------------------------------------
Start IO Insertion
---------------------------------------------------------------------------------
---------------------------------------------------------------------------------
Start Flattening Before IO Insertion
---------------------------------------------------------------------------------
---------------------------------------------------------------------------------
Finished Flattening Before IO Insertion
---------------------------------------------------------------------------------
---------------------------------------------------------------------------------
Start Final Netlist Cleanup
---------------------------------------------------------------------------------
---------------------------------------------------------------------------------
Finished Final Netlist Cleanup
---------------------------------------------------------------------------------
---------------------------------------------------------------------------------
Finished IO Insertion : Time (s): cpu = 00:00:36 ; elapsed = 00:00:37 . Memory (MB): peak = 1556.180 ; gain = 418.574
---------------------------------------------------------------------------------
---------------------------------------------------------------------------------
Start Renaming Generated Instances
---------------------------------------------------------------------------------
---------------------------------------------------------------------------------
Finished Renaming Generated Instances : Time (s): cpu = 00:00:36 ; elapsed = 00:00:37 . Memory (MB): peak = 1556.180 ; gain = 418.574
---------------------------------------------------------------------------------
---------------------------------------------------------------------------------
Start Rebuilding User Hierarchy
---------------------------------------------------------------------------------
---------------------------------------------------------------------------------
Finished Rebuilding User Hierarchy : Time (s): cpu = 00:00:36 ; elapsed = 00:00:37 . Memory (MB): peak = 1556.180 ; gain = 418.574
---------------------------------------------------------------------------------
---------------------------------------------------------------------------------
Start Renaming Generated Ports
---------------------------------------------------------------------------------
---------------------------------------------------------------------------------
Finished Renaming Generated Ports : Time (s): cpu = 00:00:36 ; elapsed = 00:00:37 . Memory (MB): peak = 1556.180 ; gain = 418.574
---------------------------------------------------------------------------------
---------------------------------------------------------------------------------
Start Handling Custom Attributes
---------------------------------------------------------------------------------
---------------------------------------------------------------------------------
Finished Handling Custom Attributes : Time (s): cpu = 00:00:36 ; elapsed = 00:00:37 . Memory (MB): peak = 1556.180 ; gain = 418.574
---------------------------------------------------------------------------------
---------------------------------------------------------------------------------
Start Renaming Generated Nets
---------------------------------------------------------------------------------
---------------------------------------------------------------------------------
Finished Renaming Generated Nets : Time (s): cpu = 00:00:36 ; elapsed = 00:00:37 . Memory (MB): peak = 1556.180 ; gain = 418.574
---------------------------------------------------------------------------------
---------------------------------------------------------------------------------
Start Writing Synthesis Report
---------------------------------------------------------------------------------

Report BlackBoxes: 
+-+--------------+----------+
| |BlackBox name |Instances |
+-+--------------+----------+
+-+--------------+----------+

Report Cell Usage: 
+------+---------+------+
|      |Cell     |Count |
+------+---------+------+
|1     |LUT1     |     3|
|2     |LUT2     |     5|
|3     |LUT3     |     3|
|4     |LUT4     |     5|
|5     |LUT5     |     1|
|6     |LUT6     |     1|
|7     |RAMB36E2 |     1|
|8     |FDCE     |    23|
|9     |FDPE     |     1|
|10    |FDRE     |    77|
+------+---------+------+
---------------------------------------------------------------------------------
Finished Writing Synthesis Report : Time (s): cpu = 00:00:36 ; elapsed = 00:00:37 . Memory (MB): peak = 1556.180 ; gain = 418.574
---------------------------------------------------------------------------------
Synthesis finished with 0 errors, 0 critical warnings and 0 warnings.
Synthesis Optimization Runtime : Time (s): cpu = 00:00:25 ; elapsed = 00:00:35 . Memory (MB): peak = 1556.180 ; gain = 307.992
Synthesis Optimization Complete : Time (s): cpu = 00:00:36 ; elapsed = 00:00:37 . Memory (MB): peak = 1556.180 ; gain = 418.574
INFO: [Project 1-571] Translating synthesized netlist
Netlist sorting complete. Time (s): cpu = 00:00:00 ; elapsed = 00:00:00.020 . Memory (MB): peak = 1568.238 ; gain = 0.000
INFO: [Project 1-570] Preparing netlist for logic optimization
INFO: [Opt 31-138] Pushed 0 inverter(s) to 0 load pin(s).
Netlist sorting complete. Time (s): cpu = 00:00:00 ; elapsed = 00:00:00.001 . Memory (MB): peak = 1595.758 ; gain = 0.000
INFO: [Project 1-111] Unisim Transformation Summary:
No Unisim elements were transformed.

Synth Design complete, checksum: eca9587e
INFO: [Common 17-83] Releasing license: Synthesis
22 Infos, 1 Warnings, 0 Critical Warnings and 0 Errors encountered.
synth_design completed successfully
synth_design: Time (s): cpu = 00:00:45 ; elapsed = 00:00:47 . Memory (MB): peak = 1595.758 ; gain = 458.152
INFO: [Common 17-1381] The checkpoint 'D:/projects/adi_hdl/projects/fmcomms2/kcu105/fmcomms2_kcu105.runs/system_util_ad9361_adc_fifo_0_synth_1/system_util_ad9361_adc_fifo_0.dcp' has been generated.
INFO: [Coretcl 2-1648] Added synthesis output to IP cache for IP system_util_ad9361_adc_fifo_0, cache-ID = a75f2e1ad509ab0e
INFO: [Coretcl 2-1174] Renamed 2 cell refs.
INFO: [Common 17-1381] The checkpoint 'D:/projects/adi_hdl/projects/fmcomms2/kcu105/fmcomms2_kcu105.runs/system_util_ad9361_adc_fifo_0_synth_1/system_util_ad9361_adc_fifo_0.dcp' has been generated.
INFO: [runtcl-4] Executing : report_utilization -file system_util_ad9361_adc_fifo_0_utilization_synth.rpt -pb system_util_ad9361_adc_fifo_0_utilization_synth.pb
INFO: [Common 17-206] Exiting Vivado at Tue Nov 30 22:57:52 2021...
