
*** Running vivado
    with args -log system_axi_ethernet_0.vds -m64 -product Vivado -mode batch -messageDb vivado.pb -notrace -source system_axi_ethernet_0.tcl



****** Vivado v2021.1 (64-bit)
  **** SW Build 3247384 on Thu Jun 10 19:36:33 MDT 2021
  **** IP Build 3246043 on Fri Jun 11 00:30:35 MDT 2021
    ** Copyright 1986-2021 Xilinx, Inc. All Rights Reserved.

source system_axi_ethernet_0.tcl -notrace
INFO: [IP_Flow 19-234] Refreshing IP repositories
INFO: [IP_Flow 19-1700] Loaded user IP repository 'f:/projects/ad9361Test/adi_hdl/library'.
WARNING: [IP_Flow 19-2248] Failed to load user IP repository 'f:/projects/ad9361Test/ghdl/library'; Can't find the specified path.
If this directory should no longer be in your list of user repositories, go to the IP Settings dialog and remove it.
INFO: [IP_Flow 19-2313] Loaded Vivado IP repository 'D:/Xilinx/Vivado/2021.1/data/ip'.
WARNING: [IP_Flow 19-1663] Duplicate IP found for 'analog.com:user:axi_ad9361:1.0'. The one found in IP location 'f:/projects/ad9361Test/adi_hdl/library/axi_ad9361' will take precedence over the same IP in location f:/projects/ad9361Test/adi_hdl/library/axi_ad9361_ryan
Command: synth_design -top system_axi_ethernet_0 -part xcku040-ffva1156-2-e -mode out_of_context
Starting synth_design
Attempting to get a license for feature 'Synthesis' and/or device 'xcku040'
INFO: [Common 17-349] Got license for feature 'Synthesis' and/or device 'xcku040'
INFO: [Device 21-403] Loading part xcku040-ffva1156-2-e
INFO: [Synth 8-7079] Multithreading enabled for synth_design using a maximum of 2 processes.
INFO: [Synth 8-7078] Launching helper process for spawning children vivado processes
INFO: [Synth 8-7075] Helper process launched with PID 18176
---------------------------------------------------------------------------------
Starting RTL Elaboration : Time (s): cpu = 00:00:05 ; elapsed = 00:00:05 . Memory (MB): peak = 1261.395 ; gain = 119.551
---------------------------------------------------------------------------------
INFO: [Synth 8-6157] synthesizing module 'system_axi_ethernet_0' [f:/projects/ad9361Test/adi_hdl/projects/fmcomms2/kcu105/fmcomms2_kcu105.gen/sources_1/bd/system/ip/system_axi_ethernet_0/synth/system_axi_ethernet_0.v:59]
INFO: [Synth 8-6157] synthesizing module 'bd_55cd' [f:/projects/ad9361Test/adi_hdl/projects/fmcomms2/kcu105/fmcomms2_kcu105.gen/sources_1/bd/system/ip/system_axi_ethernet_0/bd_0/synth/bd_55cd.v:10]
INFO: [Synth 8-6157] synthesizing module 'bd_55cd_c_counter_binary_0_0' [F:/projects/ad9361Test/adi_hdl/projects/fmcomms2/kcu105/fmcomms2_kcu105.runs/system_axi_ethernet_0_synth_1/.Xil/Vivado-2608-DESKTOP-E040NDQ/realtime/bd_55cd_c_counter_binary_0_0_stub.v:6]
INFO: [Synth 8-6155] done synthesizing module 'bd_55cd_c_counter_binary_0_0' (1#1) [F:/projects/ad9361Test/adi_hdl/projects/fmcomms2/kcu105/fmcomms2_kcu105.runs/system_axi_ethernet_0_synth_1/.Xil/Vivado-2608-DESKTOP-E040NDQ/realtime/bd_55cd_c_counter_binary_0_0_stub.v:6]
WARNING: [Synth 8-7071] port 'Q' of module 'bd_55cd_c_counter_binary_0_0' is unconnected for instance 'c_counter_binary_0' [f:/projects/ad9361Test/adi_hdl/projects/fmcomms2/kcu105/fmcomms2_kcu105.gen/sources_1/bd/system/ip/system_axi_ethernet_0/bd_0/synth/bd_55cd.v:326]
WARNING: [Synth 8-7023] instance 'c_counter_binary_0' of module 'bd_55cd_c_counter_binary_0_0' has 4 connections declared, but only 3 given [f:/projects/ad9361Test/adi_hdl/projects/fmcomms2/kcu105/fmcomms2_kcu105.gen/sources_1/bd/system/ip/system_axi_ethernet_0/bd_0/synth/bd_55cd.v:326]
INFO: [Synth 8-6157] synthesizing module 'bd_55cd_c_shift_ram_0_0' [F:/projects/ad9361Test/adi_hdl/projects/fmcomms2/kcu105/fmcomms2_kcu105.runs/system_axi_ethernet_0_synth_1/.Xil/Vivado-2608-DESKTOP-E040NDQ/realtime/bd_55cd_c_shift_ram_0_0_stub.v:6]
INFO: [Synth 8-6155] done synthesizing module 'bd_55cd_c_shift_ram_0_0' (2#1) [F:/projects/ad9361Test/adi_hdl/projects/fmcomms2/kcu105/fmcomms2_kcu105.runs/system_axi_ethernet_0_synth_1/.Xil/Vivado-2608-DESKTOP-E040NDQ/realtime/bd_55cd_c_shift_ram_0_0_stub.v:6]
INFO: [Synth 8-6157] synthesizing module 'bd_55cd_eth_buf_0' [F:/projects/ad9361Test/adi_hdl/projects/fmcomms2/kcu105/fmcomms2_kcu105.runs/system_axi_ethernet_0_synth_1/.Xil/Vivado-2608-DESKTOP-E040NDQ/realtime/bd_55cd_eth_buf_0_stub.v:6]
INFO: [Synth 8-6155] done synthesizing module 'bd_55cd_eth_buf_0' (3#1) [F:/projects/ad9361Test/adi_hdl/projects/fmcomms2/kcu105/fmcomms2_kcu105.runs/system_axi_ethernet_0_synth_1/.Xil/Vivado-2608-DESKTOP-E040NDQ/realtime/bd_55cd_eth_buf_0_stub.v:6]
WARNING: [Synth 8-7071] port 'PHY_RST_N' of module 'bd_55cd_eth_buf_0' is unconnected for instance 'eth_buf' [f:/projects/ad9361Test/adi_hdl/projects/fmcomms2/kcu105/fmcomms2_kcu105.gen/sources_1/bd/system/ip/system_axi_ethernet_0/bd_0/synth/bd_55cd.v:336]
WARNING: [Synth 8-7071] port 'mdio_o_top' of module 'bd_55cd_eth_buf_0' is unconnected for instance 'eth_buf' [f:/projects/ad9361Test/adi_hdl/projects/fmcomms2/kcu105/fmcomms2_kcu105.gen/sources_1/bd/system/ip/system_axi_ethernet_0/bd_0/synth/bd_55cd.v:336]
WARNING: [Synth 8-7071] port 'mdio_t_top' of module 'bd_55cd_eth_buf_0' is unconnected for instance 'eth_buf' [f:/projects/ad9361Test/adi_hdl/projects/fmcomms2/kcu105/fmcomms2_kcu105.gen/sources_1/bd/system/ip/system_axi_ethernet_0/bd_0/synth/bd_55cd.v:336]
WARNING: [Synth 8-7071] port 'mdc_top' of module 'bd_55cd_eth_buf_0' is unconnected for instance 'eth_buf' [f:/projects/ad9361Test/adi_hdl/projects/fmcomms2/kcu105/fmcomms2_kcu105.gen/sources_1/bd/system/ip/system_axi_ethernet_0/bd_0/synth/bd_55cd.v:336]
WARNING: [Synth 8-7071] port 'mdio_i_temac' of module 'bd_55cd_eth_buf_0' is unconnected for instance 'eth_buf' [f:/projects/ad9361Test/adi_hdl/projects/fmcomms2/kcu105/fmcomms2_kcu105.gen/sources_1/bd/system/ip/system_axi_ethernet_0/bd_0/synth/bd_55cd.v:336]
WARNING: [Synth 8-7023] instance 'eth_buf' of module 'bd_55cd_eth_buf_0' has 102 connections declared, but only 97 given [f:/projects/ad9361Test/adi_hdl/projects/fmcomms2/kcu105/fmcomms2_kcu105.gen/sources_1/bd/system/ip/system_axi_ethernet_0/bd_0/synth/bd_55cd.v:336]
INFO: [Synth 8-6157] synthesizing module 'bd_55cd_mac_0' [F:/projects/ad9361Test/adi_hdl/projects/fmcomms2/kcu105/fmcomms2_kcu105.runs/system_axi_ethernet_0_synth_1/.Xil/Vivado-2608-DESKTOP-E040NDQ/realtime/bd_55cd_mac_0_stub.v:6]
INFO: [Synth 8-6155] done synthesizing module 'bd_55cd_mac_0' (4#1) [F:/projects/ad9361Test/adi_hdl/projects/fmcomms2/kcu105/fmcomms2_kcu105.runs/system_axi_ethernet_0_synth_1/.Xil/Vivado-2608-DESKTOP-E040NDQ/realtime/bd_55cd_mac_0_stub.v:6]
WARNING: [Synth 8-7071] port 'rx_axis_filter_tuser' of module 'bd_55cd_mac_0' is unconnected for instance 'mac' [f:/projects/ad9361Test/adi_hdl/projects/fmcomms2/kcu105/fmcomms2_kcu105.gen/sources_1/bd/system/ip/system_axi_ethernet_0/bd_0/synth/bd_55cd.v:434]
WARNING: [Synth 8-7071] port 'tx_statistics_vector' of module 'bd_55cd_mac_0' is unconnected for instance 'mac' [f:/projects/ad9361Test/adi_hdl/projects/fmcomms2/kcu105/fmcomms2_kcu105.gen/sources_1/bd/system/ip/system_axi_ethernet_0/bd_0/synth/bd_55cd.v:434]
WARNING: [Synth 8-7071] port 'tx_statistics_valid' of module 'bd_55cd_mac_0' is unconnected for instance 'mac' [f:/projects/ad9361Test/adi_hdl/projects/fmcomms2/kcu105/fmcomms2_kcu105.gen/sources_1/bd/system/ip/system_axi_ethernet_0/bd_0/synth/bd_55cd.v:434]
WARNING: [Synth 8-7023] instance 'mac' of module 'bd_55cd_mac_0' has 57 connections declared, but only 54 given [f:/projects/ad9361Test/adi_hdl/projects/fmcomms2/kcu105/fmcomms2_kcu105.gen/sources_1/bd/system/ip/system_axi_ethernet_0/bd_0/synth/bd_55cd.v:434]
INFO: [Synth 8-6157] synthesizing module 'bd_55cd_pcs_pma_0' [F:/projects/ad9361Test/adi_hdl/projects/fmcomms2/kcu105/fmcomms2_kcu105.runs/system_axi_ethernet_0_synth_1/.Xil/Vivado-2608-DESKTOP-E040NDQ/realtime/bd_55cd_pcs_pma_0_stub.v:5]
INFO: [Synth 8-6155] done synthesizing module 'bd_55cd_pcs_pma_0' (5#1) [F:/projects/ad9361Test/adi_hdl/projects/fmcomms2/kcu105/fmcomms2_kcu105.runs/system_axi_ethernet_0_synth_1/.Xil/Vivado-2608-DESKTOP-E040NDQ/realtime/bd_55cd_pcs_pma_0_stub.v:5]
WARNING: [Synth 8-7071] port 'sgmii_clk_r' of module 'bd_55cd_pcs_pma_0' is unconnected for instance 'pcs_pma' [f:/projects/ad9361Test/adi_hdl/projects/fmcomms2/kcu105/fmcomms2_kcu105.gen/sources_1/bd/system/ip/system_axi_ethernet_0/bd_0/synth/bd_55cd.v:489]
WARNING: [Synth 8-7071] port 'sgmii_clk_f' of module 'bd_55cd_pcs_pma_0' is unconnected for instance 'pcs_pma' [f:/projects/ad9361Test/adi_hdl/projects/fmcomms2/kcu105/fmcomms2_kcu105.gen/sources_1/bd/system/ip/system_axi_ethernet_0/bd_0/synth/bd_55cd.v:489]
WARNING: [Synth 8-7071] port 'gmii_isolate' of module 'bd_55cd_pcs_pma_0' is unconnected for instance 'pcs_pma' [f:/projects/ad9361Test/adi_hdl/projects/fmcomms2/kcu105/fmcomms2_kcu105.gen/sources_1/bd/system/ip/system_axi_ethernet_0/bd_0/synth/bd_55cd.v:489]
WARNING: [Synth 8-7071] port 'mdio_t' of module 'bd_55cd_pcs_pma_0' is unconnected for instance 'pcs_pma' [f:/projects/ad9361Test/adi_hdl/projects/fmcomms2/kcu105/fmcomms2_kcu105.gen/sources_1/bd/system/ip/system_axi_ethernet_0/bd_0/synth/bd_55cd.v:489]
WARNING: [Synth 8-7023] instance 'pcs_pma' of module 'bd_55cd_pcs_pma_0' has 43 connections declared, but only 39 given [f:/projects/ad9361Test/adi_hdl/projects/fmcomms2/kcu105/fmcomms2_kcu105.gen/sources_1/bd/system/ip/system_axi_ethernet_0/bd_0/synth/bd_55cd.v:489]
INFO: [Synth 8-6157] synthesizing module 'bd_55cd_util_vector_logic_0_0' [F:/projects/ad9361Test/adi_hdl/projects/fmcomms2/kcu105/fmcomms2_kcu105.runs/system_axi_ethernet_0_synth_1/.Xil/Vivado-2608-DESKTOP-E040NDQ/realtime/bd_55cd_util_vector_logic_0_0_stub.v:6]
INFO: [Synth 8-6155] done synthesizing module 'bd_55cd_util_vector_logic_0_0' (6#1) [F:/projects/ad9361Test/adi_hdl/projects/fmcomms2/kcu105/fmcomms2_kcu105.runs/system_axi_ethernet_0_synth_1/.Xil/Vivado-2608-DESKTOP-E040NDQ/realtime/bd_55cd_util_vector_logic_0_0_stub.v:6]
INFO: [Synth 8-6157] synthesizing module 'bd_55cd_xlconstant_0_0' [f:/projects/ad9361Test/adi_hdl/projects/fmcomms2/kcu105/fmcomms2_kcu105.gen/sources_1/bd/system/ip/system_axi_ethernet_0/bd_0/ip/ip_8/synth/bd_55cd_xlconstant_0_0.v:57]
INFO: [Synth 8-6157] synthesizing module 'xlconstant_v1_1_7_xlconstant' [f:/projects/ad9361Test/adi_hdl/projects/fmcomms2/kcu105/fmcomms2_kcu105.gen/sources_1/bd/system/ipshared/fcfc/hdl/xlconstant_v1_1_vl_rfs.v:23]
INFO: [Synth 8-6155] done synthesizing module 'xlconstant_v1_1_7_xlconstant' (7#1) [f:/projects/ad9361Test/adi_hdl/projects/fmcomms2/kcu105/fmcomms2_kcu105.gen/sources_1/bd/system/ipshared/fcfc/hdl/xlconstant_v1_1_vl_rfs.v:23]
INFO: [Synth 8-6155] done synthesizing module 'bd_55cd_xlconstant_0_0' (8#1) [f:/projects/ad9361Test/adi_hdl/projects/fmcomms2/kcu105/fmcomms2_kcu105.gen/sources_1/bd/system/ip/system_axi_ethernet_0/bd_0/ip/ip_8/synth/bd_55cd_xlconstant_0_0.v:57]
INFO: [Synth 8-6157] synthesizing module 'bd_55cd_xlconstant_config_val_0' [f:/projects/ad9361Test/adi_hdl/projects/fmcomms2/kcu105/fmcomms2_kcu105.gen/sources_1/bd/system/ip/system_axi_ethernet_0/bd_0/ip/ip_5/synth/bd_55cd_xlconstant_config_val_0.v:57]
INFO: [Synth 8-6155] done synthesizing module 'bd_55cd_xlconstant_config_val_0' (9#1) [f:/projects/ad9361Test/adi_hdl/projects/fmcomms2/kcu105/fmcomms2_kcu105.gen/sources_1/bd/system/ip/system_axi_ethernet_0/bd_0/ip/ip_5/synth/bd_55cd_xlconstant_config_val_0.v:57]
INFO: [Synth 8-6157] synthesizing module 'bd_55cd_xlconstant_config_vec_0' [f:/projects/ad9361Test/adi_hdl/projects/fmcomms2/kcu105/fmcomms2_kcu105.gen/sources_1/bd/system/ip/system_axi_ethernet_0/bd_0/ip/ip_4/synth/bd_55cd_xlconstant_config_vec_0.v:57]
INFO: [Synth 8-6157] synthesizing module 'xlconstant_v1_1_7_xlconstant__parameterized0' [f:/projects/ad9361Test/adi_hdl/projects/fmcomms2/kcu105/fmcomms2_kcu105.gen/sources_1/bd/system/ipshared/fcfc/hdl/xlconstant_v1_1_vl_rfs.v:23]
INFO: [Synth 8-6155] done synthesizing module 'xlconstant_v1_1_7_xlconstant__parameterized0' (9#1) [f:/projects/ad9361Test/adi_hdl/projects/fmcomms2/kcu105/fmcomms2_kcu105.gen/sources_1/bd/system/ipshared/fcfc/hdl/xlconstant_v1_1_vl_rfs.v:23]
INFO: [Synth 8-6155] done synthesizing module 'bd_55cd_xlconstant_config_vec_0' (10#1) [f:/projects/ad9361Test/adi_hdl/projects/fmcomms2/kcu105/fmcomms2_kcu105.gen/sources_1/bd/system/ip/system_axi_ethernet_0/bd_0/ip/ip_4/synth/bd_55cd_xlconstant_config_vec_0.v:57]
INFO: [Synth 8-6157] synthesizing module 'bd_55cd_xlconstant_phyadd_0' [f:/projects/ad9361Test/adi_hdl/projects/fmcomms2/kcu105/fmcomms2_kcu105.gen/sources_1/bd/system/ip/system_axi_ethernet_0/bd_0/ip/ip_3/synth/bd_55cd_xlconstant_phyadd_0.v:57]
INFO: [Synth 8-6157] synthesizing module 'xlconstant_v1_1_7_xlconstant__parameterized1' [f:/projects/ad9361Test/adi_hdl/projects/fmcomms2/kcu105/fmcomms2_kcu105.gen/sources_1/bd/system/ipshared/fcfc/hdl/xlconstant_v1_1_vl_rfs.v:23]
INFO: [Synth 8-6155] done synthesizing module 'xlconstant_v1_1_7_xlconstant__parameterized1' (10#1) [f:/projects/ad9361Test/adi_hdl/projects/fmcomms2/kcu105/fmcomms2_kcu105.gen/sources_1/bd/system/ipshared/fcfc/hdl/xlconstant_v1_1_vl_rfs.v:23]
INFO: [Synth 8-6155] done synthesizing module 'bd_55cd_xlconstant_phyadd_0' (11#1) [f:/projects/ad9361Test/adi_hdl/projects/fmcomms2/kcu105/fmcomms2_kcu105.gen/sources_1/bd/system/ip/system_axi_ethernet_0/bd_0/ip/ip_3/synth/bd_55cd_xlconstant_phyadd_0.v:57]
INFO: [Synth 8-6155] done synthesizing module 'bd_55cd' (12#1) [f:/projects/ad9361Test/adi_hdl/projects/fmcomms2/kcu105/fmcomms2_kcu105.gen/sources_1/bd/system/ip/system_axi_ethernet_0/bd_0/synth/bd_55cd.v:10]
INFO: [Synth 8-6155] done synthesizing module 'system_axi_ethernet_0' (13#1) [f:/projects/ad9361Test/adi_hdl/projects/fmcomms2/kcu105/fmcomms2_kcu105.gen/sources_1/bd/system/ip/system_axi_ethernet_0/synth/system_axi_ethernet_0.v:59]
---------------------------------------------------------------------------------
Finished RTL Elaboration : Time (s): cpu = 00:00:06 ; elapsed = 00:00:06 . Memory (MB): peak = 1316.395 ; gain = 174.551
---------------------------------------------------------------------------------
---------------------------------------------------------------------------------
Start Handling Custom Attributes
---------------------------------------------------------------------------------
---------------------------------------------------------------------------------
Finished Handling Custom Attributes : Time (s): cpu = 00:00:07 ; elapsed = 00:00:06 . Memory (MB): peak = 1334.258 ; gain = 192.414
---------------------------------------------------------------------------------
---------------------------------------------------------------------------------
Finished RTL Optimization Phase 1 : Time (s): cpu = 00:00:07 ; elapsed = 00:00:06 . Memory (MB): peak = 1334.258 ; gain = 192.414
---------------------------------------------------------------------------------
Netlist sorting complete. Time (s): cpu = 00:00:00 ; elapsed = 00:00:00.013 . Memory (MB): peak = 1334.258 ; gain = 0.000
INFO: [Project 1-570] Preparing netlist for logic optimization

Processing XDC Constraints
Initializing timing engine
Parsing XDC File [f:/projects/ad9361Test/adi_hdl/projects/fmcomms2/kcu105/fmcomms2_kcu105.gen/sources_1/bd/system/ip/system_axi_ethernet_0/bd_0/ip/ip_0/bd_55cd_eth_buf_0/bd_55cd_eth_buf_0_in_context.xdc] for cell 'inst/eth_buf'
Finished Parsing XDC File [f:/projects/ad9361Test/adi_hdl/projects/fmcomms2/kcu105/fmcomms2_kcu105.gen/sources_1/bd/system/ip/system_axi_ethernet_0/bd_0/ip/ip_0/bd_55cd_eth_buf_0/bd_55cd_eth_buf_0_in_context.xdc] for cell 'inst/eth_buf'
Parsing XDC File [f:/projects/ad9361Test/adi_hdl/projects/fmcomms2/kcu105/fmcomms2_kcu105.gen/sources_1/bd/system/ip/system_axi_ethernet_0/bd_0/ip/ip_1/bd_55cd_mac_0/bd_55cd_mac_0_in_context.xdc] for cell 'inst/mac'
Finished Parsing XDC File [f:/projects/ad9361Test/adi_hdl/projects/fmcomms2/kcu105/fmcomms2_kcu105.gen/sources_1/bd/system/ip/system_axi_ethernet_0/bd_0/ip/ip_1/bd_55cd_mac_0/bd_55cd_mac_0_in_context.xdc] for cell 'inst/mac'
Parsing XDC File [f:/projects/ad9361Test/adi_hdl/projects/fmcomms2/kcu105/fmcomms2_kcu105.gen/sources_1/bd/system/ip/system_axi_ethernet_0/bd_0/ip/ip_2/bd_55cd_pcs_pma_0/bd_55cd_pcs_pma_0_in_context.xdc] for cell 'inst/pcs_pma'
Finished Parsing XDC File [f:/projects/ad9361Test/adi_hdl/projects/fmcomms2/kcu105/fmcomms2_kcu105.gen/sources_1/bd/system/ip/system_axi_ethernet_0/bd_0/ip/ip_2/bd_55cd_pcs_pma_0/bd_55cd_pcs_pma_0_in_context.xdc] for cell 'inst/pcs_pma'
Parsing XDC File [f:/projects/ad9361Test/adi_hdl/projects/fmcomms2/kcu105/fmcomms2_kcu105.gen/sources_1/bd/system/ip/system_axi_ethernet_0/bd_0/ip/ip_6/bd_55cd_c_shift_ram_0_0/bd_55cd_c_shift_ram_0_0_in_context.xdc] for cell 'inst/c_shift_ram_0'
Finished Parsing XDC File [f:/projects/ad9361Test/adi_hdl/projects/fmcomms2/kcu105/fmcomms2_kcu105.gen/sources_1/bd/system/ip/system_axi_ethernet_0/bd_0/ip/ip_6/bd_55cd_c_shift_ram_0_0/bd_55cd_c_shift_ram_0_0_in_context.xdc] for cell 'inst/c_shift_ram_0'
Parsing XDC File [f:/projects/ad9361Test/adi_hdl/projects/fmcomms2/kcu105/fmcomms2_kcu105.gen/sources_1/bd/system/ip/system_axi_ethernet_0/bd_0/ip/ip_7/bd_55cd_c_counter_binary_0_0/bd_55cd_c_counter_binary_0_0_in_context.xdc] for cell 'inst/c_counter_binary_0'
Finished Parsing XDC File [f:/projects/ad9361Test/adi_hdl/projects/fmcomms2/kcu105/fmcomms2_kcu105.gen/sources_1/bd/system/ip/system_axi_ethernet_0/bd_0/ip/ip_7/bd_55cd_c_counter_binary_0_0/bd_55cd_c_counter_binary_0_0_in_context.xdc] for cell 'inst/c_counter_binary_0'
Parsing XDC File [f:/projects/ad9361Test/adi_hdl/projects/fmcomms2/kcu105/fmcomms2_kcu105.gen/sources_1/bd/system/ip/system_axi_ethernet_0/bd_0/ip/ip_9/bd_55cd_util_vector_logic_0_0/bd_55cd_util_vector_logic_0_0_in_context.xdc] for cell 'inst/util_vector_logic_0'
Finished Parsing XDC File [f:/projects/ad9361Test/adi_hdl/projects/fmcomms2/kcu105/fmcomms2_kcu105.gen/sources_1/bd/system/ip/system_axi_ethernet_0/bd_0/ip/ip_9/bd_55cd_util_vector_logic_0_0/bd_55cd_util_vector_logic_0_0_in_context.xdc] for cell 'inst/util_vector_logic_0'
Parsing XDC File [f:/projects/ad9361Test/adi_hdl/projects/fmcomms2/kcu105/fmcomms2_kcu105.gen/sources_1/bd/system/ip/system_axi_ethernet_0/synth/system_axi_ethernet_0_ooc.xdc] for cell 'inst'
Finished Parsing XDC File [f:/projects/ad9361Test/adi_hdl/projects/fmcomms2/kcu105/fmcomms2_kcu105.gen/sources_1/bd/system/ip/system_axi_ethernet_0/synth/system_axi_ethernet_0_ooc.xdc] for cell 'inst'
Parsing XDC File [f:/projects/ad9361Test/adi_hdl/projects/fmcomms2/kcu105/fmcomms2_kcu105.gen/sources_1/bd/system/ip/system_axi_ethernet_0/system_axi_ethernet_0_board.xdc] for cell 'inst'
Finished Parsing XDC File [f:/projects/ad9361Test/adi_hdl/projects/fmcomms2/kcu105/fmcomms2_kcu105.gen/sources_1/bd/system/ip/system_axi_ethernet_0/system_axi_ethernet_0_board.xdc] for cell 'inst'
Parsing XDC File [f:/projects/ad9361Test/adi_hdl/projects/fmcomms2/kcu105/fmcomms2_kcu105.gen/sources_1/bd/system/ip/system_axi_ethernet_0/synth/system_axi_ethernet_0.xdc] for cell 'inst'
Finished Parsing XDC File [f:/projects/ad9361Test/adi_hdl/projects/fmcomms2/kcu105/fmcomms2_kcu105.gen/sources_1/bd/system/ip/system_axi_ethernet_0/synth/system_axi_ethernet_0.xdc] for cell 'inst'
INFO: [Project 1-236] Implementation specific constraints were found while reading constraint file [f:/projects/ad9361Test/adi_hdl/projects/fmcomms2/kcu105/fmcomms2_kcu105.gen/sources_1/bd/system/ip/system_axi_ethernet_0/synth/system_axi_ethernet_0.xdc]. These constraints will be ignored for synthesis but will be used in implementation. Impacted constraints are listed in the file [.Xil/system_axi_ethernet_0_propImpl.xdc].
Resolution: To avoid this warning, move constraints listed in [.Xil/system_axi_ethernet_0_propImpl.xdc] to another XDC file and exclude this new file from synthesis with the used_in_synthesis property (File Properties dialog in GUI) and re-run elaboration/synthesis.
Parsing XDC File [F:/projects/ad9361Test/adi_hdl/projects/fmcomms2/kcu105/fmcomms2_kcu105.runs/system_axi_ethernet_0_synth_1/dont_touch.xdc]
Finished Parsing XDC File [F:/projects/ad9361Test/adi_hdl/projects/fmcomms2/kcu105/fmcomms2_kcu105.runs/system_axi_ethernet_0_synth_1/dont_touch.xdc]
Completed Processing XDC Constraints

Netlist sorting complete. Time (s): cpu = 00:00:00 ; elapsed = 00:00:00 . Memory (MB): peak = 1366.059 ; gain = 0.000
INFO: [Project 1-111] Unisim Transformation Summary:
No Unisim elements were transformed.

Constraint Validation Runtime : Time (s): cpu = 00:00:00 ; elapsed = 00:00:00.027 . Memory (MB): peak = 1366.059 ; gain = 0.000
---------------------------------------------------------------------------------
Finished Constraint Validation : Time (s): cpu = 00:00:12 ; elapsed = 00:00:12 . Memory (MB): peak = 1366.059 ; gain = 224.215
---------------------------------------------------------------------------------
---------------------------------------------------------------------------------
Start Loading Part and Timing Information
---------------------------------------------------------------------------------
Loading part: xcku040-ffva1156-2-e
INFO: [Synth 8-6742] Reading net delay rules and data
---------------------------------------------------------------------------------
Finished Loading Part and Timing Information : Time (s): cpu = 00:00:12 ; elapsed = 00:00:12 . Memory (MB): peak = 1366.059 ; gain = 224.215
---------------------------------------------------------------------------------
---------------------------------------------------------------------------------
Start Applying 'set_property' XDC Constraints
---------------------------------------------------------------------------------
Applied set_property IO_BUFFER_TYPE = NONE for lvds_clk_clk_n. (constraint file  f:/projects/ad9361Test/adi_hdl/projects/fmcomms2/kcu105/fmcomms2_kcu105.gen/sources_1/bd/system/ip/system_axi_ethernet_0/bd_0/ip/ip_2/bd_55cd_pcs_pma_0/bd_55cd_pcs_pma_0_in_context.xdc, line 5).
Applied set_property CLOCK_BUFFER_TYPE = NONE for lvds_clk_clk_n. (constraint file  f:/projects/ad9361Test/adi_hdl/projects/fmcomms2/kcu105/fmcomms2_kcu105.gen/sources_1/bd/system/ip/system_axi_ethernet_0/bd_0/ip/ip_2/bd_55cd_pcs_pma_0/bd_55cd_pcs_pma_0_in_context.xdc, line 6).
Applied set_property IO_BUFFER_TYPE = NONE for lvds_clk_clk_p. (constraint file  f:/projects/ad9361Test/adi_hdl/projects/fmcomms2/kcu105/fmcomms2_kcu105.gen/sources_1/bd/system/ip/system_axi_ethernet_0/bd_0/ip/ip_2/bd_55cd_pcs_pma_0/bd_55cd_pcs_pma_0_in_context.xdc, line 7).
Applied set_property CLOCK_BUFFER_TYPE = NONE for lvds_clk_clk_p. (constraint file  f:/projects/ad9361Test/adi_hdl/projects/fmcomms2/kcu105/fmcomms2_kcu105.gen/sources_1/bd/system/ip/system_axi_ethernet_0/bd_0/ip/ip_2/bd_55cd_pcs_pma_0/bd_55cd_pcs_pma_0_in_context.xdc, line 8).
Applied set_property IO_BUFFER_TYPE = NONE for sgmii_rxn. (constraint file  f:/projects/ad9361Test/adi_hdl/projects/fmcomms2/kcu105/fmcomms2_kcu105.gen/sources_1/bd/system/ip/system_axi_ethernet_0/bd_0/ip/ip_2/bd_55cd_pcs_pma_0/bd_55cd_pcs_pma_0_in_context.xdc, line 9).
Applied set_property CLOCK_BUFFER_TYPE = NONE for sgmii_rxn. (constraint file  f:/projects/ad9361Test/adi_hdl/projects/fmcomms2/kcu105/fmcomms2_kcu105.gen/sources_1/bd/system/ip/system_axi_ethernet_0/bd_0/ip/ip_2/bd_55cd_pcs_pma_0/bd_55cd_pcs_pma_0_in_context.xdc, line 10).
Applied set_property IO_BUFFER_TYPE = NONE for sgmii_rxp. (constraint file  f:/projects/ad9361Test/adi_hdl/projects/fmcomms2/kcu105/fmcomms2_kcu105.gen/sources_1/bd/system/ip/system_axi_ethernet_0/bd_0/ip/ip_2/bd_55cd_pcs_pma_0/bd_55cd_pcs_pma_0_in_context.xdc, line 11).
Applied set_property CLOCK_BUFFER_TYPE = NONE for sgmii_rxp. (constraint file  f:/projects/ad9361Test/adi_hdl/projects/fmcomms2/kcu105/fmcomms2_kcu105.gen/sources_1/bd/system/ip/system_axi_ethernet_0/bd_0/ip/ip_2/bd_55cd_pcs_pma_0/bd_55cd_pcs_pma_0_in_context.xdc, line 12).
Applied set_property IO_BUFFER_TYPE = NONE for sgmii_txn. (constraint file  f:/projects/ad9361Test/adi_hdl/projects/fmcomms2/kcu105/fmcomms2_kcu105.gen/sources_1/bd/system/ip/system_axi_ethernet_0/bd_0/ip/ip_2/bd_55cd_pcs_pma_0/bd_55cd_pcs_pma_0_in_context.xdc, line 13).
Applied set_property CLOCK_BUFFER_TYPE = NONE for sgmii_txn. (constraint file  f:/projects/ad9361Test/adi_hdl/projects/fmcomms2/kcu105/fmcomms2_kcu105.gen/sources_1/bd/system/ip/system_axi_ethernet_0/bd_0/ip/ip_2/bd_55cd_pcs_pma_0/bd_55cd_pcs_pma_0_in_context.xdc, line 14).
Applied set_property IO_BUFFER_TYPE = NONE for sgmii_txp. (constraint file  f:/projects/ad9361Test/adi_hdl/projects/fmcomms2/kcu105/fmcomms2_kcu105.gen/sources_1/bd/system/ip/system_axi_ethernet_0/bd_0/ip/ip_2/bd_55cd_pcs_pma_0/bd_55cd_pcs_pma_0_in_context.xdc, line 15).
Applied set_property CLOCK_BUFFER_TYPE = NONE for sgmii_txp. (constraint file  f:/projects/ad9361Test/adi_hdl/projects/fmcomms2/kcu105/fmcomms2_kcu105.gen/sources_1/bd/system/ip/system_axi_ethernet_0/bd_0/ip/ip_2/bd_55cd_pcs_pma_0/bd_55cd_pcs_pma_0_in_context.xdc, line 16).
Applied set_property KEEP_HIERARCHY = SOFT for inst. (constraint file  auto generated constraint).
Applied set_property KEEP_HIERARCHY = SOFT for inst/eth_buf. (constraint file  auto generated constraint).
Applied set_property KEEP_HIERARCHY = SOFT for inst/mac. (constraint file  auto generated constraint).
Applied set_property KEEP_HIERARCHY = SOFT for inst/pcs_pma. (constraint file  auto generated constraint).
Applied set_property KEEP_HIERARCHY = SOFT for inst/xlconstant_phyadd. (constraint file  auto generated constraint).
Applied set_property KEEP_HIERARCHY = SOFT for inst/xlconstant_config_vec. (constraint file  auto generated constraint).
Applied set_property KEEP_HIERARCHY = SOFT for inst/xlconstant_config_val. (constraint file  auto generated constraint).
Applied set_property KEEP_HIERARCHY = SOFT for inst/c_shift_ram_0. (constraint file  auto generated constraint).
Applied set_property KEEP_HIERARCHY = SOFT for inst/c_counter_binary_0. (constraint file  auto generated constraint).
Applied set_property KEEP_HIERARCHY = SOFT for inst/xlconstant_0. (constraint file  auto generated constraint).
Applied set_property KEEP_HIERARCHY = SOFT for inst/util_vector_logic_0. (constraint file  auto generated constraint).
Applied set_property KEEP = true for inst/phy_rst_n[0]. (constraint file  auto generated constraint).
---------------------------------------------------------------------------------
Finished applying 'set_property' XDC Constraints : Time (s): cpu = 00:00:12 ; elapsed = 00:00:12 . Memory (MB): peak = 1366.059 ; gain = 224.215
---------------------------------------------------------------------------------
---------------------------------------------------------------------------------
Finished RTL Optimization Phase 2 : Time (s): cpu = 00:00:12 ; elapsed = 00:00:12 . Memory (MB): peak = 1366.059 ; gain = 224.215
---------------------------------------------------------------------------------
---------------------------------------------------------------------------------
Start RTL Component Statistics 
---------------------------------------------------------------------------------
Detailed RTL Component Info : 
---------------------------------------------------------------------------------
Finished RTL Component Statistics 
---------------------------------------------------------------------------------
---------------------------------------------------------------------------------
Start Part Resource Summary
---------------------------------------------------------------------------------
Part Resources:
DSPs: 1920 (col length:120)
BRAMs: 1200 (col length: RAMB18 120 RAMB36 60)
---------------------------------------------------------------------------------
Finished Part Resource Summary
---------------------------------------------------------------------------------
---------------------------------------------------------------------------------
Start Cross Boundary and Area Optimization
---------------------------------------------------------------------------------
---------------------------------------------------------------------------------
Finished Cross Boundary and Area Optimization : Time (s): cpu = 00:00:14 ; elapsed = 00:00:14 . Memory (MB): peak = 1366.059 ; gain = 224.215
---------------------------------------------------------------------------------
---------------------------------------------------------------------------------
Start Applying XDC Timing Constraints
---------------------------------------------------------------------------------
---------------------------------------------------------------------------------
Finished Applying XDC Timing Constraints : Time (s): cpu = 00:00:19 ; elapsed = 00:00:20 . Memory (MB): peak = 1511.480 ; gain = 369.637
---------------------------------------------------------------------------------
---------------------------------------------------------------------------------
Start Timing Optimization
---------------------------------------------------------------------------------
---------------------------------------------------------------------------------
Finished Timing Optimization : Time (s): cpu = 00:00:19 ; elapsed = 00:00:20 . Memory (MB): peak = 1511.555 ; gain = 369.711
---------------------------------------------------------------------------------
---------------------------------------------------------------------------------
Start Technology Mapping
---------------------------------------------------------------------------------
---------------------------------------------------------------------------------
Finished Technology Mapping : Time (s): cpu = 00:00:20 ; elapsed = 00:00:20 . Memory (MB): peak = 1530.613 ; gain = 388.770
---------------------------------------------------------------------------------
---------------------------------------------------------------------------------
Start IO Insertion
---------------------------------------------------------------------------------
---------------------------------------------------------------------------------
Start Flattening Before IO Insertion
---------------------------------------------------------------------------------
---------------------------------------------------------------------------------
Finished Flattening Before IO Insertion
---------------------------------------------------------------------------------
---------------------------------------------------------------------------------
Start Final Netlist Cleanup
---------------------------------------------------------------------------------
---------------------------------------------------------------------------------
Finished Final Netlist Cleanup
---------------------------------------------------------------------------------
---------------------------------------------------------------------------------
Finished IO Insertion : Time (s): cpu = 00:00:23 ; elapsed = 00:00:23 . Memory (MB): peak = 1537.402 ; gain = 395.559
---------------------------------------------------------------------------------
---------------------------------------------------------------------------------
Start Renaming Generated Instances
---------------------------------------------------------------------------------
---------------------------------------------------------------------------------
Finished Renaming Generated Instances : Time (s): cpu = 00:00:23 ; elapsed = 00:00:23 . Memory (MB): peak = 1537.402 ; gain = 395.559
---------------------------------------------------------------------------------
---------------------------------------------------------------------------------
Start Rebuilding User Hierarchy
---------------------------------------------------------------------------------
---------------------------------------------------------------------------------
Finished Rebuilding User Hierarchy : Time (s): cpu = 00:00:23 ; elapsed = 00:00:23 . Memory (MB): peak = 1537.402 ; gain = 395.559
---------------------------------------------------------------------------------
---------------------------------------------------------------------------------
Start Renaming Generated Ports
---------------------------------------------------------------------------------
---------------------------------------------------------------------------------
Finished Renaming Generated Ports : Time (s): cpu = 00:00:23 ; elapsed = 00:00:23 . Memory (MB): peak = 1537.402 ; gain = 395.559
---------------------------------------------------------------------------------
---------------------------------------------------------------------------------
Start Handling Custom Attributes
---------------------------------------------------------------------------------
---------------------------------------------------------------------------------
Finished Handling Custom Attributes : Time (s): cpu = 00:00:23 ; elapsed = 00:00:23 . Memory (MB): peak = 1537.402 ; gain = 395.559
---------------------------------------------------------------------------------
---------------------------------------------------------------------------------
Start Renaming Generated Nets
---------------------------------------------------------------------------------
---------------------------------------------------------------------------------
Finished Renaming Generated Nets : Time (s): cpu = 00:00:23 ; elapsed = 00:00:23 . Memory (MB): peak = 1537.402 ; gain = 395.559
---------------------------------------------------------------------------------
---------------------------------------------------------------------------------
Start Writing Synthesis Report
---------------------------------------------------------------------------------

Report BlackBoxes: 
+------+------------------------------+----------+
|      |BlackBox name                 |Instances |
+------+------------------------------+----------+
|1     |bd_55cd_c_counter_binary_0_0  |         1|
|2     |bd_55cd_c_shift_ram_0_0       |         1|
|3     |bd_55cd_eth_buf_0             |         1|
|4     |bd_55cd_mac_0                 |         1|
|5     |bd_55cd_pcs_pma_0             |         1|
|6     |bd_55cd_util_vector_logic_0_0 |         1|
+------+------------------------------+----------+

Report Cell Usage: 
+------+----------------------------+------+
|      |Cell                        |Count |
+------+----------------------------+------+
|1     |bd_55cd_c_counter_binary_0  |     1|
|2     |bd_55cd_c_shift_ram_0       |     1|
|3     |bd_55cd_eth_buf             |     1|
|4     |bd_55cd_mac                 |     1|
|5     |bd_55cd_pcs_pma             |     1|
|6     |bd_55cd_util_vector_logic_0 |     1|
+------+----------------------------+------+
---------------------------------------------------------------------------------
Finished Writing Synthesis Report : Time (s): cpu = 00:00:23 ; elapsed = 00:00:23 . Memory (MB): peak = 1537.402 ; gain = 395.559
---------------------------------------------------------------------------------
Synthesis finished with 0 errors, 0 critical warnings and 0 warnings.
Synthesis Optimization Runtime : Time (s): cpu = 00:00:15 ; elapsed = 00:00:22 . Memory (MB): peak = 1537.402 ; gain = 363.758
Synthesis Optimization Complete : Time (s): cpu = 00:00:23 ; elapsed = 00:00:23 . Memory (MB): peak = 1537.402 ; gain = 395.559
INFO: [Project 1-571] Translating synthesized netlist
Netlist sorting complete. Time (s): cpu = 00:00:00 ; elapsed = 00:00:00.013 . Memory (MB): peak = 1537.402 ; gain = 0.000
INFO: [Project 1-570] Preparing netlist for logic optimization
INFO: [Opt 31-138] Pushed 0 inverter(s) to 0 load pin(s).
Netlist sorting complete. Time (s): cpu = 00:00:00 ; elapsed = 00:00:00 . Memory (MB): peak = 1581.883 ; gain = 0.000
INFO: [Project 1-111] Unisim Transformation Summary:
No Unisim elements were transformed.

Synth Design complete, checksum: 7ee41c4
INFO: [Common 17-83] Releasing license: Synthesis
47 Infos, 19 Warnings, 0 Critical Warnings and 0 Errors encountered.
synth_design completed successfully
synth_design: Time (s): cpu = 00:00:29 ; elapsed = 00:00:31 . Memory (MB): peak = 1586.887 ; gain = 445.043
INFO: [Common 17-1381] The checkpoint 'F:/projects/ad9361Test/adi_hdl/projects/fmcomms2/kcu105/fmcomms2_kcu105.runs/system_axi_ethernet_0_synth_1/system_axi_ethernet_0.dcp' has been generated.
INFO: [Coretcl 2-1648] Added synthesis output to IP cache for IP system_axi_ethernet_0, cache-ID = 03a6e10bc1c308b8
INFO: [Coretcl 2-1174] Renamed 7 cell refs.
INFO: [Common 17-1381] The checkpoint 'F:/projects/ad9361Test/adi_hdl/projects/fmcomms2/kcu105/fmcomms2_kcu105.runs/system_axi_ethernet_0_synth_1/system_axi_ethernet_0.dcp' has been generated.
INFO: [runtcl-4] Executing : report_utilization -file system_axi_ethernet_0_utilization_synth.rpt -pb system_axi_ethernet_0_utilization_synth.pb
INFO: [Common 17-206] Exiting Vivado at Wed Dec  8 11:16:40 2021...
