
*** Running vivado
    with args -log system_axi_ad9361_adc_dma_0.vds -m64 -product Vivado -mode batch -messageDb vivado.pb -notrace -source system_axi_ad9361_adc_dma_0.tcl



****** Vivado v2021.1 (64-bit)
  **** SW Build 3247384 on Thu Jun 10 19:36:33 MDT 2021
  **** IP Build 3246043 on Fri Jun 11 00:30:35 MDT 2021
    ** Copyright 1986-2021 Xilinx, Inc. All Rights Reserved.

source system_axi_ad9361_adc_dma_0.tcl -notrace
INFO: [IP_Flow 19-234] Refreshing IP repositories
INFO: [IP_Flow 19-1700] Loaded user IP repository 'd:/projects/adi_hdl/library'.
WARNING: [IP_Flow 19-2248] Failed to load user IP repository 'd:/projects/ghdl/library'; Can't find the specified path.
If this directory should no longer be in your list of user repositories, go to the IP Settings dialog and remove it.
INFO: [IP_Flow 19-2313] Loaded Vivado IP repository 'C:/Xilinx_/Vivado/2021.1/data/ip'.
Command: synth_design -top system_axi_ad9361_adc_dma_0 -part xcku040-ffva1156-2-e -mode out_of_context
Starting synth_design
Attempting to get a license for feature 'Synthesis' and/or device 'xcku040'
INFO: [Common 17-349] Got license for feature 'Synthesis' and/or device 'xcku040'
INFO: [Device 21-403] Loading part xcku040-ffva1156-2-e
INFO: [Synth 8-7079] Multithreading enabled for synth_design using a maximum of 2 processes.
INFO: [Synth 8-7078] Launching helper process for spawning children vivado processes
INFO: [Synth 8-7075] Helper process launched with PID 20136
---------------------------------------------------------------------------------
Starting RTL Elaboration : Time (s): cpu = 00:00:06 ; elapsed = 00:00:07 . Memory (MB): peak = 1265.410 ; gain = 114.059
---------------------------------------------------------------------------------
INFO: [Synth 8-6157] synthesizing module 'system_axi_ad9361_adc_dma_0' [d:/projects/adi_hdl/projects/fmcomms2/kcu105/fmcomms2_kcu105.gen/sources_1/bd/system/ip/system_axi_ad9361_adc_dma_0/synth/system_axi_ad9361_adc_dma_0.v:57]
INFO: [Synth 8-6157] synthesizing module 'axi_dmac' [d:/projects/adi_hdl/projects/fmcomms2/kcu105/fmcomms2_kcu105.gen/sources_1/bd/system/ipshared/0623/axi_dmac.v:38]
INFO: [Synth 8-6157] synthesizing module 'axi_dmac_regmap' [d:/projects/adi_hdl/projects/fmcomms2/kcu105/fmcomms2_kcu105.gen/sources_1/bd/system/ipshared/0623/axi_dmac_regmap.v:38]
INFO: [Synth 8-155] case statement is not full and has no default [d:/projects/adi_hdl/projects/fmcomms2/kcu105/fmcomms2_kcu105.gen/sources_1/bd/system/ipshared/0623/axi_dmac_regmap.v:180]
INFO: [Synth 8-6157] synthesizing module 'axi_dmac_regmap_request' [d:/projects/adi_hdl/projects/fmcomms2/kcu105/fmcomms2_kcu105.gen/sources_1/bd/system/ipshared/0623/axi_dmac_regmap_request.v:38]
INFO: [Synth 8-155] case statement is not full and has no default [d:/projects/adi_hdl/projects/fmcomms2/kcu105/fmcomms2_kcu105.gen/sources_1/bd/system/ipshared/0623/axi_dmac_regmap_request.v:148]
INFO: [Synth 8-6157] synthesizing module 'util_axis_fifo' [d:/projects/adi_hdl/projects/fmcomms2/kcu105/fmcomms2_kcu105.gen/sources_1/bd/system/ipshared/0f02/util_axis_fifo.v:37]
INFO: [Synth 8-6157] synthesizing module 'util_axis_fifo_address_generator' [d:/projects/adi_hdl/projects/fmcomms2/kcu105/fmcomms2_kcu105.gen/sources_1/bd/system/ipshared/0f02/util_axis_fifo_address_generator.v:37]
INFO: [Synth 8-6155] done synthesizing module 'util_axis_fifo_address_generator' (1#1) [d:/projects/adi_hdl/projects/fmcomms2/kcu105/fmcomms2_kcu105.gen/sources_1/bd/system/ipshared/0f02/util_axis_fifo_address_generator.v:37]
INFO: [Synth 8-6155] done synthesizing module 'util_axis_fifo' (2#1) [d:/projects/adi_hdl/projects/fmcomms2/kcu105/fmcomms2_kcu105.gen/sources_1/bd/system/ipshared/0f02/util_axis_fifo.v:37]
WARNING: [Synth 8-7071] port 'm_axis_tkeep' of module 'util_axis_fifo' is unconnected for instance 'i_transfer_lenghts_fifo' [d:/projects/adi_hdl/projects/fmcomms2/kcu105/fmcomms2_kcu105.gen/sources_1/bd/system/ipshared/0623/axi_dmac_regmap_request.v:296]
WARNING: [Synth 8-7071] port 'm_axis_tlast' of module 'util_axis_fifo' is unconnected for instance 'i_transfer_lenghts_fifo' [d:/projects/adi_hdl/projects/fmcomms2/kcu105/fmcomms2_kcu105.gen/sources_1/bd/system/ipshared/0623/axi_dmac_regmap_request.v:296]
WARNING: [Synth 8-7071] port 'm_axis_almost_empty' of module 'util_axis_fifo' is unconnected for instance 'i_transfer_lenghts_fifo' [d:/projects/adi_hdl/projects/fmcomms2/kcu105/fmcomms2_kcu105.gen/sources_1/bd/system/ipshared/0623/axi_dmac_regmap_request.v:296]
WARNING: [Synth 8-7071] port 's_axis_tkeep' of module 'util_axis_fifo' is unconnected for instance 'i_transfer_lenghts_fifo' [d:/projects/adi_hdl/projects/fmcomms2/kcu105/fmcomms2_kcu105.gen/sources_1/bd/system/ipshared/0623/axi_dmac_regmap_request.v:296]
WARNING: [Synth 8-7071] port 's_axis_tlast' of module 'util_axis_fifo' is unconnected for instance 'i_transfer_lenghts_fifo' [d:/projects/adi_hdl/projects/fmcomms2/kcu105/fmcomms2_kcu105.gen/sources_1/bd/system/ipshared/0623/axi_dmac_regmap_request.v:296]
WARNING: [Synth 8-7071] port 's_axis_almost_full' of module 'util_axis_fifo' is unconnected for instance 'i_transfer_lenghts_fifo' [d:/projects/adi_hdl/projects/fmcomms2/kcu105/fmcomms2_kcu105.gen/sources_1/bd/system/ipshared/0623/axi_dmac_regmap_request.v:296]
WARNING: [Synth 8-7023] instance 'i_transfer_lenghts_fifo' of module 'util_axis_fifo' has 20 connections declared, but only 14 given [d:/projects/adi_hdl/projects/fmcomms2/kcu105/fmcomms2_kcu105.gen/sources_1/bd/system/ipshared/0623/axi_dmac_regmap_request.v:296]
INFO: [Synth 8-6155] done synthesizing module 'axi_dmac_regmap_request' (3#1) [d:/projects/adi_hdl/projects/fmcomms2/kcu105/fmcomms2_kcu105.gen/sources_1/bd/system/ipshared/0623/axi_dmac_regmap_request.v:38]
INFO: [Synth 8-6157] synthesizing module 'up_axi' [d:/projects/adi_hdl/projects/fmcomms2/kcu105/fmcomms2_kcu105.gen/sources_1/bd/system/ipshared/common/up_axi.v:38]
INFO: [Synth 8-6155] done synthesizing module 'up_axi' (4#1) [d:/projects/adi_hdl/projects/fmcomms2/kcu105/fmcomms2_kcu105.gen/sources_1/bd/system/ipshared/common/up_axi.v:38]
INFO: [Synth 8-6155] done synthesizing module 'axi_dmac_regmap' (5#1) [d:/projects/adi_hdl/projects/fmcomms2/kcu105/fmcomms2_kcu105.gen/sources_1/bd/system/ipshared/0623/axi_dmac_regmap.v:38]
INFO: [Synth 8-6157] synthesizing module 'axi_dmac_transfer' [d:/projects/adi_hdl/projects/fmcomms2/kcu105/fmcomms2_kcu105.gen/sources_1/bd/system/ipshared/0623/axi_dmac_transfer.v:38]
INFO: [Synth 8-6157] synthesizing module 'axi_dmac_reset_manager' [d:/projects/adi_hdl/projects/fmcomms2/kcu105/fmcomms2_kcu105.gen/sources_1/bd/system/ipshared/0623/axi_dmac_reset_manager.v:38]
INFO: [Synth 8-155] case statement is not full and has no default [d:/projects/adi_hdl/projects/fmcomms2/kcu105/fmcomms2_kcu105.gen/sources_1/bd/system/ipshared/0623/axi_dmac_reset_manager.v:156]
INFO: [Synth 8-6157] synthesizing module 'sync_bits' [d:/projects/adi_hdl/projects/fmcomms2/kcu105/fmcomms2_kcu105.gen/sources_1/bd/system/ipshared/b8ee/sync_bits.v:46]
INFO: [Synth 8-6155] done synthesizing module 'sync_bits' (6#1) [d:/projects/adi_hdl/projects/fmcomms2/kcu105/fmcomms2_kcu105.gen/sources_1/bd/system/ipshared/b8ee/sync_bits.v:46]
INFO: [Synth 8-6157] synthesizing module 'sync_bits__parameterized0' [d:/projects/adi_hdl/projects/fmcomms2/kcu105/fmcomms2_kcu105.gen/sources_1/bd/system/ipshared/b8ee/sync_bits.v:46]
INFO: [Synth 8-6155] done synthesizing module 'sync_bits__parameterized0' (6#1) [d:/projects/adi_hdl/projects/fmcomms2/kcu105/fmcomms2_kcu105.gen/sources_1/bd/system/ipshared/b8ee/sync_bits.v:46]
INFO: [Synth 8-6155] done synthesizing module 'axi_dmac_reset_manager' (7#1) [d:/projects/adi_hdl/projects/fmcomms2/kcu105/fmcomms2_kcu105.gen/sources_1/bd/system/ipshared/0623/axi_dmac_reset_manager.v:38]
INFO: [Synth 8-6157] synthesizing module 'dmac_request_arb' [d:/projects/adi_hdl/projects/fmcomms2/kcu105/fmcomms2_kcu105.gen/sources_1/bd/system/ipshared/0623/request_arb.v:38]
INFO: [Synth 8-6157] synthesizing module 'dmac_dest_mm_axi' [d:/projects/adi_hdl/projects/fmcomms2/kcu105/fmcomms2_kcu105.gen/sources_1/bd/system/ipshared/0623/dest_axi_mm.v:38]
INFO: [Synth 8-6157] synthesizing module 'dmac_address_generator' [d:/projects/adi_hdl/projects/fmcomms2/kcu105/fmcomms2_kcu105.gen/sources_1/bd/system/ipshared/0623/address_generator.v:38]
INFO: [Synth 8-6155] done synthesizing module 'dmac_address_generator' (8#1) [d:/projects/adi_hdl/projects/fmcomms2/kcu105/fmcomms2_kcu105.gen/sources_1/bd/system/ipshared/0623/address_generator.v:38]
INFO: [Synth 8-6157] synthesizing module 'dmac_response_handler' [d:/projects/adi_hdl/projects/fmcomms2/kcu105/fmcomms2_kcu105.gen/sources_1/bd/system/ipshared/0623/response_handler.v:38]
INFO: [Synth 8-6155] done synthesizing module 'dmac_response_handler' (9#1) [d:/projects/adi_hdl/projects/fmcomms2/kcu105/fmcomms2_kcu105.gen/sources_1/bd/system/ipshared/0623/response_handler.v:38]
INFO: [Synth 8-6155] done synthesizing module 'dmac_dest_mm_axi' (10#1) [d:/projects/adi_hdl/projects/fmcomms2/kcu105/fmcomms2_kcu105.gen/sources_1/bd/system/ipshared/0623/dest_axi_mm.v:38]
INFO: [Synth 8-6157] synthesizing module 'util_axis_fifo__parameterized0' [d:/projects/adi_hdl/projects/fmcomms2/kcu105/fmcomms2_kcu105.gen/sources_1/bd/system/ipshared/0f02/util_axis_fifo.v:37]
INFO: [Synth 8-6155] done synthesizing module 'util_axis_fifo__parameterized0' (10#1) [d:/projects/adi_hdl/projects/fmcomms2/kcu105/fmcomms2_kcu105.gen/sources_1/bd/system/ipshared/0f02/util_axis_fifo.v:37]
WARNING: [Synth 8-7071] port 'm_axis_tkeep' of module 'util_axis_fifo' is unconnected for instance 'i_src_dest_bl_fifo' [d:/projects/adi_hdl/projects/fmcomms2/kcu105/fmcomms2_kcu105.gen/sources_1/bd/system/ipshared/0623/request_arb.v:429]
WARNING: [Synth 8-7071] port 'm_axis_tlast' of module 'util_axis_fifo' is unconnected for instance 'i_src_dest_bl_fifo' [d:/projects/adi_hdl/projects/fmcomms2/kcu105/fmcomms2_kcu105.gen/sources_1/bd/system/ipshared/0623/request_arb.v:429]
WARNING: [Synth 8-7071] port 'm_axis_almost_empty' of module 'util_axis_fifo' is unconnected for instance 'i_src_dest_bl_fifo' [d:/projects/adi_hdl/projects/fmcomms2/kcu105/fmcomms2_kcu105.gen/sources_1/bd/system/ipshared/0623/request_arb.v:429]
WARNING: [Synth 8-7071] port 's_axis_tkeep' of module 'util_axis_fifo' is unconnected for instance 'i_src_dest_bl_fifo' [d:/projects/adi_hdl/projects/fmcomms2/kcu105/fmcomms2_kcu105.gen/sources_1/bd/system/ipshared/0623/request_arb.v:429]
WARNING: [Synth 8-7071] port 's_axis_tlast' of module 'util_axis_fifo' is unconnected for instance 'i_src_dest_bl_fifo' [d:/projects/adi_hdl/projects/fmcomms2/kcu105/fmcomms2_kcu105.gen/sources_1/bd/system/ipshared/0623/request_arb.v:429]
WARNING: [Synth 8-7071] port 's_axis_almost_full' of module 'util_axis_fifo' is unconnected for instance 'i_src_dest_bl_fifo' [d:/projects/adi_hdl/projects/fmcomms2/kcu105/fmcomms2_kcu105.gen/sources_1/bd/system/ipshared/0623/request_arb.v:429]
WARNING: [Synth 8-7023] instance 'i_src_dest_bl_fifo' of module 'util_axis_fifo' has 20 connections declared, but only 14 given [d:/projects/adi_hdl/projects/fmcomms2/kcu105/fmcomms2_kcu105.gen/sources_1/bd/system/ipshared/0623/request_arb.v:429]
INFO: [Synth 8-6157] synthesizing module 'dmac_src_fifo_inf' [d:/projects/adi_hdl/projects/fmcomms2/kcu105/fmcomms2_kcu105.gen/sources_1/bd/system/ipshared/0623/src_fifo_inf.v:38]
INFO: [Synth 8-6157] synthesizing module 'dmac_data_mover' [d:/projects/adi_hdl/projects/fmcomms2/kcu105/fmcomms2_kcu105.gen/sources_1/bd/system/ipshared/0623/data_mover.v:38]
INFO: [Synth 8-6155] done synthesizing module 'dmac_data_mover' (11#1) [d:/projects/adi_hdl/projects/fmcomms2/kcu105/fmcomms2_kcu105.gen/sources_1/bd/system/ipshared/0623/data_mover.v:38]
WARNING: [Synth 8-7071] port 'rewind_req_valid' of module 'dmac_data_mover' is unconnected for instance 'i_data_mover' [d:/projects/adi_hdl/projects/fmcomms2/kcu105/fmcomms2_kcu105.gen/sources_1/bd/system/ipshared/0623/src_fifo_inf.v:94]
WARNING: [Synth 8-7071] port 'rewind_req_ready' of module 'dmac_data_mover' is unconnected for instance 'i_data_mover' [d:/projects/adi_hdl/projects/fmcomms2/kcu105/fmcomms2_kcu105.gen/sources_1/bd/system/ipshared/0623/src_fifo_inf.v:94]
WARNING: [Synth 8-7071] port 'rewind_req_data' of module 'dmac_data_mover' is unconnected for instance 'i_data_mover' [d:/projects/adi_hdl/projects/fmcomms2/kcu105/fmcomms2_kcu105.gen/sources_1/bd/system/ipshared/0623/src_fifo_inf.v:94]
WARNING: [Synth 8-7071] port 'block_descr_to_dst' of module 'dmac_data_mover' is unconnected for instance 'i_data_mover' [d:/projects/adi_hdl/projects/fmcomms2/kcu105/fmcomms2_kcu105.gen/sources_1/bd/system/ipshared/0623/src_fifo_inf.v:94]
WARNING: [Synth 8-7071] port 'source_id' of module 'dmac_data_mover' is unconnected for instance 'i_data_mover' [d:/projects/adi_hdl/projects/fmcomms2/kcu105/fmcomms2_kcu105.gen/sources_1/bd/system/ipshared/0623/src_fifo_inf.v:94]
WARNING: [Synth 8-7071] port 'source_eot' of module 'dmac_data_mover' is unconnected for instance 'i_data_mover' [d:/projects/adi_hdl/projects/fmcomms2/kcu105/fmcomms2_kcu105.gen/sources_1/bd/system/ipshared/0623/src_fifo_inf.v:94]
WARNING: [Synth 8-7071] port 'm_axi_partial_burst' of module 'dmac_data_mover' is unconnected for instance 'i_data_mover' [d:/projects/adi_hdl/projects/fmcomms2/kcu105/fmcomms2_kcu105.gen/sources_1/bd/system/ipshared/0623/src_fifo_inf.v:94]
WARNING: [Synth 8-7023] instance 'i_data_mover' of module 'dmac_data_mover' has 29 connections declared, but only 22 given [d:/projects/adi_hdl/projects/fmcomms2/kcu105/fmcomms2_kcu105.gen/sources_1/bd/system/ipshared/0623/src_fifo_inf.v:94]
INFO: [Synth 8-6155] done synthesizing module 'dmac_src_fifo_inf' (12#1) [d:/projects/adi_hdl/projects/fmcomms2/kcu105/fmcomms2_kcu105.gen/sources_1/bd/system/ipshared/0623/src_fifo_inf.v:38]
INFO: [Synth 8-6157] synthesizing module 'sync_bits__parameterized1' [d:/projects/adi_hdl/projects/fmcomms2/kcu105/fmcomms2_kcu105.gen/sources_1/bd/system/ipshared/b8ee/sync_bits.v:46]
INFO: [Synth 8-6155] done synthesizing module 'sync_bits__parameterized1' (12#1) [d:/projects/adi_hdl/projects/fmcomms2/kcu105/fmcomms2_kcu105.gen/sources_1/bd/system/ipshared/b8ee/sync_bits.v:46]
INFO: [Synth 8-6157] synthesizing module 'sync_event' [d:/projects/adi_hdl/projects/fmcomms2/kcu105/fmcomms2_kcu105.gen/sources_1/bd/system/ipshared/b8ee/sync_event.v:38]
INFO: [Synth 8-6157] synthesizing module 'sync_bits__parameterized2' [d:/projects/adi_hdl/projects/fmcomms2/kcu105/fmcomms2_kcu105.gen/sources_1/bd/system/ipshared/b8ee/sync_bits.v:46]
INFO: [Synth 8-6155] done synthesizing module 'sync_bits__parameterized2' (12#1) [d:/projects/adi_hdl/projects/fmcomms2/kcu105/fmcomms2_kcu105.gen/sources_1/bd/system/ipshared/b8ee/sync_bits.v:46]
INFO: [Synth 8-6155] done synthesizing module 'sync_event' (13#1) [d:/projects/adi_hdl/projects/fmcomms2/kcu105/fmcomms2_kcu105.gen/sources_1/bd/system/ipshared/b8ee/sync_event.v:38]
INFO: [Synth 8-6157] synthesizing module 'sync_bits__parameterized3' [d:/projects/adi_hdl/projects/fmcomms2/kcu105/fmcomms2_kcu105.gen/sources_1/bd/system/ipshared/b8ee/sync_bits.v:46]
INFO: [Synth 8-6155] done synthesizing module 'sync_bits__parameterized3' (13#1) [d:/projects/adi_hdl/projects/fmcomms2/kcu105/fmcomms2_kcu105.gen/sources_1/bd/system/ipshared/b8ee/sync_bits.v:46]
INFO: [Synth 8-6157] synthesizing module 'axi_register_slice' [d:/projects/adi_hdl/projects/fmcomms2/kcu105/fmcomms2_kcu105.gen/sources_1/bd/system/ipshared/0623/axi_register_slice.v:38]
INFO: [Synth 8-6155] done synthesizing module 'axi_register_slice' (14#1) [d:/projects/adi_hdl/projects/fmcomms2/kcu105/fmcomms2_kcu105.gen/sources_1/bd/system/ipshared/0623/axi_register_slice.v:38]
INFO: [Synth 8-6157] synthesizing module 'axi_dmac_burst_memory' [d:/projects/adi_hdl/projects/fmcomms2/kcu105/fmcomms2_kcu105.gen/sources_1/bd/system/ipshared/0623/axi_dmac_burst_memory.v:38]
INFO: [Synth 8-6157] synthesizing module 'axi_dmac_resize_src' [d:/projects/adi_hdl/projects/fmcomms2/kcu105/fmcomms2_kcu105.gen/sources_1/bd/system/ipshared/0623/axi_dmac_resize_src.v:43]
INFO: [Synth 8-6155] done synthesizing module 'axi_dmac_resize_src' (15#1) [d:/projects/adi_hdl/projects/fmcomms2/kcu105/fmcomms2_kcu105.gen/sources_1/bd/system/ipshared/0623/axi_dmac_resize_src.v:43]
INFO: [Synth 8-6157] synthesizing module 'ad_mem_asym' [d:/projects/adi_hdl/projects/fmcomms2/kcu105/fmcomms2_kcu105.gen/sources_1/bd/system/ipshared/common/ad_mem_asym.v:41]
INFO: [Synth 8-6155] done synthesizing module 'ad_mem_asym' (16#1) [d:/projects/adi_hdl/projects/fmcomms2/kcu105/fmcomms2_kcu105.gen/sources_1/bd/system/ipshared/common/ad_mem_asym.v:41]
INFO: [Synth 8-6157] synthesizing module 'axi_dmac_resize_dest' [d:/projects/adi_hdl/projects/fmcomms2/kcu105/fmcomms2_kcu105.gen/sources_1/bd/system/ipshared/0623/axi_dmac_resize_dest.v:38]
INFO: [Synth 8-6155] done synthesizing module 'axi_dmac_resize_dest' (17#1) [d:/projects/adi_hdl/projects/fmcomms2/kcu105/fmcomms2_kcu105.gen/sources_1/bd/system/ipshared/0623/axi_dmac_resize_dest.v:38]
INFO: [Synth 8-6155] done synthesizing module 'axi_dmac_burst_memory' (18#1) [d:/projects/adi_hdl/projects/fmcomms2/kcu105/fmcomms2_kcu105.gen/sources_1/bd/system/ipshared/0623/axi_dmac_burst_memory.v:38]
INFO: [Synth 8-6157] synthesizing module 'axi_register_slice__parameterized0' [d:/projects/adi_hdl/projects/fmcomms2/kcu105/fmcomms2_kcu105.gen/sources_1/bd/system/ipshared/0623/axi_register_slice.v:38]
INFO: [Synth 8-6155] done synthesizing module 'axi_register_slice__parameterized0' (18#1) [d:/projects/adi_hdl/projects/fmcomms2/kcu105/fmcomms2_kcu105.gen/sources_1/bd/system/ipshared/0623/axi_register_slice.v:38]
INFO: [Synth 8-6157] synthesizing module 'util_axis_fifo__parameterized1' [d:/projects/adi_hdl/projects/fmcomms2/kcu105/fmcomms2_kcu105.gen/sources_1/bd/system/ipshared/0f02/util_axis_fifo.v:37]
INFO: [Synth 8-6155] done synthesizing module 'util_axis_fifo__parameterized1' (18#1) [d:/projects/adi_hdl/projects/fmcomms2/kcu105/fmcomms2_kcu105.gen/sources_1/bd/system/ipshared/0f02/util_axis_fifo.v:37]
WARNING: [Synth 8-7071] port 'm_axis_tkeep' of module 'util_axis_fifo' is unconnected for instance 'i_dest_req_fifo' [d:/projects/adi_hdl/projects/fmcomms2/kcu105/fmcomms2_kcu105.gen/sources_1/bd/system/ipshared/0623/request_arb.v:1028]
WARNING: [Synth 8-7071] port 'm_axis_tlast' of module 'util_axis_fifo' is unconnected for instance 'i_dest_req_fifo' [d:/projects/adi_hdl/projects/fmcomms2/kcu105/fmcomms2_kcu105.gen/sources_1/bd/system/ipshared/0623/request_arb.v:1028]
WARNING: [Synth 8-7071] port 'm_axis_almost_empty' of module 'util_axis_fifo' is unconnected for instance 'i_dest_req_fifo' [d:/projects/adi_hdl/projects/fmcomms2/kcu105/fmcomms2_kcu105.gen/sources_1/bd/system/ipshared/0623/request_arb.v:1028]
WARNING: [Synth 8-7071] port 's_axis_tkeep' of module 'util_axis_fifo' is unconnected for instance 'i_dest_req_fifo' [d:/projects/adi_hdl/projects/fmcomms2/kcu105/fmcomms2_kcu105.gen/sources_1/bd/system/ipshared/0623/request_arb.v:1028]
WARNING: [Synth 8-7071] port 's_axis_tlast' of module 'util_axis_fifo' is unconnected for instance 'i_dest_req_fifo' [d:/projects/adi_hdl/projects/fmcomms2/kcu105/fmcomms2_kcu105.gen/sources_1/bd/system/ipshared/0623/request_arb.v:1028]
WARNING: [Synth 8-7071] port 's_axis_almost_full' of module 'util_axis_fifo' is unconnected for instance 'i_dest_req_fifo' [d:/projects/adi_hdl/projects/fmcomms2/kcu105/fmcomms2_kcu105.gen/sources_1/bd/system/ipshared/0623/request_arb.v:1028]
WARNING: [Synth 8-7023] instance 'i_dest_req_fifo' of module 'util_axis_fifo' has 20 connections declared, but only 14 given [d:/projects/adi_hdl/projects/fmcomms2/kcu105/fmcomms2_kcu105.gen/sources_1/bd/system/ipshared/0623/request_arb.v:1028]
INFO: [Synth 8-6157] synthesizing module 'util_axis_fifo__parameterized2' [d:/projects/adi_hdl/projects/fmcomms2/kcu105/fmcomms2_kcu105.gen/sources_1/bd/system/ipshared/0f02/util_axis_fifo.v:37]
INFO: [Synth 8-6155] done synthesizing module 'util_axis_fifo__parameterized2' (18#1) [d:/projects/adi_hdl/projects/fmcomms2/kcu105/fmcomms2_kcu105.gen/sources_1/bd/system/ipshared/0f02/util_axis_fifo.v:37]
WARNING: [Synth 8-7071] port 'm_axis_tkeep' of module 'util_axis_fifo' is unconnected for instance 'i_src_req_fifo' [d:/projects/adi_hdl/projects/fmcomms2/kcu105/fmcomms2_kcu105.gen/sources_1/bd/system/ipshared/0623/request_arb.v:1056]
WARNING: [Synth 8-7071] port 'm_axis_tlast' of module 'util_axis_fifo' is unconnected for instance 'i_src_req_fifo' [d:/projects/adi_hdl/projects/fmcomms2/kcu105/fmcomms2_kcu105.gen/sources_1/bd/system/ipshared/0623/request_arb.v:1056]
WARNING: [Synth 8-7071] port 'm_axis_almost_empty' of module 'util_axis_fifo' is unconnected for instance 'i_src_req_fifo' [d:/projects/adi_hdl/projects/fmcomms2/kcu105/fmcomms2_kcu105.gen/sources_1/bd/system/ipshared/0623/request_arb.v:1056]
WARNING: [Synth 8-7071] port 's_axis_tkeep' of module 'util_axis_fifo' is unconnected for instance 'i_src_req_fifo' [d:/projects/adi_hdl/projects/fmcomms2/kcu105/fmcomms2_kcu105.gen/sources_1/bd/system/ipshared/0623/request_arb.v:1056]
WARNING: [Synth 8-7071] port 's_axis_tlast' of module 'util_axis_fifo' is unconnected for instance 'i_src_req_fifo' [d:/projects/adi_hdl/projects/fmcomms2/kcu105/fmcomms2_kcu105.gen/sources_1/bd/system/ipshared/0623/request_arb.v:1056]
WARNING: [Synth 8-7071] port 's_axis_almost_full' of module 'util_axis_fifo' is unconnected for instance 'i_src_req_fifo' [d:/projects/adi_hdl/projects/fmcomms2/kcu105/fmcomms2_kcu105.gen/sources_1/bd/system/ipshared/0623/request_arb.v:1056]
WARNING: [Synth 8-7023] instance 'i_src_req_fifo' of module 'util_axis_fifo' has 20 connections declared, but only 14 given [d:/projects/adi_hdl/projects/fmcomms2/kcu105/fmcomms2_kcu105.gen/sources_1/bd/system/ipshared/0623/request_arb.v:1056]
INFO: [Synth 8-6157] synthesizing module 'dmac_request_generator' [d:/projects/adi_hdl/projects/fmcomms2/kcu105/fmcomms2_kcu105.gen/sources_1/bd/system/ipshared/0623/request_generator.v:38]
INFO: [Synth 8-6155] done synthesizing module 'dmac_request_generator' (19#1) [d:/projects/adi_hdl/projects/fmcomms2/kcu105/fmcomms2_kcu105.gen/sources_1/bd/system/ipshared/0623/request_generator.v:38]
INFO: [Synth 8-6157] synthesizing module 'axi_dmac_response_manager' [d:/projects/adi_hdl/projects/fmcomms2/kcu105/fmcomms2_kcu105.gen/sources_1/bd/system/ipshared/0623/axi_dmac_response_manager.v:38]
INFO: [Synth 8-6157] synthesizing module 'util_axis_fifo__parameterized3' [d:/projects/adi_hdl/projects/fmcomms2/kcu105/fmcomms2_kcu105.gen/sources_1/bd/system/ipshared/0f02/util_axis_fifo.v:37]
INFO: [Synth 8-6155] done synthesizing module 'util_axis_fifo__parameterized3' (19#1) [d:/projects/adi_hdl/projects/fmcomms2/kcu105/fmcomms2_kcu105.gen/sources_1/bd/system/ipshared/0f02/util_axis_fifo.v:37]
WARNING: [Synth 8-7071] port 'm_axis_tkeep' of module 'util_axis_fifo' is unconnected for instance 'i_dest_response_fifo' [d:/projects/adi_hdl/projects/fmcomms2/kcu105/fmcomms2_kcu105.gen/sources_1/bd/system/ipshared/0623/axi_dmac_response_manager.v:118]
WARNING: [Synth 8-7071] port 'm_axis_tlast' of module 'util_axis_fifo' is unconnected for instance 'i_dest_response_fifo' [d:/projects/adi_hdl/projects/fmcomms2/kcu105/fmcomms2_kcu105.gen/sources_1/bd/system/ipshared/0623/axi_dmac_response_manager.v:118]
WARNING: [Synth 8-7071] port 'm_axis_almost_empty' of module 'util_axis_fifo' is unconnected for instance 'i_dest_response_fifo' [d:/projects/adi_hdl/projects/fmcomms2/kcu105/fmcomms2_kcu105.gen/sources_1/bd/system/ipshared/0623/axi_dmac_response_manager.v:118]
WARNING: [Synth 8-7071] port 's_axis_tkeep' of module 'util_axis_fifo' is unconnected for instance 'i_dest_response_fifo' [d:/projects/adi_hdl/projects/fmcomms2/kcu105/fmcomms2_kcu105.gen/sources_1/bd/system/ipshared/0623/axi_dmac_response_manager.v:118]
WARNING: [Synth 8-7071] port 's_axis_tlast' of module 'util_axis_fifo' is unconnected for instance 'i_dest_response_fifo' [d:/projects/adi_hdl/projects/fmcomms2/kcu105/fmcomms2_kcu105.gen/sources_1/bd/system/ipshared/0623/axi_dmac_response_manager.v:118]
WARNING: [Synth 8-7071] port 's_axis_almost_full' of module 'util_axis_fifo' is unconnected for instance 'i_dest_response_fifo' [d:/projects/adi_hdl/projects/fmcomms2/kcu105/fmcomms2_kcu105.gen/sources_1/bd/system/ipshared/0623/axi_dmac_response_manager.v:118]
WARNING: [Synth 8-7023] instance 'i_dest_response_fifo' of module 'util_axis_fifo' has 20 connections declared, but only 14 given [d:/projects/adi_hdl/projects/fmcomms2/kcu105/fmcomms2_kcu105.gen/sources_1/bd/system/ipshared/0623/axi_dmac_response_manager.v:118]
INFO: [Synth 8-6155] done synthesizing module 'axi_dmac_response_manager' (20#1) [d:/projects/adi_hdl/projects/fmcomms2/kcu105/fmcomms2_kcu105.gen/sources_1/bd/system/ipshared/0623/axi_dmac_response_manager.v:38]
INFO: [Synth 8-6155] done synthesizing module 'dmac_request_arb' (21#1) [d:/projects/adi_hdl/projects/fmcomms2/kcu105/fmcomms2_kcu105.gen/sources_1/bd/system/ipshared/0623/request_arb.v:38]
INFO: [Synth 8-6155] done synthesizing module 'axi_dmac_transfer' (22#1) [d:/projects/adi_hdl/projects/fmcomms2/kcu105/fmcomms2_kcu105.gen/sources_1/bd/system/ipshared/0623/axi_dmac_transfer.v:38]
INFO: [Synth 8-6155] done synthesizing module 'axi_dmac' (23#1) [d:/projects/adi_hdl/projects/fmcomms2/kcu105/fmcomms2_kcu105.gen/sources_1/bd/system/ipshared/0623/axi_dmac.v:38]
INFO: [Synth 8-6155] done synthesizing module 'system_axi_ad9361_adc_dma_0' (24#1) [d:/projects/adi_hdl/projects/fmcomms2/kcu105/fmcomms2_kcu105.gen/sources_1/bd/system/ip/system_axi_ad9361_adc_dma_0/synth/system_axi_ad9361_adc_dma_0.v:57]
---------------------------------------------------------------------------------
Finished RTL Elaboration : Time (s): cpu = 00:00:09 ; elapsed = 00:00:10 . Memory (MB): peak = 1334.172 ; gain = 182.820
---------------------------------------------------------------------------------
---------------------------------------------------------------------------------
Start Handling Custom Attributes
---------------------------------------------------------------------------------
---------------------------------------------------------------------------------
Finished Handling Custom Attributes : Time (s): cpu = 00:00:10 ; elapsed = 00:00:10 . Memory (MB): peak = 1334.172 ; gain = 182.820
---------------------------------------------------------------------------------
---------------------------------------------------------------------------------
Finished RTL Optimization Phase 1 : Time (s): cpu = 00:00:10 ; elapsed = 00:00:10 . Memory (MB): peak = 1334.172 ; gain = 182.820
---------------------------------------------------------------------------------
Netlist sorting complete. Time (s): cpu = 00:00:00 ; elapsed = 00:00:00.092 . Memory (MB): peak = 1334.172 ; gain = 0.000
INFO: [Project 1-570] Preparing netlist for logic optimization

Processing XDC Constraints
Initializing timing engine
Parsing XDC File [D:/projects/adi_hdl/projects/fmcomms2/kcu105/fmcomms2_kcu105.runs/system_axi_ad9361_adc_dma_0_synth_1/dont_touch.xdc]
Finished Parsing XDC File [D:/projects/adi_hdl/projects/fmcomms2/kcu105/fmcomms2_kcu105.runs/system_axi_ad9361_adc_dma_0_synth_1/dont_touch.xdc]
Parsing XDC File [d:/projects/adi_hdl/projects/fmcomms2/kcu105/fmcomms2_kcu105.gen/sources_1/bd/system/ip/system_axi_ad9361_adc_dma_0/system_axi_ad9361_adc_dma_0_constr.xdc] for cell 'inst'
WARNING: [Vivado 12-1008] No clocks found for command 'get_clocks -of_objects [get_ports s_axi_aclk]'. [d:/projects/adi_hdl/projects/fmcomms2/kcu105/fmcomms2_kcu105.gen/sources_1/bd/system/ip/system_axi_ad9361_adc_dma_0/system_axi_ad9361_adc_dma_0_constr.xdc:2]
Resolution: Verify the create_clock command was called to create the clock object before it is referenced.
INFO: [Vivado 12-626] No clocks found. Please use 'create_clock' or 'create_generated_clock' command to create clocks. [d:/projects/adi_hdl/projects/fmcomms2/kcu105/fmcomms2_kcu105.gen/sources_1/bd/system/ip/system_axi_ad9361_adc_dma_0/system_axi_ad9361_adc_dma_0_constr.xdc:2]
WARNING: [Vivado 12-1008] No clocks found for command 'get_clocks -of_objects [get_ports fifo_wr_clk]'. [d:/projects/adi_hdl/projects/fmcomms2/kcu105/fmcomms2_kcu105.gen/sources_1/bd/system/ip/system_axi_ad9361_adc_dma_0/system_axi_ad9361_adc_dma_0_constr.xdc:3]
Resolution: Verify the create_clock command was called to create the clock object before it is referenced.
INFO: [Vivado 12-626] No clocks found. Please use 'create_clock' or 'create_generated_clock' command to create clocks. [d:/projects/adi_hdl/projects/fmcomms2/kcu105/fmcomms2_kcu105.gen/sources_1/bd/system/ip/system_axi_ad9361_adc_dma_0/system_axi_ad9361_adc_dma_0_constr.xdc:3]
WARNING: [Vivado 12-1008] No clocks found for command 'get_clocks -of_objects [get_ports m_dest_axi_aclk]'. [d:/projects/adi_hdl/projects/fmcomms2/kcu105/fmcomms2_kcu105.gen/sources_1/bd/system/ip/system_axi_ad9361_adc_dma_0/system_axi_ad9361_adc_dma_0_constr.xdc:4]
Resolution: Verify the create_clock command was called to create the clock object before it is referenced.
INFO: [Vivado 12-626] No clocks found. Please use 'create_clock' or 'create_generated_clock' command to create clocks. [d:/projects/adi_hdl/projects/fmcomms2/kcu105/fmcomms2_kcu105.gen/sources_1/bd/system/ip/system_axi_ad9361_adc_dma_0/system_axi_ad9361_adc_dma_0_constr.xdc:4]
Finished Parsing XDC File [d:/projects/adi_hdl/projects/fmcomms2/kcu105/fmcomms2_kcu105.gen/sources_1/bd/system/ip/system_axi_ad9361_adc_dma_0/system_axi_ad9361_adc_dma_0_constr.xdc] for cell 'inst'
INFO: [Project 1-236] Implementation specific constraints were found while reading constraint file [d:/projects/adi_hdl/projects/fmcomms2/kcu105/fmcomms2_kcu105.gen/sources_1/bd/system/ip/system_axi_ad9361_adc_dma_0/system_axi_ad9361_adc_dma_0_constr.xdc]. These constraints will be ignored for synthesis but will be used in implementation. Impacted constraints are listed in the file [.Xil/system_axi_ad9361_adc_dma_0_propImpl.xdc].
Resolution: To avoid this warning, move constraints listed in [.Xil/system_axi_ad9361_adc_dma_0_propImpl.xdc] to another XDC file and exclude this new file from synthesis with the used_in_synthesis property (File Properties dialog in GUI) and re-run elaboration/synthesis.
Completed Processing XDC Constraints

Netlist sorting complete. Time (s): cpu = 00:00:00 ; elapsed = 00:00:00.002 . Memory (MB): peak = 1433.133 ; gain = 0.000
INFO: [Project 1-111] Unisim Transformation Summary:
No Unisim elements were transformed.

Constraint Validation Runtime : Time (s): cpu = 00:00:00 ; elapsed = 00:00:00.050 . Memory (MB): peak = 1435.230 ; gain = 2.098
---------------------------------------------------------------------------------
Finished Constraint Validation : Time (s): cpu = 00:00:18 ; elapsed = 00:00:19 . Memory (MB): peak = 1435.230 ; gain = 283.879
---------------------------------------------------------------------------------
---------------------------------------------------------------------------------
Start Loading Part and Timing Information
---------------------------------------------------------------------------------
Loading part: xcku040-ffva1156-2-e
INFO: [Synth 8-6742] Reading net delay rules and data
---------------------------------------------------------------------------------
Finished Loading Part and Timing Information : Time (s): cpu = 00:00:18 ; elapsed = 00:00:19 . Memory (MB): peak = 1435.230 ; gain = 283.879
---------------------------------------------------------------------------------
---------------------------------------------------------------------------------
Start Applying 'set_property' XDC Constraints
---------------------------------------------------------------------------------
Applied set_property KEEP_HIERARCHY = SOFT for inst. (constraint file  D:/projects/adi_hdl/projects/fmcomms2/kcu105/fmcomms2_kcu105.runs/system_axi_ad9361_adc_dma_0_synth_1/dont_touch.xdc, line 9).
Applied set_property ASYNC_REG = true for inst/i_transfer/i_request_arb/i_dest_req_fifo/\zerodeep.i_raddr_sync /\cdc_sync_stage1_reg[0] . (constraint file  d:/projects/adi_hdl/projects/fmcomms2/kcu105/fmcomms2_kcu105.gen/sources_1/bd/system/ip/system_axi_ad9361_adc_dma_0/system_axi_ad9361_adc_dma_0_constr.xdc, line 6).
Applied set_property ASYNC_REG = true for inst/i_transfer/i_request_arb/i_dest_req_fifo/\zerodeep.i_waddr_sync /\cdc_sync_stage1_reg[0] . (constraint file  d:/projects/adi_hdl/projects/fmcomms2/kcu105/fmcomms2_kcu105.gen/sources_1/bd/system/ip/system_axi_ad9361_adc_dma_0/system_axi_ad9361_adc_dma_0_constr.xdc, line 6).
Applied set_property ASYNC_REG = true for inst/i_transfer/i_request_arb/i_src_dest_bl_fifo/\zerodeep.i_raddr_sync /\cdc_sync_stage1_reg[0] . (constraint file  d:/projects/adi_hdl/projects/fmcomms2/kcu105/fmcomms2_kcu105.gen/sources_1/bd/system/ip/system_axi_ad9361_adc_dma_0/system_axi_ad9361_adc_dma_0_constr.xdc, line 6).
Applied set_property ASYNC_REG = true for inst/i_transfer/i_request_arb/i_src_dest_bl_fifo/\zerodeep.i_waddr_sync /\cdc_sync_stage1_reg[0] . (constraint file  d:/projects/adi_hdl/projects/fmcomms2/kcu105/fmcomms2_kcu105.gen/sources_1/bd/system/ip/system_axi_ad9361_adc_dma_0/system_axi_ad9361_adc_dma_0_constr.xdc, line 6).
Applied set_property ASYNC_REG = true for inst/i_transfer/i_request_arb/i_src_req_fifo/\zerodeep.i_raddr_sync /\cdc_sync_stage1_reg[0] . (constraint file  d:/projects/adi_hdl/projects/fmcomms2/kcu105/fmcomms2_kcu105.gen/sources_1/bd/system/ip/system_axi_ad9361_adc_dma_0/system_axi_ad9361_adc_dma_0_constr.xdc, line 6).
Applied set_property ASYNC_REG = true for inst/i_transfer/i_request_arb/i_src_req_fifo/\zerodeep.i_waddr_sync /\cdc_sync_stage1_reg[0] . (constraint file  d:/projects/adi_hdl/projects/fmcomms2/kcu105/fmcomms2_kcu105.gen/sources_1/bd/system/ip/system_axi_ad9361_adc_dma_0/system_axi_ad9361_adc_dma_0_constr.xdc, line 6).
Applied set_property ASYNC_REG = true for inst/i_transfer/i_request_arb/i_store_and_forward/i_dest_sync_id/cdc_sync_stage1_reg. (constraint file  d:/projects/adi_hdl/projects/fmcomms2/kcu105/fmcomms2_kcu105.gen/sources_1/bd/system/ip/system_axi_ad9361_adc_dma_0/system_axi_ad9361_adc_dma_0_constr.xdc, line 6).
Applied set_property ASYNC_REG = true for inst/i_transfer/i_request_arb/i_store_and_forward/i_dest_sync_id/cdc_sync_stage1_reg. (constraint file  d:/projects/adi_hdl/projects/fmcomms2/kcu105/fmcomms2_kcu105.gen/sources_1/bd/system/ip/system_axi_ad9361_adc_dma_0/system_axi_ad9361_adc_dma_0_constr.xdc, line 6).
Applied set_property ASYNC_REG = true for inst/i_transfer/i_request_arb/i_store_and_forward/i_dest_sync_id/cdc_sync_stage1_reg. (constraint file  d:/projects/adi_hdl/projects/fmcomms2/kcu105/fmcomms2_kcu105.gen/sources_1/bd/system/ip/system_axi_ad9361_adc_dma_0/system_axi_ad9361_adc_dma_0_constr.xdc, line 6).
Applied set_property ASYNC_REG = true for inst/i_transfer/i_request_arb/i_store_and_forward/i_dest_sync_id/cdc_sync_stage1_reg. (constraint file  d:/projects/adi_hdl/projects/fmcomms2/kcu105/fmcomms2_kcu105.gen/sources_1/bd/system/ip/system_axi_ad9361_adc_dma_0/system_axi_ad9361_adc_dma_0_constr.xdc, line 6).
Applied set_property ASYNC_REG = true for inst/i_transfer/i_request_arb/i_store_and_forward/i_src_sync_id/cdc_sync_stage1_reg. (constraint file  d:/projects/adi_hdl/projects/fmcomms2/kcu105/fmcomms2_kcu105.gen/sources_1/bd/system/ip/system_axi_ad9361_adc_dma_0/system_axi_ad9361_adc_dma_0_constr.xdc, line 6).
Applied set_property ASYNC_REG = true for inst/i_transfer/i_request_arb/i_store_and_forward/i_src_sync_id/cdc_sync_stage1_reg. (constraint file  d:/projects/adi_hdl/projects/fmcomms2/kcu105/fmcomms2_kcu105.gen/sources_1/bd/system/ip/system_axi_ad9361_adc_dma_0/system_axi_ad9361_adc_dma_0_constr.xdc, line 6).
Applied set_property ASYNC_REG = true for inst/i_transfer/i_request_arb/i_store_and_forward/i_src_sync_id/cdc_sync_stage1_reg. (constraint file  d:/projects/adi_hdl/projects/fmcomms2/kcu105/fmcomms2_kcu105.gen/sources_1/bd/system/ip/system_axi_ad9361_adc_dma_0/system_axi_ad9361_adc_dma_0_constr.xdc, line 6).
Applied set_property ASYNC_REG = true for inst/i_transfer/i_request_arb/i_store_and_forward/i_src_sync_id/cdc_sync_stage1_reg. (constraint file  d:/projects/adi_hdl/projects/fmcomms2/kcu105/fmcomms2_kcu105.gen/sources_1/bd/system/ip/system_axi_ad9361_adc_dma_0/system_axi_ad9361_adc_dma_0_constr.xdc, line 6).
Applied set_property ASYNC_REG = true for inst/i_transfer/i_request_arb/i_sync_src_request_id/cdc_sync_stage1_reg. (constraint file  d:/projects/adi_hdl/projects/fmcomms2/kcu105/fmcomms2_kcu105.gen/sources_1/bd/system/ip/system_axi_ad9361_adc_dma_0/system_axi_ad9361_adc_dma_0_constr.xdc, line 6).
Applied set_property ASYNC_REG = true for inst/i_transfer/i_request_arb/i_sync_src_request_id/cdc_sync_stage1_reg. (constraint file  d:/projects/adi_hdl/projects/fmcomms2/kcu105/fmcomms2_kcu105.gen/sources_1/bd/system/ip/system_axi_ad9361_adc_dma_0/system_axi_ad9361_adc_dma_0_constr.xdc, line 6).
Applied set_property ASYNC_REG = true for inst/i_transfer/i_request_arb/i_sync_src_request_id/cdc_sync_stage1_reg. (constraint file  d:/projects/adi_hdl/projects/fmcomms2/kcu105/fmcomms2_kcu105.gen/sources_1/bd/system/ip/system_axi_ad9361_adc_dma_0/system_axi_ad9361_adc_dma_0_constr.xdc, line 6).
Applied set_property ASYNC_REG = true for inst/i_transfer/i_request_arb/i_sync_src_request_id/cdc_sync_stage1_reg. (constraint file  d:/projects/adi_hdl/projects/fmcomms2/kcu105/fmcomms2_kcu105.gen/sources_1/bd/system/ip/system_axi_ad9361_adc_dma_0/system_axi_ad9361_adc_dma_0_constr.xdc, line 6).
Applied set_property ASYNC_REG = true for inst/i_transfer/i_request_arb/sync_rewind/i_sync_in/\cdc_sync_stage1_reg[0] . (constraint file  d:/projects/adi_hdl/projects/fmcomms2/kcu105/fmcomms2_kcu105.gen/sources_1/bd/system/ip/system_axi_ad9361_adc_dma_0/system_axi_ad9361_adc_dma_0_constr.xdc, line 6).
Applied set_property ASYNC_REG = true for inst/i_transfer/i_request_arb/sync_rewind/i_sync_out/\cdc_sync_stage1_reg[0] . (constraint file  d:/projects/adi_hdl/projects/fmcomms2/kcu105/fmcomms2_kcu105.gen/sources_1/bd/system/ip/system_axi_ad9361_adc_dma_0/system_axi_ad9361_adc_dma_0_constr.xdc, line 6).
Applied set_property ASYNC_REG = true for inst/i_transfer/i_reset_manager/i_sync_control_src/\cdc_sync_stage1_reg[0] . (constraint file  d:/projects/adi_hdl/projects/fmcomms2/kcu105/fmcomms2_kcu105.gen/sources_1/bd/system/ip/system_axi_ad9361_adc_dma_0/system_axi_ad9361_adc_dma_0_constr.xdc, line 6).
Applied set_property ASYNC_REG = true for inst/i_transfer/i_reset_manager/i_sync_status_src/\cdc_sync_stage1_reg[0] . (constraint file  d:/projects/adi_hdl/projects/fmcomms2/kcu105/fmcomms2_kcu105.gen/sources_1/bd/system/ip/system_axi_ad9361_adc_dma_0/system_axi_ad9361_adc_dma_0_constr.xdc, line 6).
Applied set_property ASYNC_REG = true for inst/i_transfer/i_request_arb/i_dest_req_fifo/\zerodeep.i_raddr_sync /\cdc_sync_stage2_reg[0] . (constraint file  d:/projects/adi_hdl/projects/fmcomms2/kcu105/fmcomms2_kcu105.gen/sources_1/bd/system/ip/system_axi_ad9361_adc_dma_0/system_axi_ad9361_adc_dma_0_constr.xdc, line 6).
Applied set_property ASYNC_REG = true for inst/i_transfer/i_request_arb/i_dest_req_fifo/\zerodeep.i_waddr_sync /\cdc_sync_stage2_reg[0] . (constraint file  d:/projects/adi_hdl/projects/fmcomms2/kcu105/fmcomms2_kcu105.gen/sources_1/bd/system/ip/system_axi_ad9361_adc_dma_0/system_axi_ad9361_adc_dma_0_constr.xdc, line 6).
Applied set_property ASYNC_REG = true for inst/i_transfer/i_request_arb/i_src_dest_bl_fifo/\zerodeep.i_raddr_sync /\cdc_sync_stage2_reg[0] . (constraint file  d:/projects/adi_hdl/projects/fmcomms2/kcu105/fmcomms2_kcu105.gen/sources_1/bd/system/ip/system_axi_ad9361_adc_dma_0/system_axi_ad9361_adc_dma_0_constr.xdc, line 6).
Applied set_property ASYNC_REG = true for inst/i_transfer/i_request_arb/i_src_dest_bl_fifo/\zerodeep.i_waddr_sync /\cdc_sync_stage2_reg[0] . (constraint file  d:/projects/adi_hdl/projects/fmcomms2/kcu105/fmcomms2_kcu105.gen/sources_1/bd/system/ip/system_axi_ad9361_adc_dma_0/system_axi_ad9361_adc_dma_0_constr.xdc, line 6).
Applied set_property ASYNC_REG = true for inst/i_transfer/i_request_arb/i_src_req_fifo/\zerodeep.i_raddr_sync /\cdc_sync_stage2_reg[0] . (constraint file  d:/projects/adi_hdl/projects/fmcomms2/kcu105/fmcomms2_kcu105.gen/sources_1/bd/system/ip/system_axi_ad9361_adc_dma_0/system_axi_ad9361_adc_dma_0_constr.xdc, line 6).
Applied set_property ASYNC_REG = true for inst/i_transfer/i_request_arb/i_src_req_fifo/\zerodeep.i_waddr_sync /\cdc_sync_stage2_reg[0] . (constraint file  d:/projects/adi_hdl/projects/fmcomms2/kcu105/fmcomms2_kcu105.gen/sources_1/bd/system/ip/system_axi_ad9361_adc_dma_0/system_axi_ad9361_adc_dma_0_constr.xdc, line 6).
Applied set_property ASYNC_REG = true for inst/i_transfer/i_request_arb/i_store_and_forward/i_dest_sync_id/cdc_sync_stage2_reg. (constraint file  d:/projects/adi_hdl/projects/fmcomms2/kcu105/fmcomms2_kcu105.gen/sources_1/bd/system/ip/system_axi_ad9361_adc_dma_0/system_axi_ad9361_adc_dma_0_constr.xdc, line 6).
Applied set_property ASYNC_REG = true for inst/i_transfer/i_request_arb/i_store_and_forward/i_dest_sync_id/cdc_sync_stage2_reg. (constraint file  d:/projects/adi_hdl/projects/fmcomms2/kcu105/fmcomms2_kcu105.gen/sources_1/bd/system/ip/system_axi_ad9361_adc_dma_0/system_axi_ad9361_adc_dma_0_constr.xdc, line 6).
Applied set_property ASYNC_REG = true for inst/i_transfer/i_request_arb/i_store_and_forward/i_dest_sync_id/cdc_sync_stage2_reg. (constraint file  d:/projects/adi_hdl/projects/fmcomms2/kcu105/fmcomms2_kcu105.gen/sources_1/bd/system/ip/system_axi_ad9361_adc_dma_0/system_axi_ad9361_adc_dma_0_constr.xdc, line 6).
Applied set_property ASYNC_REG = true for inst/i_transfer/i_request_arb/i_store_and_forward/i_dest_sync_id/cdc_sync_stage2_reg. (constraint file  d:/projects/adi_hdl/projects/fmcomms2/kcu105/fmcomms2_kcu105.gen/sources_1/bd/system/ip/system_axi_ad9361_adc_dma_0/system_axi_ad9361_adc_dma_0_constr.xdc, line 6).
Applied set_property ASYNC_REG = true for inst/i_transfer/i_request_arb/i_store_and_forward/i_src_sync_id/cdc_sync_stage2_reg. (constraint file  d:/projects/adi_hdl/projects/fmcomms2/kcu105/fmcomms2_kcu105.gen/sources_1/bd/system/ip/system_axi_ad9361_adc_dma_0/system_axi_ad9361_adc_dma_0_constr.xdc, line 6).
Applied set_property ASYNC_REG = true for inst/i_transfer/i_request_arb/i_store_and_forward/i_src_sync_id/cdc_sync_stage2_reg. (constraint file  d:/projects/adi_hdl/projects/fmcomms2/kcu105/fmcomms2_kcu105.gen/sources_1/bd/system/ip/system_axi_ad9361_adc_dma_0/system_axi_ad9361_adc_dma_0_constr.xdc, line 6).
Applied set_property ASYNC_REG = true for inst/i_transfer/i_request_arb/i_store_and_forward/i_src_sync_id/cdc_sync_stage2_reg. (constraint file  d:/projects/adi_hdl/projects/fmcomms2/kcu105/fmcomms2_kcu105.gen/sources_1/bd/system/ip/system_axi_ad9361_adc_dma_0/system_axi_ad9361_adc_dma_0_constr.xdc, line 6).
Applied set_property ASYNC_REG = true for inst/i_transfer/i_request_arb/i_store_and_forward/i_src_sync_id/cdc_sync_stage2_reg. (constraint file  d:/projects/adi_hdl/projects/fmcomms2/kcu105/fmcomms2_kcu105.gen/sources_1/bd/system/ip/system_axi_ad9361_adc_dma_0/system_axi_ad9361_adc_dma_0_constr.xdc, line 6).
Applied set_property ASYNC_REG = true for inst/i_transfer/i_request_arb/i_sync_src_request_id/cdc_sync_stage2_reg. (constraint file  d:/projects/adi_hdl/projects/fmcomms2/kcu105/fmcomms2_kcu105.gen/sources_1/bd/system/ip/system_axi_ad9361_adc_dma_0/system_axi_ad9361_adc_dma_0_constr.xdc, line 6).
Applied set_property ASYNC_REG = true for inst/i_transfer/i_request_arb/i_sync_src_request_id/cdc_sync_stage2_reg. (constraint file  d:/projects/adi_hdl/projects/fmcomms2/kcu105/fmcomms2_kcu105.gen/sources_1/bd/system/ip/system_axi_ad9361_adc_dma_0/system_axi_ad9361_adc_dma_0_constr.xdc, line 6).
Applied set_property ASYNC_REG = true for inst/i_transfer/i_request_arb/i_sync_src_request_id/cdc_sync_stage2_reg. (constraint file  d:/projects/adi_hdl/projects/fmcomms2/kcu105/fmcomms2_kcu105.gen/sources_1/bd/system/ip/system_axi_ad9361_adc_dma_0/system_axi_ad9361_adc_dma_0_constr.xdc, line 6).
Applied set_property ASYNC_REG = true for inst/i_transfer/i_request_arb/i_sync_src_request_id/cdc_sync_stage2_reg. (constraint file  d:/projects/adi_hdl/projects/fmcomms2/kcu105/fmcomms2_kcu105.gen/sources_1/bd/system/ip/system_axi_ad9361_adc_dma_0/system_axi_ad9361_adc_dma_0_constr.xdc, line 6).
Applied set_property ASYNC_REG = true for inst/i_transfer/i_request_arb/sync_rewind/i_sync_in/\cdc_sync_stage2_reg[0] . (constraint file  d:/projects/adi_hdl/projects/fmcomms2/kcu105/fmcomms2_kcu105.gen/sources_1/bd/system/ip/system_axi_ad9361_adc_dma_0/system_axi_ad9361_adc_dma_0_constr.xdc, line 6).
Applied set_property ASYNC_REG = true for inst/i_transfer/i_request_arb/sync_rewind/i_sync_out/\cdc_sync_stage2_reg[0] . (constraint file  d:/projects/adi_hdl/projects/fmcomms2/kcu105/fmcomms2_kcu105.gen/sources_1/bd/system/ip/system_axi_ad9361_adc_dma_0/system_axi_ad9361_adc_dma_0_constr.xdc, line 6).
Applied set_property ASYNC_REG = true for inst/i_transfer/i_reset_manager/i_sync_control_src/\cdc_sync_stage2_reg[0] . (constraint file  d:/projects/adi_hdl/projects/fmcomms2/kcu105/fmcomms2_kcu105.gen/sources_1/bd/system/ip/system_axi_ad9361_adc_dma_0/system_axi_ad9361_adc_dma_0_constr.xdc, line 6).
Applied set_property ASYNC_REG = true for inst/i_transfer/i_reset_manager/i_sync_status_src/\cdc_sync_stage2_reg[0] . (constraint file  d:/projects/adi_hdl/projects/fmcomms2/kcu105/fmcomms2_kcu105.gen/sources_1/bd/system/ip/system_axi_ad9361_adc_dma_0/system_axi_ad9361_adc_dma_0_constr.xdc, line 6).
Applied set_property SHREG_EXTRACT = NO for inst/i_transfer/i_reset_manager/\reset_gen[0].reset_async_reg . (constraint file  d:/projects/adi_hdl/projects/fmcomms2/kcu105/fmcomms2_kcu105.gen/sources_1/bd/system/ip/system_axi_ad9361_adc_dma_0/system_axi_ad9361_adc_dma_0_constr.xdc, line 171).
Applied set_property SHREG_EXTRACT = NO for inst/i_transfer/i_reset_manager/\reset_gen[0].reset_async_reg . (constraint file  d:/projects/adi_hdl/projects/fmcomms2/kcu105/fmcomms2_kcu105.gen/sources_1/bd/system/ip/system_axi_ad9361_adc_dma_0/system_axi_ad9361_adc_dma_0_constr.xdc, line 171).
Applied set_property SHREG_EXTRACT = NO for inst/i_transfer/i_reset_manager/\reset_gen[0].reset_async_reg . (constraint file  d:/projects/adi_hdl/projects/fmcomms2/kcu105/fmcomms2_kcu105.gen/sources_1/bd/system/ip/system_axi_ad9361_adc_dma_0/system_axi_ad9361_adc_dma_0_constr.xdc, line 171).
Applied set_property SHREG_EXTRACT = NO for inst/i_transfer/i_reset_manager/\reset_gen[0].reset_async_reg . (constraint file  d:/projects/adi_hdl/projects/fmcomms2/kcu105/fmcomms2_kcu105.gen/sources_1/bd/system/ip/system_axi_ad9361_adc_dma_0/system_axi_ad9361_adc_dma_0_constr.xdc, line 171).
Applied set_property SHREG_EXTRACT = NO for inst/i_transfer/i_reset_manager/\reset_gen[1].reset_async_reg . (constraint file  d:/projects/adi_hdl/projects/fmcomms2/kcu105/fmcomms2_kcu105.gen/sources_1/bd/system/ip/system_axi_ad9361_adc_dma_0/system_axi_ad9361_adc_dma_0_constr.xdc, line 171).
Applied set_property SHREG_EXTRACT = NO for inst/i_transfer/i_reset_manager/\reset_gen[1].reset_async_reg . (constraint file  d:/projects/adi_hdl/projects/fmcomms2/kcu105/fmcomms2_kcu105.gen/sources_1/bd/system/ip/system_axi_ad9361_adc_dma_0/system_axi_ad9361_adc_dma_0_constr.xdc, line 171).
Applied set_property SHREG_EXTRACT = NO for inst/i_transfer/i_reset_manager/\reset_gen[1].reset_async_reg . (constraint file  d:/projects/adi_hdl/projects/fmcomms2/kcu105/fmcomms2_kcu105.gen/sources_1/bd/system/ip/system_axi_ad9361_adc_dma_0/system_axi_ad9361_adc_dma_0_constr.xdc, line 171).
Applied set_property SHREG_EXTRACT = NO for inst/i_transfer/i_reset_manager/\reset_gen[1].reset_async_reg . (constraint file  d:/projects/adi_hdl/projects/fmcomms2/kcu105/fmcomms2_kcu105.gen/sources_1/bd/system/ip/system_axi_ad9361_adc_dma_0/system_axi_ad9361_adc_dma_0_constr.xdc, line 171).
Applied set_property SHREG_EXTRACT = NO for inst/i_transfer/i_reset_manager/\reset_gen[2].reset_async_reg . (constraint file  d:/projects/adi_hdl/projects/fmcomms2/kcu105/fmcomms2_kcu105.gen/sources_1/bd/system/ip/system_axi_ad9361_adc_dma_0/system_axi_ad9361_adc_dma_0_constr.xdc, line 171).
Applied set_property SHREG_EXTRACT = NO for inst/i_transfer/i_reset_manager/\reset_gen[2].reset_async_reg . (constraint file  d:/projects/adi_hdl/projects/fmcomms2/kcu105/fmcomms2_kcu105.gen/sources_1/bd/system/ip/system_axi_ad9361_adc_dma_0/system_axi_ad9361_adc_dma_0_constr.xdc, line 171).
Applied set_property SHREG_EXTRACT = NO for inst/i_transfer/i_reset_manager/\reset_gen[2].reset_async_reg . (constraint file  d:/projects/adi_hdl/projects/fmcomms2/kcu105/fmcomms2_kcu105.gen/sources_1/bd/system/ip/system_axi_ad9361_adc_dma_0/system_axi_ad9361_adc_dma_0_constr.xdc, line 171).
Applied set_property SHREG_EXTRACT = NO for inst/i_transfer/i_reset_manager/\reset_gen[2].reset_async_reg . (constraint file  d:/projects/adi_hdl/projects/fmcomms2/kcu105/fmcomms2_kcu105.gen/sources_1/bd/system/ip/system_axi_ad9361_adc_dma_0/system_axi_ad9361_adc_dma_0_constr.xdc, line 171).
Applied set_property ASYNC_REG = true for inst/i_transfer/i_reset_manager/\reset_gen[0].reset_async_reg . (constraint file  d:/projects/adi_hdl/projects/fmcomms2/kcu105/fmcomms2_kcu105.gen/sources_1/bd/system/ip/system_axi_ad9361_adc_dma_0/system_axi_ad9361_adc_dma_0_constr.xdc, line 171).
Applied set_property ASYNC_REG = true for inst/i_transfer/i_reset_manager/\reset_gen[0].reset_async_reg . (constraint file  d:/projects/adi_hdl/projects/fmcomms2/kcu105/fmcomms2_kcu105.gen/sources_1/bd/system/ip/system_axi_ad9361_adc_dma_0/system_axi_ad9361_adc_dma_0_constr.xdc, line 171).
Applied set_property ASYNC_REG = true for inst/i_transfer/i_reset_manager/\reset_gen[0].reset_async_reg . (constraint file  d:/projects/adi_hdl/projects/fmcomms2/kcu105/fmcomms2_kcu105.gen/sources_1/bd/system/ip/system_axi_ad9361_adc_dma_0/system_axi_ad9361_adc_dma_0_constr.xdc, line 171).
Applied set_property ASYNC_REG = true for inst/i_transfer/i_reset_manager/\reset_gen[0].reset_async_reg . (constraint file  d:/projects/adi_hdl/projects/fmcomms2/kcu105/fmcomms2_kcu105.gen/sources_1/bd/system/ip/system_axi_ad9361_adc_dma_0/system_axi_ad9361_adc_dma_0_constr.xdc, line 171).
Applied set_property ASYNC_REG = true for inst/i_transfer/i_reset_manager/\reset_gen[1].reset_async_reg . (constraint file  d:/projects/adi_hdl/projects/fmcomms2/kcu105/fmcomms2_kcu105.gen/sources_1/bd/system/ip/system_axi_ad9361_adc_dma_0/system_axi_ad9361_adc_dma_0_constr.xdc, line 171).
Applied set_property ASYNC_REG = true for inst/i_transfer/i_reset_manager/\reset_gen[1].reset_async_reg . (constraint file  d:/projects/adi_hdl/projects/fmcomms2/kcu105/fmcomms2_kcu105.gen/sources_1/bd/system/ip/system_axi_ad9361_adc_dma_0/system_axi_ad9361_adc_dma_0_constr.xdc, line 171).
Applied set_property ASYNC_REG = true for inst/i_transfer/i_reset_manager/\reset_gen[1].reset_async_reg . (constraint file  d:/projects/adi_hdl/projects/fmcomms2/kcu105/fmcomms2_kcu105.gen/sources_1/bd/system/ip/system_axi_ad9361_adc_dma_0/system_axi_ad9361_adc_dma_0_constr.xdc, line 171).
Applied set_property ASYNC_REG = true for inst/i_transfer/i_reset_manager/\reset_gen[1].reset_async_reg . (constraint file  d:/projects/adi_hdl/projects/fmcomms2/kcu105/fmcomms2_kcu105.gen/sources_1/bd/system/ip/system_axi_ad9361_adc_dma_0/system_axi_ad9361_adc_dma_0_constr.xdc, line 171).
Applied set_property ASYNC_REG = true for inst/i_transfer/i_reset_manager/\reset_gen[2].reset_async_reg . (constraint file  d:/projects/adi_hdl/projects/fmcomms2/kcu105/fmcomms2_kcu105.gen/sources_1/bd/system/ip/system_axi_ad9361_adc_dma_0/system_axi_ad9361_adc_dma_0_constr.xdc, line 171).
Applied set_property ASYNC_REG = true for inst/i_transfer/i_reset_manager/\reset_gen[2].reset_async_reg . (constraint file  d:/projects/adi_hdl/projects/fmcomms2/kcu105/fmcomms2_kcu105.gen/sources_1/bd/system/ip/system_axi_ad9361_adc_dma_0/system_axi_ad9361_adc_dma_0_constr.xdc, line 171).
Applied set_property ASYNC_REG = true for inst/i_transfer/i_reset_manager/\reset_gen[2].reset_async_reg . (constraint file  d:/projects/adi_hdl/projects/fmcomms2/kcu105/fmcomms2_kcu105.gen/sources_1/bd/system/ip/system_axi_ad9361_adc_dma_0/system_axi_ad9361_adc_dma_0_constr.xdc, line 171).
Applied set_property ASYNC_REG = true for inst/i_transfer/i_reset_manager/\reset_gen[2].reset_async_reg . (constraint file  d:/projects/adi_hdl/projects/fmcomms2/kcu105/fmcomms2_kcu105.gen/sources_1/bd/system/ip/system_axi_ad9361_adc_dma_0/system_axi_ad9361_adc_dma_0_constr.xdc, line 171).
Applied set_property SHREG_EXTRACT = NO for inst/i_transfer/i_reset_manager/\reset_gen[0].reset_sync_reg . (constraint file  d:/projects/adi_hdl/projects/fmcomms2/kcu105/fmcomms2_kcu105.gen/sources_1/bd/system/ip/system_axi_ad9361_adc_dma_0/system_axi_ad9361_adc_dma_0_constr.xdc, line 176).
Applied set_property SHREG_EXTRACT = NO for inst/i_transfer/i_reset_manager/\reset_gen[0].reset_sync_reg . (constraint file  d:/projects/adi_hdl/projects/fmcomms2/kcu105/fmcomms2_kcu105.gen/sources_1/bd/system/ip/system_axi_ad9361_adc_dma_0/system_axi_ad9361_adc_dma_0_constr.xdc, line 176).
Applied set_property SHREG_EXTRACT = NO for inst/i_transfer/i_reset_manager/\reset_gen[1].reset_sync_reg . (constraint file  d:/projects/adi_hdl/projects/fmcomms2/kcu105/fmcomms2_kcu105.gen/sources_1/bd/system/ip/system_axi_ad9361_adc_dma_0/system_axi_ad9361_adc_dma_0_constr.xdc, line 176).
Applied set_property SHREG_EXTRACT = NO for inst/i_transfer/i_reset_manager/\reset_gen[1].reset_sync_reg . (constraint file  d:/projects/adi_hdl/projects/fmcomms2/kcu105/fmcomms2_kcu105.gen/sources_1/bd/system/ip/system_axi_ad9361_adc_dma_0/system_axi_ad9361_adc_dma_0_constr.xdc, line 176).
Applied set_property SHREG_EXTRACT = NO for inst/i_transfer/i_reset_manager/\reset_gen[2].reset_sync_reg . (constraint file  d:/projects/adi_hdl/projects/fmcomms2/kcu105/fmcomms2_kcu105.gen/sources_1/bd/system/ip/system_axi_ad9361_adc_dma_0/system_axi_ad9361_adc_dma_0_constr.xdc, line 176).
Applied set_property SHREG_EXTRACT = NO for inst/i_transfer/i_reset_manager/\reset_gen[2].reset_sync_reg . (constraint file  d:/projects/adi_hdl/projects/fmcomms2/kcu105/fmcomms2_kcu105.gen/sources_1/bd/system/ip/system_axi_ad9361_adc_dma_0/system_axi_ad9361_adc_dma_0_constr.xdc, line 176).
Applied set_property ASYNC_REG = true for inst/i_transfer/i_reset_manager/\reset_gen[0].reset_sync_reg . (constraint file  d:/projects/adi_hdl/projects/fmcomms2/kcu105/fmcomms2_kcu105.gen/sources_1/bd/system/ip/system_axi_ad9361_adc_dma_0/system_axi_ad9361_adc_dma_0_constr.xdc, line 176).
Applied set_property ASYNC_REG = true for inst/i_transfer/i_reset_manager/\reset_gen[0].reset_sync_reg . (constraint file  d:/projects/adi_hdl/projects/fmcomms2/kcu105/fmcomms2_kcu105.gen/sources_1/bd/system/ip/system_axi_ad9361_adc_dma_0/system_axi_ad9361_adc_dma_0_constr.xdc, line 176).
Applied set_property ASYNC_REG = true for inst/i_transfer/i_reset_manager/\reset_gen[1].reset_sync_reg . (constraint file  d:/projects/adi_hdl/projects/fmcomms2/kcu105/fmcomms2_kcu105.gen/sources_1/bd/system/ip/system_axi_ad9361_adc_dma_0/system_axi_ad9361_adc_dma_0_constr.xdc, line 176).
Applied set_property ASYNC_REG = true for inst/i_transfer/i_reset_manager/\reset_gen[1].reset_sync_reg . (constraint file  d:/projects/adi_hdl/projects/fmcomms2/kcu105/fmcomms2_kcu105.gen/sources_1/bd/system/ip/system_axi_ad9361_adc_dma_0/system_axi_ad9361_adc_dma_0_constr.xdc, line 176).
Applied set_property ASYNC_REG = true for inst/i_transfer/i_reset_manager/\reset_gen[2].reset_sync_reg . (constraint file  d:/projects/adi_hdl/projects/fmcomms2/kcu105/fmcomms2_kcu105.gen/sources_1/bd/system/ip/system_axi_ad9361_adc_dma_0/system_axi_ad9361_adc_dma_0_constr.xdc, line 176).
Applied set_property ASYNC_REG = true for inst/i_transfer/i_reset_manager/\reset_gen[2].reset_sync_reg . (constraint file  d:/projects/adi_hdl/projects/fmcomms2/kcu105/fmcomms2_kcu105.gen/sources_1/bd/system/ip/system_axi_ad9361_adc_dma_0/system_axi_ad9361_adc_dma_0_constr.xdc, line 176).
---------------------------------------------------------------------------------
Finished applying 'set_property' XDC Constraints : Time (s): cpu = 00:00:18 ; elapsed = 00:00:19 . Memory (MB): peak = 1435.230 ; gain = 283.879
---------------------------------------------------------------------------------
INFO: [Synth 8-802] inferred FSM for state register 'state_reg' in module 'axi_dmac_reset_manager'
INFO: [Synth 8-802] inferred FSM for state register 'state_reg' in module 'dmac_request_generator'
INFO: [Synth 8-802] inferred FSM for state register 'state_reg' in module 'axi_dmac_response_manager'
INFO: [Synth 8-6904] The RAM "util_axis_fifo:/fifo.sync_clocks.ram_reg" of size (depth=4 x width=26) is automatically implemented using LUTRAM. BRAM implementation would be inefficient 
---------------------------------------------------------------------------------------------------
                   State |                     New Encoding |                Previous Encoding 
---------------------------------------------------------------------------------------------------
          STATE_DO_RESET |                           000001 |                              000
             STATE_RESET |                           000010 |                              001
          STATE_DISABLED |                           000100 |                              010
           STATE_STARTUP |                           001000 |                              011
           STATE_ENABLED |                           010000 |                              100
          STATE_SHUTDOWN |                           100000 |                              101
---------------------------------------------------------------------------------------------------
INFO: [Synth 8-3354] encoded FSM with state register 'state_reg' using encoding 'one-hot' in module 'axi_dmac_reset_manager'
INFO: [Synth 8-6904] The RAM "axi_dmac_burst_memory:/burst_len_mem_reg" of size (depth=8 x width=5) is automatically implemented using LUTRAM. BRAM implementation would be inefficient 
---------------------------------------------------------------------------------------------------
                   State |                     New Encoding |                Previous Encoding 
---------------------------------------------------------------------------------------------------
              STATE_IDLE |                              000 |                              000
            STATE_GEN_ID |                              001 |                              001
         STATE_REWIND_ID |                              010 |                              010
           STATE_CONSUME |                              011 |                              011
         STATE_WAIT_LAST |                              100 |                              100
---------------------------------------------------------------------------------------------------
INFO: [Synth 8-3354] encoded FSM with state register 'state_reg' using encoding 'sequential' in module 'dmac_request_generator'
---------------------------------------------------------------------------------------------------
                   State |                     New Encoding |                Previous Encoding 
---------------------------------------------------------------------------------------------------
              STATE_IDLE |                              000 |                              000
               STATE_ACC |                              001 |                              001
       STATE_WRITE_RESPR |                              010 |                              010
        STATE_ZERO_COMPL |                              011 |                              011
      STATE_WRITE_ZRCMPL |                              100 |                              100
---------------------------------------------------------------------------------------------------
INFO: [Synth 8-3354] encoded FSM with state register 'state_reg' using encoding 'sequential' in module 'axi_dmac_response_manager'
---------------------------------------------------------------------------------
Finished RTL Optimization Phase 2 : Time (s): cpu = 00:00:21 ; elapsed = 00:00:22 . Memory (MB): peak = 1435.230 ; gain = 283.879
---------------------------------------------------------------------------------
---------------------------------------------------------------------------------
Start RTL Component Statistics 
---------------------------------------------------------------------------------
Detailed RTL Component Info : 
+---Adders : 
	   3 Input   24 Bit       Adders := 1     
	   2 Input   17 Bit       Adders := 1     
	   2 Input    5 Bit       Adders := 2     
	   2 Input    4 Bit       Adders := 10    
	   2 Input    3 Bit       Adders := 2     
	   3 Input    3 Bit       Adders := 1     
	   2 Input    2 Bit       Adders := 4     
	   2 Input    1 Bit       Adders := 6     
+---XORs : 
	   2 Input      1 Bit         XORs := 43    
+---XORs : 
	                2 Bit    Wide XORs := 2     
+---Registers : 
	               67 Bit    Registers := 1     
	               64 Bit    Registers := 1     
	               32 Bit    Registers := 5     
	               30 Bit    Registers := 1     
	               29 Bit    Registers := 3     
	               26 Bit    Registers := 1     
	               24 Bit    Registers := 2     
	               17 Bit    Registers := 2     
	                9 Bit    Registers := 3     
	                8 Bit    Registers := 3     
	                7 Bit    Registers := 2     
	                5 Bit    Registers := 2     
	                4 Bit    Registers := 27    
	                3 Bit    Registers := 3     
	                2 Bit    Registers := 11    
	                1 Bit    Registers := 97    
+---RAMs : 
	               8K Bit	(128 X 64 bit)          RAMs := 1     
	              104 Bit	(4 X 26 bit)          RAMs := 1     
	               40 Bit	(8 X 5 bit)          RAMs := 1     
+---Muxes : 
	  16 Input   32 Bit        Muxes := 1     
	   2 Input   32 Bit        Muxes := 3     
	  15 Input   32 Bit        Muxes := 1     
	   6 Input   21 Bit        Muxes := 1     
	   3 Input   17 Bit        Muxes := 1     
	   2 Input    8 Bit        Muxes := 1     
	   6 Input    6 Bit        Muxes := 1     
	   2 Input    6 Bit        Muxes := 1     
	   2 Input    5 Bit        Muxes := 4     
	   2 Input    4 Bit        Muxes := 8     
	  15 Input    4 Bit        Muxes := 1     
	   7 Input    3 Bit        Muxes := 1     
	   2 Input    3 Bit        Muxes := 49    
	   5 Input    3 Bit        Muxes := 9     
	   2 Input    2 Bit        Muxes := 5     
	   3 Input    2 Bit        Muxes := 2     
	   2 Input    1 Bit        Muxes := 69    
	   5 Input    1 Bit        Muxes := 4     
	   4 Input    1 Bit        Muxes := 3     
	   6 Input    1 Bit        Muxes := 1     
	   3 Input    1 Bit        Muxes := 1     
---------------------------------------------------------------------------------
Finished RTL Component Statistics 
---------------------------------------------------------------------------------
---------------------------------------------------------------------------------
Start Part Resource Summary
---------------------------------------------------------------------------------
Part Resources:
DSPs: 1920 (col length:120)
BRAMs: 1200 (col length: RAMB18 120 RAMB36 60)
---------------------------------------------------------------------------------
Finished Part Resource Summary
---------------------------------------------------------------------------------
---------------------------------------------------------------------------------
Start Cross Boundary and Area Optimization
---------------------------------------------------------------------------------
INFO: [Synth 8-6904] The RAM "inst/i_transfer/i_request_arb/eot_mem_dest_reg" of size (depth=16 x width=1) is automatically implemented using LUTRAM. BRAM implementation would be inefficient 
INFO: [Synth 8-6904] The RAM "inst/i_transfer/i_request_arb/i_store_and_forward/burst_len_mem_reg" of size (depth=8 x width=5) is automatically implemented using LUTRAM. BRAM implementation would be inefficient 
INFO: [Synth 8-6904] The RAM "inst/i_regmap/i_regmap_request/i_transfer_lenghts_fifo/fifo.sync_clocks.ram_reg" of size (depth=4 x width=26) is automatically implemented using LUTRAM. BRAM implementation would be inefficient 
INFO: [Synth 8-6904] The RAM "inst/i_transfer/i_request_arb/eot_mem_dest_reg" of size (depth=16 x width=1) is automatically implemented using LUTRAM. BRAM implementation would be inefficient 
INFO: [Synth 8-6904] The RAM "inst/i_regmap/i_regmap_request/i_transfer_lenghts_fifo/fifo.sync_clocks.ram_reg" of size (depth=4 x width=26) is automatically implemented using LUTRAM. BRAM implementation would be inefficient 
---------------------------------------------------------------------------------
Finished Cross Boundary and Area Optimization : Time (s): cpu = 00:00:28 ; elapsed = 00:00:29 . Memory (MB): peak = 1435.230 ; gain = 283.879
---------------------------------------------------------------------------------
---------------------------------------------------------------------------------
Start ROM, RAM, DSP, Shift Register and Retiming Reporting
---------------------------------------------------------------------------------

Block RAM: Preliminary Mapping Report (see note below)
+------------+--------------------------------------------------------------+------------------------+---+---+------------------------+---+---+------------------+--------+--------+-----------------+
|Module Name | RTL Object                                                   | PORT A (Depth x Width) | W | R | PORT B (Depth x Width) | W | R | Ports driving FF | RAMB18 | RAMB36 | Cascade Heights | 
+------------+--------------------------------------------------------------+------------------------+---+---+------------------------+---+---+------------------+--------+--------+-----------------+
|inst        | i_transfer/i_request_arb/i_store_and_forward/i_mem/m_ram_reg | 128 x 64(NO_CHANGE)    | W |   | 128 x 64(WRITE_FIRST)  |   | R | Port A and B     | 0      | 1      |                 | 
+------------+--------------------------------------------------------------+------------------------+---+---+------------------------+---+---+------------------+--------+--------+-----------------+

Note: The table above is a preliminary report that shows the Block RAMs at the current stage of the synthesis flow. Some Block RAMs may be reimplemented as non Block RAM primitives later in the synthesis flow. Multiple instantiated Block RAMs are reported only once. 

Distributed RAM: Preliminary Mapping Report (see note below)
+------------+----------------------------------------------------------------------------+-----------+----------------------+---------------+
|Module Name | RTL Object                                                                 | Inference | Size (Depth x Width) | Primitives    | 
+------------+----------------------------------------------------------------------------+-----------+----------------------+---------------+
|inst        | i_transfer/i_request_arb/eot_mem_src_reg                                   | Implied   | 16 x 1               | RAM16X1D x 1  | 
|inst        | i_transfer/i_request_arb/eot_mem_dest_reg                                  | Implied   | 16 x 1               | RAM16X1D x 2  | 
|inst        | i_transfer/i_request_arb/i_store_and_forward/burst_len_mem_reg             | Implied   | 8 x 4                | RAM32M16 x 1  | 
|inst        | i_transfer/i_request_arb/i_dest_dma_mm/bl_mem_reg                          | Implied   | 16 x 8               | RAM32M16 x 1  | 
|inst        | i_regmap/i_regmap_request/i_transfer_lenghts_fifo/fifo.sync_clocks.ram_reg | Implied   | 4 x 26               | RAM32M16 x 2  | 
+------------+----------------------------------------------------------------------------+-----------+----------------------+---------------+

Note: The table above is a preliminary report that shows the Distributed RAMs at the current stage of the synthesis flow. Some Distributed RAMs may be reimplemented as non Distributed RAM primitives later in the synthesis flow. Multiple instantiated RAMs are reported only once.
---------------------------------------------------------------------------------
Finished ROM, RAM, DSP, Shift Register and Retiming Reporting
---------------------------------------------------------------------------------
---------------------------------------------------------------------------------
Start Applying XDC Timing Constraints
---------------------------------------------------------------------------------
---------------------------------------------------------------------------------
Finished Applying XDC Timing Constraints : Time (s): cpu = 00:00:39 ; elapsed = 00:00:41 . Memory (MB): peak = 1541.035 ; gain = 389.684
---------------------------------------------------------------------------------
---------------------------------------------------------------------------------
Start Timing Optimization
---------------------------------------------------------------------------------
---------------------------------------------------------------------------------
Finished Timing Optimization : Time (s): cpu = 00:00:39 ; elapsed = 00:00:41 . Memory (MB): peak = 1542.523 ; gain = 391.172
---------------------------------------------------------------------------------
---------------------------------------------------------------------------------
Start ROM, RAM, DSP, Shift Register and Retiming Reporting
---------------------------------------------------------------------------------

Block RAM: Final Mapping Report
+------------+--------------------------------------------------------------+------------------------+---+---+------------------------+---+---+------------------+--------+--------+-----------------+
|Module Name | RTL Object                                                   | PORT A (Depth x Width) | W | R | PORT B (Depth x Width) | W | R | Ports driving FF | RAMB18 | RAMB36 | Cascade Heights | 
+------------+--------------------------------------------------------------+------------------------+---+---+------------------------+---+---+------------------+--------+--------+-----------------+
|inst        | i_transfer/i_request_arb/i_store_and_forward/i_mem/m_ram_reg | 128 x 64(NO_CHANGE)    | W |   | 128 x 64(WRITE_FIRST)  |   | R | Port A and B     | 0      | 1      |                 | 
+------------+--------------------------------------------------------------+------------------------+---+---+------------------------+---+---+------------------+--------+--------+-----------------+


Distributed RAM: Final Mapping Report
+------------+----------------------------------------------------------------------------+-----------+----------------------+---------------+
|Module Name | RTL Object                                                                 | Inference | Size (Depth x Width) | Primitives    | 
+------------+----------------------------------------------------------------------------+-----------+----------------------+---------------+
|inst        | i_transfer/i_request_arb/eot_mem_src_reg                                   | Implied   | 16 x 1               | RAM16X1D x 1  | 
|inst        | i_transfer/i_request_arb/eot_mem_dest_reg                                  | Implied   | 16 x 1               | RAM16X1D x 2  | 
|inst        | i_transfer/i_request_arb/i_store_and_forward/burst_len_mem_reg             | Implied   | 8 x 4                | RAM32M16 x 1  | 
|inst        | i_transfer/i_request_arb/i_dest_dma_mm/bl_mem_reg                          | Implied   | 16 x 8               | RAM32M16 x 1  | 
|inst        | i_regmap/i_regmap_request/i_transfer_lenghts_fifo/fifo.sync_clocks.ram_reg | Implied   | 4 x 26               | RAM32M16 x 2  | 
+------------+----------------------------------------------------------------------------+-----------+----------------------+---------------+

---------------------------------------------------------------------------------
Finished ROM, RAM, DSP, Shift Register and Retiming Reporting
---------------------------------------------------------------------------------
---------------------------------------------------------------------------------
Start Technology Mapping
---------------------------------------------------------------------------------
INFO: [Synth 8-7052] The timing for the instance inst/i_transfer/i_request_arb/i_store_and_forward/i_mem/m_ram_reg (implemented as a Block RAM) might be sub-optimal as no optional output register could be merged into the ram block. Providing additional output register may help in improving timing.
---------------------------------------------------------------------------------
Finished Technology Mapping : Time (s): cpu = 00:00:39 ; elapsed = 00:00:41 . Memory (MB): peak = 1571.180 ; gain = 419.828
---------------------------------------------------------------------------------
---------------------------------------------------------------------------------
Start IO Insertion
---------------------------------------------------------------------------------
---------------------------------------------------------------------------------
Start Flattening Before IO Insertion
---------------------------------------------------------------------------------
---------------------------------------------------------------------------------
Finished Flattening Before IO Insertion
---------------------------------------------------------------------------------
---------------------------------------------------------------------------------
Start Final Netlist Cleanup
---------------------------------------------------------------------------------
---------------------------------------------------------------------------------
Finished Final Netlist Cleanup
---------------------------------------------------------------------------------
---------------------------------------------------------------------------------
Finished IO Insertion : Time (s): cpu = 00:00:44 ; elapsed = 00:00:47 . Memory (MB): peak = 1582.426 ; gain = 431.074
---------------------------------------------------------------------------------
---------------------------------------------------------------------------------
Start Renaming Generated Instances
---------------------------------------------------------------------------------
---------------------------------------------------------------------------------
Finished Renaming Generated Instances : Time (s): cpu = 00:00:45 ; elapsed = 00:00:47 . Memory (MB): peak = 1582.426 ; gain = 431.074
---------------------------------------------------------------------------------
---------------------------------------------------------------------------------
Start Rebuilding User Hierarchy
---------------------------------------------------------------------------------
---------------------------------------------------------------------------------
Finished Rebuilding User Hierarchy : Time (s): cpu = 00:00:45 ; elapsed = 00:00:47 . Memory (MB): peak = 1582.426 ; gain = 431.074
---------------------------------------------------------------------------------
---------------------------------------------------------------------------------
Start Renaming Generated Ports
---------------------------------------------------------------------------------
---------------------------------------------------------------------------------
Finished Renaming Generated Ports : Time (s): cpu = 00:00:45 ; elapsed = 00:00:47 . Memory (MB): peak = 1582.426 ; gain = 431.074
---------------------------------------------------------------------------------
---------------------------------------------------------------------------------
Start Handling Custom Attributes
---------------------------------------------------------------------------------
---------------------------------------------------------------------------------
Finished Handling Custom Attributes : Time (s): cpu = 00:00:45 ; elapsed = 00:00:47 . Memory (MB): peak = 1582.426 ; gain = 431.074
---------------------------------------------------------------------------------
---------------------------------------------------------------------------------
Start Renaming Generated Nets
---------------------------------------------------------------------------------
---------------------------------------------------------------------------------
Finished Renaming Generated Nets : Time (s): cpu = 00:00:45 ; elapsed = 00:00:47 . Memory (MB): peak = 1582.426 ; gain = 431.074
---------------------------------------------------------------------------------
---------------------------------------------------------------------------------
Start Writing Synthesis Report
---------------------------------------------------------------------------------

Report BlackBoxes: 
+-+--------------+----------+
| |BlackBox name |Instances |
+-+--------------+----------+
+-+--------------+----------+

Report Cell Usage: 
+------+---------+------+
|      |Cell     |Count |
+------+---------+------+
|1     |CARRY8   |     9|
|2     |LUT1     |    31|
|3     |LUT2     |   113|
|4     |LUT3     |    99|
|5     |LUT4     |    66|
|6     |LUT5     |    63|
|7     |LUT6     |   207|
|8     |RAM16X1D |     3|
|9     |RAM32M   |     1|
|10    |RAM32M16 |     3|
|11    |RAMB36E2 |     1|
|12    |FDPE     |    15|
|13    |FDRE     |   683|
|14    |FDSE     |    43|
+------+---------+------+
---------------------------------------------------------------------------------
Finished Writing Synthesis Report : Time (s): cpu = 00:00:45 ; elapsed = 00:00:47 . Memory (MB): peak = 1582.426 ; gain = 431.074
---------------------------------------------------------------------------------
Synthesis finished with 0 errors, 0 critical warnings and 0 warnings.
Synthesis Optimization Runtime : Time (s): cpu = 00:00:33 ; elapsed = 00:00:45 . Memory (MB): peak = 1582.426 ; gain = 330.016
Synthesis Optimization Complete : Time (s): cpu = 00:00:45 ; elapsed = 00:00:47 . Memory (MB): peak = 1582.426 ; gain = 431.074
INFO: [Project 1-571] Translating synthesized netlist
Netlist sorting complete. Time (s): cpu = 00:00:00 ; elapsed = 00:00:00.049 . Memory (MB): peak = 1594.465 ; gain = 0.000
INFO: [Netlist 29-17] Analyzing 16 Unisim elements for replacement
INFO: [Netlist 29-28] Unisim Transformation completed in 0 CPU seconds
INFO: [Project 1-570] Preparing netlist for logic optimization
INFO: [Opt 31-138] Pushed 0 inverter(s) to 0 load pin(s).
Netlist sorting complete. Time (s): cpu = 00:00:00 ; elapsed = 00:00:00 . Memory (MB): peak = 1611.730 ; gain = 0.000
INFO: [Project 1-111] Unisim Transformation Summary:
  A total of 7 instances were transformed.
  RAM16X1D => RAM32X1D (RAMD32(x2)): 3 instances
  RAM32M => RAM32M (RAMD32(x6), RAMS32(x2)): 1 instance 
  RAM32M16 => RAM32M16 (RAMD32(x14), RAMS32(x2)): 3 instances

Synth Design complete, checksum: 652afcd0
INFO: [Common 17-83] Releasing license: Synthesis
105 Infos, 47 Warnings, 0 Critical Warnings and 0 Errors encountered.
synth_design completed successfully
synth_design: Time (s): cpu = 00:00:56 ; elapsed = 00:00:58 . Memory (MB): peak = 1611.730 ; gain = 460.379
INFO: [Common 17-1381] The checkpoint 'D:/projects/adi_hdl/projects/fmcomms2/kcu105/fmcomms2_kcu105.runs/system_axi_ad9361_adc_dma_0_synth_1/system_axi_ad9361_adc_dma_0.dcp' has been generated.
INFO: [Coretcl 2-1648] Added synthesis output to IP cache for IP system_axi_ad9361_adc_dma_0, cache-ID = 8d260aa4f8fa45a8
INFO: [Coretcl 2-1174] Renamed 33 cell refs.
INFO: [Common 17-1381] The checkpoint 'D:/projects/adi_hdl/projects/fmcomms2/kcu105/fmcomms2_kcu105.runs/system_axi_ad9361_adc_dma_0_synth_1/system_axi_ad9361_adc_dma_0.dcp' has been generated.
INFO: [runtcl-4] Executing : report_utilization -file system_axi_ad9361_adc_dma_0_utilization_synth.rpt -pb system_axi_ad9361_adc_dma_0_utilization_synth.pb
INFO: [Common 17-206] Exiting Vivado at Tue Nov 30 22:58:29 2021...
